[ 2023-01-01 16:15:35,342 ] 24 root - INFO - Exporting collection data as pandas dataframe
[ 2023-01-01 16:15:35,342 ] 24 root - INFO - Reading data from database: aps and collection: sensor
[ 2023-01-01 16:15:41,285 ] 26 root - INFO - Found columns: Index(['_id', 'class', 'aa_000', 'ab_000', 'ac_000', 'ad_000', 'ae_000',
       'af_000', 'ag_000', 'ag_001',
       ...
       'ee_002', 'ee_003', 'ee_004', 'ee_005', 'ee_006', 'ee_007', 'ee_008',
       'ee_009', 'ef_000', 'eg_000'],
      dtype='object', length=172)
[ 2023-01-01 16:15:41,286 ] 28 root - INFO - Dropping column: _id 
[ 2023-01-01 16:15:41,488 ] 30 root - INFO - Row and columns in df: (36188, 171)
[ 2023-01-01 16:15:41,488 ] 30 root - INFO - Save data in feature store
[ 2023-01-01 16:15:42,015 ] 36 root - INFO - Create feature store folder if not available
[ 2023-01-01 16:15:42,015 ] 40 root - INFO - Save df to feature store folder
[ 2023-01-01 16:15:44,425 ] 45 root - INFO - split dataset into train and test set
[ 2023-01-01 16:15:44,955 ] 49 root - INFO - create dataset directory folder if not available
[ 2023-01-01 16:15:44,955 ] 54 root - INFO - Save df to feature store folder
[ 2023-01-01 16:15:47,093 ] 67 root - INFO - Data ingestion artifact: DataIngestionArtifact(feature_store_file_path='/config/workspace/artifact/01012023__161535/data_ingestion/feature_store/sensor.csv', train_file_path='/config/workspace/artifact/01012023__161535/data_ingestion/dataset/train.csv', test_file_path='/config/workspace/artifact/01012023__161535/data_ingestion/dataset/test.csv')
[ 2023-01-01 16:15:47,500 ] 22 root - INFO - >>>>>>>>>>>>>>>>>>>>>>>>>>>>>>>>>>>>>>>> Data Validation <<<<<<<<<<<<<<<<<<<<<<<<<<<<<<<<<<<<<<<<
[ 2023-01-01 16:15:47,500 ] 111 root - INFO - Reading base dataframe
[ 2023-01-01 16:15:50,303 ] 114 root - INFO - Replace na value in base df
[ 2023-01-01 16:15:50,303 ] 116 root - INFO - Drop null values colums from base df
[ 2023-01-01 16:15:51,230 ] 45 root - INFO - selecting column name which contains null above to 0.2
[ 2023-01-01 16:15:51,231 ] 48 root - INFO - Columns to drop: ['ab_000', 'ad_000', 'bk_000', 'bl_000', 'bm_000', 'bn_000', 'bo_000', 'bp_000', 'bq_000', 'br_000', 'cf_000', 'cg_000', 'ch_000', 'co_000', 'cr_000', 'ct_000', 'cu_000', 'cv_000', 'cx_000', 'cy_000', 'cz_000', 'da_000', 'db_000', 'dc_000']
[ 2023-01-01 16:15:51,311 ] 119 root - INFO - Reading train dataframe
[ 2023-01-01 16:15:51,706 ] 121 root - INFO - Reading test dataframe
[ 2023-01-01 16:15:51,808 ] 124 root - INFO - Drop null values colums from train df
[ 2023-01-01 16:15:51,819 ] 45 root - INFO - selecting column name which contains null above to 0.2
[ 2023-01-01 16:15:51,820 ] 48 root - INFO - Columns to drop: ['ab_000', 'ad_000', 'bk_000', 'bl_000', 'bm_000', 'bn_000', 'bo_000', 'bp_000', 'bq_000', 'br_000', 'cf_000', 'cg_000', 'ch_000', 'co_000', 'cr_000', 'ct_000', 'cu_000', 'cv_000', 'cx_000', 'cy_000', 'cz_000', 'da_000', 'db_000', 'dc_000']
[ 2023-01-01 16:15:51,832 ] 126 root - INFO - Drop null values colums from test df
[ 2023-01-01 16:15:51,836 ] 45 root - INFO - selecting column name which contains null above to 0.2
[ 2023-01-01 16:15:51,836 ] 48 root - INFO - Columns to drop: ['ab_000', 'ad_000', 'bk_000', 'bl_000', 'bm_000', 'bn_000', 'bo_000', 'bp_000', 'bq_000', 'br_000', 'cf_000', 'cg_000', 'ch_000', 'co_000', 'cr_000', 'ct_000', 'cu_000', 'cv_000', 'cx_000', 'cy_000', 'cz_000', 'da_000', 'db_000', 'dc_000']
[ 2023-01-01 16:15:57,796 ] 135 root - INFO - Is all required columns present in train df
[ 2023-01-01 16:15:57,797 ] 137 root - INFO - Is all required columns present in test df
[ 2023-01-01 16:15:57,797 ] 141 root - INFO - As all column are available in train df hence detecting data drift
[ 2023-01-01 16:15:57,797 ] 89 root - INFO - Hypothesis class: object, object 
[ 2023-01-01 16:15:57,929 ] 89 root - INFO - Hypothesis aa_000: float64, float64 
[ 2023-01-01 16:15:57,939 ] 89 root - INFO - Hypothesis ac_000: float64, float64 
[ 2023-01-01 16:15:57,947 ] 89 root - INFO - Hypothesis ae_000: float64, float64 
[ 2023-01-01 16:15:57,982 ] 89 root - INFO - Hypothesis af_000: float64, float64 
[ 2023-01-01 16:15:58,018 ] 89 root - INFO - Hypothesis ag_000: float64, float64 
[ 2023-01-01 16:15:58,053 ] 89 root - INFO - Hypothesis ag_001: float64, float64 
[ 2023-01-01 16:15:58,088 ] 89 root - INFO - Hypothesis ag_002: float64, float64 
[ 2023-01-01 16:15:58,123 ] 89 root - INFO - Hypothesis ag_003: float64, float64 
[ 2023-01-01 16:15:58,160 ] 89 root - INFO - Hypothesis ag_004: float64, float64 
[ 2023-01-01 16:15:58,170 ] 89 root - INFO - Hypothesis ag_005: float64, float64 
[ 2023-01-01 16:15:58,181 ] 89 root - INFO - Hypothesis ag_006: float64, float64 
[ 2023-01-01 16:15:58,192 ] 89 root - INFO - Hypothesis ag_007: float64, float64 
[ 2023-01-01 16:15:58,201 ] 89 root - INFO - Hypothesis ag_008: float64, float64 
[ 2023-01-01 16:15:58,210 ] 89 root - INFO - Hypothesis ag_009: float64, float64 
[ 2023-01-01 16:15:58,248 ] 89 root - INFO - Hypothesis ah_000: float64, float64 
[ 2023-01-01 16:15:58,291 ] 89 root - INFO - Hypothesis ai_000: float64, float64 
[ 2023-01-01 16:15:58,327 ] 89 root - INFO - Hypothesis aj_000: float64, float64 
[ 2023-01-01 16:15:58,366 ] 89 root - INFO - Hypothesis ak_000: float64, float64 
[ 2023-01-01 16:15:58,401 ] 89 root - INFO - Hypothesis al_000: float64, float64 
[ 2023-01-01 16:15:58,440 ] 89 root - INFO - Hypothesis am_0: float64, float64 
[ 2023-01-01 16:15:58,479 ] 89 root - INFO - Hypothesis an_000: float64, float64 
[ 2023-01-01 16:15:58,521 ] 89 root - INFO - Hypothesis ao_000: float64, float64 
[ 2023-01-01 16:15:58,562 ] 89 root - INFO - Hypothesis ap_000: float64, float64 
[ 2023-01-01 16:15:58,573 ] 89 root - INFO - Hypothesis aq_000: float64, float64 
[ 2023-01-01 16:15:58,615 ] 89 root - INFO - Hypothesis ar_000: float64, float64 
[ 2023-01-01 16:15:58,651 ] 89 root - INFO - Hypothesis as_000: float64, float64 
[ 2023-01-01 16:15:58,686 ] 89 root - INFO - Hypothesis at_000: float64, float64 
[ 2023-01-01 16:15:58,723 ] 89 root - INFO - Hypothesis au_000: float64, float64 
[ 2023-01-01 16:15:58,758 ] 89 root - INFO - Hypothesis av_000: float64, float64 
[ 2023-01-01 16:15:58,798 ] 89 root - INFO - Hypothesis ax_000: float64, float64 
[ 2023-01-01 16:15:58,836 ] 89 root - INFO - Hypothesis ay_000: float64, float64 
[ 2023-01-01 16:15:58,871 ] 89 root - INFO - Hypothesis ay_001: float64, float64 
[ 2023-01-01 16:15:58,908 ] 89 root - INFO - Hypothesis ay_002: float64, float64 
[ 2023-01-01 16:15:58,943 ] 89 root - INFO - Hypothesis ay_003: float64, float64 
[ 2023-01-01 16:15:58,979 ] 89 root - INFO - Hypothesis ay_004: float64, float64 
[ 2023-01-01 16:15:59,014 ] 89 root - INFO - Hypothesis ay_005: float64, float64 
[ 2023-01-01 16:15:59,054 ] 89 root - INFO - Hypothesis ay_006: float64, float64 
[ 2023-01-01 16:15:59,063 ] 89 root - INFO - Hypothesis ay_007: float64, float64 
[ 2023-01-01 16:15:59,105 ] 89 root - INFO - Hypothesis ay_008: float64, float64 
[ 2023-01-01 16:15:59,115 ] 89 root - INFO - Hypothesis ay_009: float64, float64 
[ 2023-01-01 16:15:59,150 ] 89 root - INFO - Hypothesis az_000: float64, float64 
[ 2023-01-01 16:15:59,191 ] 89 root - INFO - Hypothesis az_001: float64, float64 
[ 2023-01-01 16:15:59,201 ] 89 root - INFO - Hypothesis az_002: float64, float64 
[ 2023-01-01 16:15:59,241 ] 89 root - INFO - Hypothesis az_003: float64, float64 
[ 2023-01-01 16:15:59,282 ] 89 root - INFO - Hypothesis az_004: float64, float64 
[ 2023-01-01 16:15:59,293 ] 89 root - INFO - Hypothesis az_005: float64, float64 
[ 2023-01-01 16:15:59,303 ] 89 root - INFO - Hypothesis az_006: float64, float64 
[ 2023-01-01 16:15:59,344 ] 89 root - INFO - Hypothesis az_007: float64, float64 
[ 2023-01-01 16:15:59,382 ] 89 root - INFO - Hypothesis az_008: float64, float64 
[ 2023-01-01 16:15:59,418 ] 89 root - INFO - Hypothesis az_009: float64, float64 
[ 2023-01-01 16:15:59,458 ] 89 root - INFO - Hypothesis ba_000: float64, float64 
[ 2023-01-01 16:15:59,468 ] 89 root - INFO - Hypothesis ba_001: float64, float64 
[ 2023-01-01 16:15:59,479 ] 89 root - INFO - Hypothesis ba_002: float64, float64 
[ 2023-01-01 16:15:59,489 ] 89 root - INFO - Hypothesis ba_003: float64, float64 
[ 2023-01-01 16:15:59,531 ] 89 root - INFO - Hypothesis ba_004: float64, float64 
[ 2023-01-01 16:15:59,541 ] 89 root - INFO - Hypothesis ba_005: float64, float64 
[ 2023-01-01 16:15:59,551 ] 89 root - INFO - Hypothesis ba_006: float64, float64 
[ 2023-01-01 16:15:59,561 ] 89 root - INFO - Hypothesis ba_007: float64, float64 
[ 2023-01-01 16:15:59,570 ] 89 root - INFO - Hypothesis ba_008: float64, float64 
[ 2023-01-01 16:15:59,578 ] 89 root - INFO - Hypothesis ba_009: float64, float64 
[ 2023-01-01 16:15:59,584 ] 89 root - INFO - Hypothesis bb_000: float64, float64 
[ 2023-01-01 16:15:59,626 ] 89 root - INFO - Hypothesis bc_000: float64, float64 
[ 2023-01-01 16:15:59,634 ] 89 root - INFO - Hypothesis bd_000: float64, float64 
[ 2023-01-01 16:15:59,643 ] 89 root - INFO - Hypothesis be_000: float64, float64 
[ 2023-01-01 16:15:59,651 ] 89 root - INFO - Hypothesis bf_000: float64, float64 
[ 2023-01-01 16:15:59,689 ] 89 root - INFO - Hypothesis bg_000: float64, float64 
[ 2023-01-01 16:15:59,732 ] 89 root - INFO - Hypothesis bh_000: float64, float64 
[ 2023-01-01 16:15:59,774 ] 89 root - INFO - Hypothesis bi_000: float64, float64 
[ 2023-01-01 16:15:59,816 ] 89 root - INFO - Hypothesis bj_000: float64, float64 
[ 2023-01-01 16:15:59,858 ] 89 root - INFO - Hypothesis bs_000: float64, float64 
[ 2023-01-01 16:15:59,901 ] 89 root - INFO - Hypothesis bt_000: float64, float64 
[ 2023-01-01 16:15:59,911 ] 89 root - INFO - Hypothesis bu_000: float64, float64 
[ 2023-01-01 16:15:59,952 ] 89 root - INFO - Hypothesis bv_000: float64, float64 
[ 2023-01-01 16:15:59,993 ] 89 root - INFO - Hypothesis bx_000: float64, float64 
[ 2023-01-01 16:16:00,036 ] 89 root - INFO - Hypothesis by_000: float64, float64 
[ 2023-01-01 16:16:00,046 ] 89 root - INFO - Hypothesis bz_000: float64, float64 
[ 2023-01-01 16:16:00,055 ] 89 root - INFO - Hypothesis ca_000: float64, float64 
[ 2023-01-01 16:16:00,098 ] 89 root - INFO - Hypothesis cb_000: float64, float64 
[ 2023-01-01 16:16:00,140 ] 89 root - INFO - Hypothesis cc_000: float64, float64 
[ 2023-01-01 16:16:00,182 ] 89 root - INFO - Hypothesis cd_000: float64, float64 
[ 2023-01-01 16:16:00,219 ] 89 root - INFO - Hypothesis ce_000: float64, float64 
[ 2023-01-01 16:16:00,260 ] 89 root - INFO - Hypothesis ci_000: float64, float64 
[ 2023-01-01 16:16:00,304 ] 89 root - INFO - Hypothesis cj_000: float64, float64 
[ 2023-01-01 16:16:00,343 ] 89 root - INFO - Hypothesis ck_000: float64, float64 
[ 2023-01-01 16:16:00,354 ] 89 root - INFO - Hypothesis cl_000: float64, float64 
[ 2023-01-01 16:16:00,395 ] 89 root - INFO - Hypothesis cm_000: float64, float64 
[ 2023-01-01 16:16:00,434 ] 89 root - INFO - Hypothesis cn_000: float64, float64 
[ 2023-01-01 16:16:00,470 ] 89 root - INFO - Hypothesis cn_001: float64, float64 
[ 2023-01-01 16:16:00,506 ] 89 root - INFO - Hypothesis cn_002: float64, float64 
[ 2023-01-01 16:16:00,545 ] 89 root - INFO - Hypothesis cn_003: float64, float64 
[ 2023-01-01 16:16:00,556 ] 89 root - INFO - Hypothesis cn_004: float64, float64 
[ 2023-01-01 16:16:00,566 ] 89 root - INFO - Hypothesis cn_005: float64, float64 
[ 2023-01-01 16:16:00,577 ] 89 root - INFO - Hypothesis cn_006: float64, float64 
[ 2023-01-01 16:16:00,587 ] 89 root - INFO - Hypothesis cn_007: float64, float64 
[ 2023-01-01 16:16:00,596 ] 89 root - INFO - Hypothesis cn_008: float64, float64 
[ 2023-01-01 16:16:00,605 ] 89 root - INFO - Hypothesis cn_009: float64, float64 
[ 2023-01-01 16:16:00,612 ] 89 root - INFO - Hypothesis cp_000: float64, float64 
[ 2023-01-01 16:16:00,652 ] 89 root - INFO - Hypothesis cq_000: float64, float64 
[ 2023-01-01 16:16:00,694 ] 89 root - INFO - Hypothesis cs_000: float64, float64 
[ 2023-01-01 16:16:00,734 ] 89 root - INFO - Hypothesis cs_001: float64, float64 
[ 2023-01-01 16:16:00,743 ] 89 root - INFO - Hypothesis cs_002: float64, float64 
[ 2023-01-01 16:16:00,753 ] 89 root - INFO - Hypothesis cs_003: float64, float64 
[ 2023-01-01 16:16:00,763 ] 89 root - INFO - Hypothesis cs_004: float64, float64 
[ 2023-01-01 16:16:00,773 ] 89 root - INFO - Hypothesis cs_005: float64, float64 
[ 2023-01-01 16:16:00,783 ] 89 root - INFO - Hypothesis cs_006: float64, float64 
[ 2023-01-01 16:16:00,794 ] 89 root - INFO - Hypothesis cs_007: float64, float64 
[ 2023-01-01 16:16:00,804 ] 89 root - INFO - Hypothesis cs_008: float64, float64 
[ 2023-01-01 16:16:00,812 ] 89 root - INFO - Hypothesis cs_009: float64, float64 
[ 2023-01-01 16:16:00,847 ] 89 root - INFO - Hypothesis dd_000: float64, float64 
[ 2023-01-01 16:16:00,861 ] 89 root - INFO - Hypothesis de_000: float64, float64 
[ 2023-01-01 16:16:00,902 ] 89 root - INFO - Hypothesis df_000: float64, float64 
[ 2023-01-01 16:16:00,937 ] 89 root - INFO - Hypothesis dg_000: float64, float64 
[ 2023-01-01 16:16:00,975 ] 89 root - INFO - Hypothesis dh_000: float64, float64 
[ 2023-01-01 16:16:01,012 ] 89 root - INFO - Hypothesis di_000: float64, float64 
[ 2023-01-01 16:16:01,049 ] 89 root - INFO - Hypothesis dj_000: float64, float64 
[ 2023-01-01 16:16:01,084 ] 89 root - INFO - Hypothesis dk_000: float64, float64 
[ 2023-01-01 16:16:01,121 ] 89 root - INFO - Hypothesis dl_000: float64, float64 
[ 2023-01-01 16:16:01,156 ] 89 root - INFO - Hypothesis dm_000: float64, float64 
[ 2023-01-01 16:16:01,192 ] 89 root - INFO - Hypothesis dn_000: float64, float64 
[ 2023-01-01 16:16:01,234 ] 89 root - INFO - Hypothesis do_000: float64, float64 
[ 2023-01-01 16:16:01,243 ] 89 root - INFO - Hypothesis dp_000: float64, float64 
[ 2023-01-01 16:16:01,253 ] 89 root - INFO - Hypothesis dq_000: float64, float64 
[ 2023-01-01 16:16:01,291 ] 89 root - INFO - Hypothesis dr_000: float64, float64 
[ 2023-01-01 16:16:01,330 ] 89 root - INFO - Hypothesis ds_000: float64, float64 
[ 2023-01-01 16:16:01,340 ] 89 root - INFO - Hypothesis dt_000: float64, float64 
[ 2023-01-01 16:16:01,350 ] 89 root - INFO - Hypothesis du_000: float64, float64 
[ 2023-01-01 16:16:01,393 ] 89 root - INFO - Hypothesis dv_000: float64, float64 
[ 2023-01-01 16:16:01,435 ] 89 root - INFO - Hypothesis dx_000: float64, float64 
[ 2023-01-01 16:16:01,474 ] 89 root - INFO - Hypothesis dy_000: float64, float64 
[ 2023-01-01 16:16:01,512 ] 89 root - INFO - Hypothesis dz_000: float64, float64 
[ 2023-01-01 16:16:01,548 ] 89 root - INFO - Hypothesis ea_000: float64, float64 
[ 2023-01-01 16:16:01,584 ] 89 root - INFO - Hypothesis eb_000: float64, float64 
[ 2023-01-01 16:16:01,592 ] 89 root - INFO - Hypothesis ec_00: float64, float64 
[ 2023-01-01 16:16:01,602 ] 89 root - INFO - Hypothesis ed_000: float64, float64 
[ 2023-01-01 16:16:01,610 ] 89 root - INFO - Hypothesis ee_000: float64, float64 
[ 2023-01-01 16:16:01,621 ] 89 root - INFO - Hypothesis ee_001: float64, float64 
[ 2023-01-01 16:16:01,631 ] 89 root - INFO - Hypothesis ee_002: float64, float64 
[ 2023-01-01 16:16:01,642 ] 89 root - INFO - Hypothesis ee_003: float64, float64 
[ 2023-01-01 16:16:01,653 ] 89 root - INFO - Hypothesis ee_004: float64, float64 
[ 2023-01-01 16:16:01,663 ] 89 root - INFO - Hypothesis ee_005: float64, float64 
[ 2023-01-01 16:16:01,673 ] 89 root - INFO - Hypothesis ee_006: float64, float64 
[ 2023-01-01 16:16:01,683 ] 89 root - INFO - Hypothesis ee_007: float64, float64 
[ 2023-01-01 16:16:01,693 ] 89 root - INFO - Hypothesis ee_008: float64, float64 
[ 2023-01-01 16:16:01,702 ] 89 root - INFO - Hypothesis ee_009: float64, float64 
[ 2023-01-01 16:16:01,710 ] 89 root - INFO - Hypothesis ef_000: float64, float64 
[ 2023-01-01 16:16:01,746 ] 89 root - INFO - Hypothesis eg_000: float64, float64 
[ 2023-01-01 16:16:01,781 ] 144 root - INFO - As all column are available in test df hence detecting data drift
[ 2023-01-01 16:16:01,781 ] 89 root - INFO - Hypothesis class: object, object 
[ 2023-01-01 16:16:01,855 ] 89 root - INFO - Hypothesis aa_000: float64, float64 
[ 2023-01-01 16:16:01,862 ] 89 root - INFO - Hypothesis ac_000: float64, float64 
[ 2023-01-01 16:16:01,868 ] 89 root - INFO - Hypothesis ae_000: float64, float64 
[ 2023-01-01 16:16:01,883 ] 89 root - INFO - Hypothesis af_000: float64, float64 
[ 2023-01-01 16:16:01,898 ] 89 root - INFO - Hypothesis ag_000: float64, float64 
[ 2023-01-01 16:16:01,912 ] 89 root - INFO - Hypothesis ag_001: float64, float64 
[ 2023-01-01 16:16:01,927 ] 89 root - INFO - Hypothesis ag_002: float64, float64 
[ 2023-01-01 16:16:01,942 ] 89 root - INFO - Hypothesis ag_003: float64, float64 
[ 2023-01-01 16:16:01,946 ] 89 root - INFO - Hypothesis ag_004: float64, float64 
[ 2023-01-01 16:16:01,953 ] 89 root - INFO - Hypothesis ag_005: float64, float64 
[ 2023-01-01 16:16:01,960 ] 89 root - INFO - Hypothesis ag_006: float64, float64 
[ 2023-01-01 16:16:01,967 ] 89 root - INFO - Hypothesis ag_007: float64, float64 
[ 2023-01-01 16:16:01,973 ] 89 root - INFO - Hypothesis ag_008: float64, float64 
[ 2023-01-01 16:16:01,979 ] 89 root - INFO - Hypothesis ag_009: float64, float64 
[ 2023-01-01 16:16:01,984 ] 89 root - INFO - Hypothesis ah_000: float64, float64 
[ 2023-01-01 16:16:01,991 ] 89 root - INFO - Hypothesis ai_000: float64, float64 
[ 2023-01-01 16:16:02,008 ] 89 root - INFO - Hypothesis aj_000: float64, float64 
[ 2023-01-01 16:16:02,013 ] 89 root - INFO - Hypothesis ak_000: float64, float64 
[ 2023-01-01 16:16:02,027 ] 89 root - INFO - Hypothesis al_000: float64, float64 
[ 2023-01-01 16:16:02,032 ] 89 root - INFO - Hypothesis am_0: float64, float64 
[ 2023-01-01 16:16:02,049 ] 89 root - INFO - Hypothesis an_000: float64, float64 
[ 2023-01-01 16:16:02,056 ] 89 root - INFO - Hypothesis ao_000: float64, float64 
[ 2023-01-01 16:16:02,063 ] 89 root - INFO - Hypothesis ap_000: float64, float64 
[ 2023-01-01 16:16:02,070 ] 89 root - INFO - Hypothesis aq_000: float64, float64 
[ 2023-01-01 16:16:02,077 ] 89 root - INFO - Hypothesis ar_000: float64, float64 
[ 2023-01-01 16:16:02,093 ] 89 root - INFO - Hypothesis as_000: float64, float64 
[ 2023-01-01 16:16:02,107 ] 89 root - INFO - Hypothesis at_000: float64, float64 
[ 2023-01-01 16:16:02,111 ] 89 root - INFO - Hypothesis au_000: float64, float64 
[ 2023-01-01 16:16:02,126 ] 89 root - INFO - Hypothesis av_000: float64, float64 
[ 2023-01-01 16:16:02,131 ] 89 root - INFO - Hypothesis ax_000: float64, float64 
[ 2023-01-01 16:16:02,137 ] 89 root - INFO - Hypothesis ay_000: float64, float64 
[ 2023-01-01 16:16:02,152 ] 89 root - INFO - Hypothesis ay_001: float64, float64 
[ 2023-01-01 16:16:02,167 ] 89 root - INFO - Hypothesis ay_002: float64, float64 
[ 2023-01-01 16:16:02,182 ] 89 root - INFO - Hypothesis ay_003: float64, float64 
[ 2023-01-01 16:16:02,197 ] 89 root - INFO - Hypothesis ay_004: float64, float64 
[ 2023-01-01 16:16:02,212 ] 89 root - INFO - Hypothesis ay_005: float64, float64 
[ 2023-01-01 16:16:02,218 ] 89 root - INFO - Hypothesis ay_006: float64, float64 
[ 2023-01-01 16:16:02,224 ] 89 root - INFO - Hypothesis ay_007: float64, float64 
[ 2023-01-01 16:16:02,231 ] 89 root - INFO - Hypothesis ay_008: float64, float64 
[ 2023-01-01 16:16:02,238 ] 89 root - INFO - Hypothesis ay_009: float64, float64 
[ 2023-01-01 16:16:02,253 ] 89 root - INFO - Hypothesis az_000: float64, float64 
[ 2023-01-01 16:16:02,260 ] 89 root - INFO - Hypothesis az_001: float64, float64 
[ 2023-01-01 16:16:02,266 ] 89 root - INFO - Hypothesis az_002: float64, float64 
[ 2023-01-01 16:16:02,273 ] 89 root - INFO - Hypothesis az_003: float64, float64 
[ 2023-01-01 16:16:02,279 ] 89 root - INFO - Hypothesis az_004: float64, float64 
[ 2023-01-01 16:16:02,287 ] 89 root - INFO - Hypothesis az_005: float64, float64 
[ 2023-01-01 16:16:02,294 ] 89 root - INFO - Hypothesis az_006: float64, float64 
[ 2023-01-01 16:16:02,300 ] 89 root - INFO - Hypothesis az_007: float64, float64 
[ 2023-01-01 16:16:02,304 ] 89 root - INFO - Hypothesis az_008: float64, float64 
[ 2023-01-01 16:16:02,320 ] 89 root - INFO - Hypothesis az_009: float64, float64 
[ 2023-01-01 16:16:02,335 ] 89 root - INFO - Hypothesis ba_000: float64, float64 
[ 2023-01-01 16:16:02,342 ] 89 root - INFO - Hypothesis ba_001: float64, float64 
[ 2023-01-01 16:16:02,349 ] 89 root - INFO - Hypothesis ba_002: float64, float64 
[ 2023-01-01 16:16:02,356 ] 89 root - INFO - Hypothesis ba_003: float64, float64 
[ 2023-01-01 16:16:02,363 ] 89 root - INFO - Hypothesis ba_004: float64, float64 
[ 2023-01-01 16:16:02,370 ] 89 root - INFO - Hypothesis ba_005: float64, float64 
[ 2023-01-01 16:16:02,377 ] 89 root - INFO - Hypothesis ba_006: float64, float64 
[ 2023-01-01 16:16:02,384 ] 89 root - INFO - Hypothesis ba_007: float64, float64 
[ 2023-01-01 16:16:02,391 ] 89 root - INFO - Hypothesis ba_008: float64, float64 
[ 2023-01-01 16:16:02,396 ] 89 root - INFO - Hypothesis ba_009: float64, float64 
[ 2023-01-01 16:16:02,402 ] 89 root - INFO - Hypothesis bb_000: float64, float64 
[ 2023-01-01 16:16:02,409 ] 89 root - INFO - Hypothesis bc_000: float64, float64 
[ 2023-01-01 16:16:02,415 ] 89 root - INFO - Hypothesis bd_000: float64, float64 
[ 2023-01-01 16:16:02,420 ] 89 root - INFO - Hypothesis be_000: float64, float64 
[ 2023-01-01 16:16:02,426 ] 89 root - INFO - Hypothesis bf_000: float64, float64 
[ 2023-01-01 16:16:02,431 ] 89 root - INFO - Hypothesis bg_000: float64, float64 
[ 2023-01-01 16:16:02,438 ] 89 root - INFO - Hypothesis bh_000: float64, float64 
[ 2023-01-01 16:16:02,445 ] 89 root - INFO - Hypothesis bi_000: float64, float64 
[ 2023-01-01 16:16:02,453 ] 89 root - INFO - Hypothesis bj_000: float64, float64 
[ 2023-01-01 16:16:02,460 ] 89 root - INFO - Hypothesis bs_000: float64, float64 
[ 2023-01-01 16:16:02,467 ] 89 root - INFO - Hypothesis bt_000: float64, float64 
[ 2023-01-01 16:16:02,474 ] 89 root - INFO - Hypothesis bu_000: float64, float64 
[ 2023-01-01 16:16:02,481 ] 89 root - INFO - Hypothesis bv_000: float64, float64 
[ 2023-01-01 16:16:02,488 ] 89 root - INFO - Hypothesis bx_000: float64, float64 
[ 2023-01-01 16:16:02,495 ] 89 root - INFO - Hypothesis by_000: float64, float64 
[ 2023-01-01 16:16:02,502 ] 89 root - INFO - Hypothesis bz_000: float64, float64 
[ 2023-01-01 16:16:02,508 ] 89 root - INFO - Hypothesis ca_000: float64, float64 
[ 2023-01-01 16:16:02,515 ] 89 root - INFO - Hypothesis cb_000: float64, float64 
[ 2023-01-01 16:16:02,523 ] 89 root - INFO - Hypothesis cc_000: float64, float64 
[ 2023-01-01 16:16:02,530 ] 89 root - INFO - Hypothesis cd_000: float64, float64 
[ 2023-01-01 16:16:02,545 ] 89 root - INFO - Hypothesis ce_000: float64, float64 
[ 2023-01-01 16:16:02,551 ] 89 root - INFO - Hypothesis ci_000: float64, float64 
[ 2023-01-01 16:16:02,558 ] 89 root - INFO - Hypothesis cj_000: float64, float64 
[ 2023-01-01 16:16:02,562 ] 89 root - INFO - Hypothesis ck_000: float64, float64 
[ 2023-01-01 16:16:02,569 ] 89 root - INFO - Hypothesis cl_000: float64, float64 
[ 2023-01-01 16:16:02,573 ] 89 root - INFO - Hypothesis cm_000: float64, float64 
[ 2023-01-01 16:16:02,578 ] 89 root - INFO - Hypothesis cn_000: float64, float64 
[ 2023-01-01 16:16:02,593 ] 89 root - INFO - Hypothesis cn_001: float64, float64 
[ 2023-01-01 16:16:02,609 ] 89 root - INFO - Hypothesis cn_002: float64, float64 
[ 2023-01-01 16:16:02,614 ] 89 root - INFO - Hypothesis cn_003: float64, float64 
[ 2023-01-01 16:16:02,621 ] 89 root - INFO - Hypothesis cn_004: float64, float64 
[ 2023-01-01 16:16:02,628 ] 89 root - INFO - Hypothesis cn_005: float64, float64 
[ 2023-01-01 16:16:02,635 ] 89 root - INFO - Hypothesis cn_006: float64, float64 
[ 2023-01-01 16:16:02,642 ] 89 root - INFO - Hypothesis cn_007: float64, float64 
[ 2023-01-01 16:16:02,649 ] 89 root - INFO - Hypothesis cn_008: float64, float64 
[ 2023-01-01 16:16:02,655 ] 89 root - INFO - Hypothesis cn_009: float64, float64 
[ 2023-01-01 16:16:02,660 ] 89 root - INFO - Hypothesis cp_000: float64, float64 
[ 2023-01-01 16:16:02,665 ] 89 root - INFO - Hypothesis cq_000: float64, float64 
[ 2023-01-01 16:16:02,673 ] 89 root - INFO - Hypothesis cs_000: float64, float64 
[ 2023-01-01 16:16:02,679 ] 89 root - INFO - Hypothesis cs_001: float64, float64 
[ 2023-01-01 16:16:02,685 ] 89 root - INFO - Hypothesis cs_002: float64, float64 
[ 2023-01-01 16:16:02,692 ] 89 root - INFO - Hypothesis cs_003: float64, float64 
[ 2023-01-01 16:16:02,699 ] 89 root - INFO - Hypothesis cs_004: float64, float64 
[ 2023-01-01 16:16:02,706 ] 89 root - INFO - Hypothesis cs_005: float64, float64 
[ 2023-01-01 16:16:02,713 ] 89 root - INFO - Hypothesis cs_006: float64, float64 
[ 2023-01-01 16:16:02,720 ] 89 root - INFO - Hypothesis cs_007: float64, float64 
[ 2023-01-01 16:16:02,727 ] 89 root - INFO - Hypothesis cs_008: float64, float64 
[ 2023-01-01 16:16:02,732 ] 89 root - INFO - Hypothesis cs_009: float64, float64 
[ 2023-01-01 16:16:02,747 ] 89 root - INFO - Hypothesis dd_000: float64, float64 
[ 2023-01-01 16:16:02,754 ] 89 root - INFO - Hypothesis de_000: float64, float64 
[ 2023-01-01 16:16:02,759 ] 89 root - INFO - Hypothesis df_000: float64, float64 
[ 2023-01-01 16:16:02,762 ] 89 root - INFO - Hypothesis dg_000: float64, float64 
[ 2023-01-01 16:16:02,766 ] 89 root - INFO - Hypothesis dh_000: float64, float64 
[ 2023-01-01 16:16:02,781 ] 89 root - INFO - Hypothesis di_000: float64, float64 
[ 2023-01-01 16:16:02,797 ] 89 root - INFO - Hypothesis dj_000: float64, float64 
[ 2023-01-01 16:16:02,812 ] 89 root - INFO - Hypothesis dk_000: float64, float64 
[ 2023-01-01 16:16:02,827 ] 89 root - INFO - Hypothesis dl_000: float64, float64 
[ 2023-01-01 16:16:02,842 ] 89 root - INFO - Hypothesis dm_000: float64, float64 
[ 2023-01-01 16:16:02,857 ] 89 root - INFO - Hypothesis dn_000: float64, float64 
[ 2023-01-01 16:16:02,864 ] 89 root - INFO - Hypothesis do_000: float64, float64 
[ 2023-01-01 16:16:02,870 ] 89 root - INFO - Hypothesis dp_000: float64, float64 
[ 2023-01-01 16:16:02,877 ] 89 root - INFO - Hypothesis dq_000: float64, float64 
[ 2023-01-01 16:16:02,881 ] 89 root - INFO - Hypothesis dr_000: float64, float64 
[ 2023-01-01 16:16:02,885 ] 89 root - INFO - Hypothesis ds_000: float64, float64 
[ 2023-01-01 16:16:02,892 ] 89 root - INFO - Hypothesis dt_000: float64, float64 
[ 2023-01-01 16:16:02,898 ] 89 root - INFO - Hypothesis du_000: float64, float64 
[ 2023-01-01 16:16:02,905 ] 89 root - INFO - Hypothesis dv_000: float64, float64 
[ 2023-01-01 16:16:02,912 ] 89 root - INFO - Hypothesis dx_000: float64, float64 
[ 2023-01-01 16:16:02,916 ] 89 root - INFO - Hypothesis dy_000: float64, float64 
[ 2023-01-01 16:16:02,921 ] 89 root - INFO - Hypothesis dz_000: float64, float64 
[ 2023-01-01 16:16:02,936 ] 89 root - INFO - Hypothesis ea_000: float64, float64 
[ 2023-01-01 16:16:02,951 ] 89 root - INFO - Hypothesis eb_000: float64, float64 
[ 2023-01-01 16:16:02,957 ] 89 root - INFO - Hypothesis ec_00: float64, float64 
[ 2023-01-01 16:16:02,963 ] 89 root - INFO - Hypothesis ed_000: float64, float64 
[ 2023-01-01 16:16:02,969 ] 89 root - INFO - Hypothesis ee_000: float64, float64 
[ 2023-01-01 16:16:02,976 ] 89 root - INFO - Hypothesis ee_001: float64, float64 
[ 2023-01-01 16:16:02,983 ] 89 root - INFO - Hypothesis ee_002: float64, float64 
[ 2023-01-01 16:16:02,990 ] 89 root - INFO - Hypothesis ee_003: float64, float64 
[ 2023-01-01 16:16:02,997 ] 89 root - INFO - Hypothesis ee_004: float64, float64 
[ 2023-01-01 16:16:03,004 ] 89 root - INFO - Hypothesis ee_005: float64, float64 
[ 2023-01-01 16:16:03,011 ] 89 root - INFO - Hypothesis ee_006: float64, float64 
[ 2023-01-01 16:16:03,017 ] 89 root - INFO - Hypothesis ee_007: float64, float64 
[ 2023-01-01 16:16:03,023 ] 89 root - INFO - Hypothesis ee_008: float64, float64 
[ 2023-01-01 16:16:03,029 ] 89 root - INFO - Hypothesis ee_009: float64, float64 
[ 2023-01-01 16:16:03,035 ] 89 root - INFO - Hypothesis ef_000: float64, float64 
[ 2023-01-01 16:16:03,049 ] 89 root - INFO - Hypothesis eg_000: float64, float64 
[ 2023-01-01 16:16:03,064 ] 148 root - INFO - Write reprt in yaml file
[ 2023-01-01 16:16:03,136 ] 153 root - INFO - Data validation artifact: DataValidationArtifact(report_file_path='/config/workspace/artifact/01012023__161535/data_validation/report.yaml')
[ 2023-01-01 16:16:03,138 ] 24 root - INFO - >>>>>>>>>>>>>>>>>>>>>>>>>>>>>>>>>>>>>>>> Data Transformation <<<<<<<<<<<<<<<<<<<<<<<<<<<<<<<<<<<<<<<<
[ 2023-01-01 16:16:04,036 ] 75 root - INFO - Before resampling in training set Input: (28950, 170) Target:(28950,)
[ 2023-01-01 16:16:09,679 ] 77 root - INFO - After resampling in training set Input: (56132, 170) Target:(56132,)
[ 2023-01-01 16:16:09,680 ] 79 root - INFO - Before resampling in testing set Input: (7238, 170) Target:(7238,)
[ 2023-01-01 16:16:10,219 ] 81 root - INFO - After resampling in testing set Input: (14054, 170) Target:(14054,)
[ 2023-01-01 16:16:10,331 ] 57 root - INFO - Entered the save_object method of utils
[ 2023-01-01 16:16:10,333 ] 61 root - INFO - Exited the save_object method of utils
[ 2023-01-01 16:16:10,333 ] 57 root - INFO - Entered the save_object method of utils
[ 2023-01-01 16:16:10,334 ] 61 root - INFO - Exited the save_object method of utils
[ 2023-01-01 16:16:10,334 ] 112 root - INFO - Data transformation object DataTransformationArtifact(transform_object_path='/config/workspace/artifact/01012023__161535/data_transformation/transformer/transformer.pkl', transformed_train_path='/config/workspace/artifact/01012023__161535/data_transformation/transformed/train.npz', transformed_test_path='/config/workspace/artifact/01012023__161535/data_transformation/transformed/test.npz', target_encoder_path='/config/workspace/artifact/01012023__161535/data_transformation/target_encoder/target_encoder.pkl')
[ 2023-01-01 16:16:10,335 ] 18 root - INFO - >>>>>>>>>>>>>>>>>>>>>>>>>>>>>>>>>>>>>>>> Model Trainer <<<<<<<<<<<<<<<<<<<<<<<<<<<<<<<<<<<<<<<<
[ 2023-01-01 16:16:10,335 ] 45 root - INFO - Loading train and test array.
[ 2023-01-01 16:16:10,367 ] 49 root - INFO - Splitting input and target feature from both train and test arr.
[ 2023-01-01 16:16:10,368 ] 53 root - INFO - Train the model
[ 2023-01-01 16:16:19,222 ] 56 root - INFO - Calculating f1 train score
[ 2023-01-01 16:16:19,270 ] 60 root - INFO - Calculating f1 test score
[ 2023-01-01 16:16:19,286 ] 64 root - INFO - train score:1.0 and tests score 0.9824359343507054
[ 2023-01-01 16:16:19,286 ] 66 root - INFO - Checking if our model is underfitting or not
[ 2023-01-01 16:16:19,286 ] 71 root - INFO - Checking if our model is overfiiting or not
[ 2023-01-01 16:16:19,286 ] 78 root - INFO - Saving mode object
[ 2023-01-01 16:16:19,286 ] 57 root - INFO - Entered the save_object method of utils
[ 2023-01-01 16:16:19,292 ] 61 root - INFO - Exited the save_object method of utils
[ 2023-01-01 16:16:19,292 ] 82 root - INFO - Prepare the artifact
[ 2023-01-01 16:16:19,292 ] 85 root - INFO - Model trainer artifact: ModelTrainerArtifact(model_path='/config/workspace/artifact/01012023__161535/model_trainer/model/model.pkl', f1_train_score=1.0, f1_test_score=0.9824359343507054)
[ 2023-01-01 16:16:19,294 ] 19 root - INFO - >>>>>>>>>>>>>>>>>>>>>>>>>>>>>>>>>>>>>>>>  Model Evaluation <<<<<<<<<<<<<<<<<<<<<<<<<<<<<<<<<<<<<<<<
[ 2023-01-01 16:16:19,294 ] 35 root - INFO - if saved model folder has model the we will compare which model is best trained or the model from saved model folder
[ 2023-01-01 16:16:19,294 ] 41 root - INFO - Model evaluation artifact: ModelEvaluationArtifact(is_model_accepted=True, improved_accuracy=None)
[ 2023-01-01 16:16:19,294 ] 14 root - INFO - >>>>>>>>>>>>>>>>>>>>>>>>>>>>>>>>>>>>>>>> Data Transformation <<<<<<<<<<<<<<<<<<<<<<<<<<<<<<<<<<<<<<<<
[ 2023-01-01 16:16:19,294 ] 25 root - INFO - Loading transformer model and target encoder
[ 2023-01-01 16:16:19,300 ] 31 root - INFO - Saving model into model pusher directory
[ 2023-01-01 16:16:19,300 ] 57 root - INFO - Entered the save_object method of utils
[ 2023-01-01 16:16:19,303 ] 61 root - INFO - Exited the save_object method of utils
[ 2023-01-01 16:16:19,303 ] 57 root - INFO - Entered the save_object method of utils
[ 2023-01-01 16:16:19,308 ] 61 root - INFO - Exited the save_object method of utils
[ 2023-01-01 16:16:19,308 ] 57 root - INFO - Entered the save_object method of utils
[ 2023-01-01 16:16:19,308 ] 61 root - INFO - Exited the save_object method of utils
[ 2023-01-01 16:16:19,308 ] 38 root - INFO - Saving model in saved model dir
[ 2023-01-01 16:16:19,309 ] 57 root - INFO - Entered the save_object method of utils
[ 2023-01-01 16:16:19,310 ] 61 root - INFO - Exited the save_object method of utils
[ 2023-01-01 16:16:19,311 ] 57 root - INFO - Entered the save_object method of utils
[ 2023-01-01 16:16:19,315 ] 61 root - INFO - Exited the save_object method of utils
[ 2023-01-01 16:16:19,316 ] 57 root - INFO - Entered the save_object method of utils
[ 2023-01-01 16:16:19,316 ] 61 root - INFO - Exited the save_object method of utils
[ 2023-01-01 16:16:19,316 ] 49 root - INFO - Model pusher artifact: ModelPusherArtifact(pusher_model_dir='/config/workspace/artifact/01012023__161535/model_pusher/saved_models', saved_model_dir='saved_models')
