[ 2023-01-03 11:08:02,896 ] 24 root - INFO - Exporting collection data as pandas dataframe
[ 2023-01-03 11:08:02,896 ] 24 root - INFO - Reading data from database: aps and collection: sensor
[ 2023-01-03 11:08:08,801 ] 26 root - INFO - Found columns: Index(['_id', 'class', 'aa_000', 'ab_000', 'ac_000', 'ad_000', 'ae_000',
       'af_000', 'ag_000', 'ag_001',
       ...
       'ee_002', 'ee_003', 'ee_004', 'ee_005', 'ee_006', 'ee_007', 'ee_008',
       'ee_009', 'ef_000', 'eg_000'],
      dtype='object', length=172)
[ 2023-01-03 11:08:08,801 ] 28 root - INFO - Dropping column: _id 
[ 2023-01-03 11:08:09,002 ] 30 root - INFO - Row and columns in df: (36188, 171)
[ 2023-01-03 11:08:09,002 ] 30 root - INFO - Save data in feature store
[ 2023-01-03 11:08:09,562 ] 36 root - INFO - Create feature store folder if not available
[ 2023-01-03 11:08:09,562 ] 40 root - INFO - Save df to feature store folder
[ 2023-01-03 11:08:11,941 ] 45 root - INFO - split dataset into train and test set
[ 2023-01-03 11:08:12,525 ] 49 root - INFO - create dataset directory folder if not available
[ 2023-01-03 11:08:12,526 ] 54 root - INFO - Save df to feature store folder
[ 2023-01-03 11:08:14,723 ] 67 root - INFO - Data ingestion artifact: DataIngestionArtifact(feature_store_file_path='/config/workspace/artifact/01032023__110802/data_ingestion/feature_store/sensor.csv', train_file_path='/config/workspace/artifact/01032023__110802/data_ingestion/dataset/train.csv', test_file_path='/config/workspace/artifact/01032023__110802/data_ingestion/dataset/test.csv')
[ 2023-01-03 11:08:15,142 ] 22 root - INFO - >>>>>>>>>>>>>>>>>>>>>>>>>>>>>>>>>>>>>>>> Data Validation <<<<<<<<<<<<<<<<<<<<<<<<<<<<<<<<<<<<<<<<
[ 2023-01-03 11:08:15,142 ] 111 root - INFO - Reading base dataframe
[ 2023-01-03 11:08:18,043 ] 114 root - INFO - Replace na value in base df
[ 2023-01-03 11:08:18,043 ] 116 root - INFO - Drop null values colums from base df
[ 2023-01-03 11:08:18,996 ] 45 root - INFO - selecting column name which contains null above to 0.2
[ 2023-01-03 11:08:18,996 ] 48 root - INFO - Columns to drop: ['ab_000', 'ad_000', 'bk_000', 'bl_000', 'bm_000', 'bn_000', 'bo_000', 'bp_000', 'bq_000', 'br_000', 'cf_000', 'cg_000', 'ch_000', 'co_000', 'cr_000', 'ct_000', 'cu_000', 'cv_000', 'cx_000', 'cy_000', 'cz_000', 'da_000', 'db_000', 'dc_000']
[ 2023-01-03 11:08:19,124 ] 119 root - INFO - Reading train dataframe
[ 2023-01-03 11:08:19,518 ] 121 root - INFO - Reading test dataframe
[ 2023-01-03 11:08:19,615 ] 124 root - INFO - Drop null values colums from train df
[ 2023-01-03 11:08:19,627 ] 45 root - INFO - selecting column name which contains null above to 0.2
[ 2023-01-03 11:08:19,627 ] 48 root - INFO - Columns to drop: ['ab_000', 'ad_000', 'bk_000', 'bl_000', 'bm_000', 'bn_000', 'bo_000', 'bp_000', 'bq_000', 'br_000', 'cf_000', 'cg_000', 'ch_000', 'co_000', 'cr_000', 'ct_000', 'cu_000', 'cv_000', 'cx_000', 'cy_000', 'cz_000', 'da_000', 'db_000', 'dc_000']
[ 2023-01-03 11:08:19,640 ] 126 root - INFO - Drop null values colums from test df
[ 2023-01-03 11:08:19,645 ] 45 root - INFO - selecting column name which contains null above to 0.2
[ 2023-01-03 11:08:19,645 ] 48 root - INFO - Columns to drop: ['ab_000', 'ad_000', 'bk_000', 'bl_000', 'bm_000', 'bn_000', 'bo_000', 'bp_000', 'bq_000', 'br_000', 'cf_000', 'cg_000', 'ch_000', 'co_000', 'cr_000', 'ct_000', 'cu_000', 'cv_000', 'cx_000', 'cy_000', 'cz_000', 'da_000', 'db_000', 'dc_000']
[ 2023-01-03 11:08:25,788 ] 135 root - INFO - Is all required columns present in train df
[ 2023-01-03 11:08:25,789 ] 137 root - INFO - Is all required columns present in test df
[ 2023-01-03 11:08:25,789 ] 141 root - INFO - As all column are available in train df hence detecting data drift
[ 2023-01-03 11:08:25,789 ] 89 root - INFO - Hypothesis class: object, object 
[ 2023-01-03 11:08:25,925 ] 89 root - INFO - Hypothesis aa_000: float64, float64 
[ 2023-01-03 11:08:25,967 ] 89 root - INFO - Hypothesis ac_000: float64, float64 
[ 2023-01-03 11:08:25,975 ] 89 root - INFO - Hypothesis ae_000: float64, float64 
[ 2023-01-03 11:08:26,010 ] 89 root - INFO - Hypothesis af_000: float64, float64 
[ 2023-01-03 11:08:26,049 ] 89 root - INFO - Hypothesis ag_000: float64, float64 
[ 2023-01-03 11:08:26,084 ] 89 root - INFO - Hypothesis ag_001: float64, float64 
[ 2023-01-03 11:08:26,119 ] 89 root - INFO - Hypothesis ag_002: float64, float64 
[ 2023-01-03 11:08:26,155 ] 89 root - INFO - Hypothesis ag_003: float64, float64 
[ 2023-01-03 11:08:26,192 ] 89 root - INFO - Hypothesis ag_004: float64, float64 
[ 2023-01-03 11:08:26,234 ] 89 root - INFO - Hypothesis ag_005: float64, float64 
[ 2023-01-03 11:08:26,276 ] 89 root - INFO - Hypothesis ag_006: float64, float64 
[ 2023-01-03 11:08:26,318 ] 89 root - INFO - Hypothesis ag_007: float64, float64 
[ 2023-01-03 11:08:26,359 ] 89 root - INFO - Hypothesis ag_008: float64, float64 
[ 2023-01-03 11:08:26,400 ] 89 root - INFO - Hypothesis ag_009: float64, float64 
[ 2023-01-03 11:08:26,407 ] 89 root - INFO - Hypothesis ah_000: float64, float64 
[ 2023-01-03 11:08:26,418 ] 89 root - INFO - Hypothesis ai_000: float64, float64 
[ 2023-01-03 11:08:26,454 ] 89 root - INFO - Hypothesis aj_000: float64, float64 
[ 2023-01-03 11:08:26,491 ] 89 root - INFO - Hypothesis ak_000: float64, float64 
[ 2023-01-03 11:08:26,526 ] 89 root - INFO - Hypothesis al_000: float64, float64 
[ 2023-01-03 11:08:26,565 ] 89 root - INFO - Hypothesis am_0: float64, float64 
[ 2023-01-03 11:08:26,572 ] 89 root - INFO - Hypothesis an_000: float64, float64 
[ 2023-01-03 11:08:26,583 ] 89 root - INFO - Hypothesis ao_000: float64, float64 
[ 2023-01-03 11:08:26,593 ] 89 root - INFO - Hypothesis ap_000: float64, float64 
[ 2023-01-03 11:08:26,634 ] 89 root - INFO - Hypothesis aq_000: float64, float64 
[ 2023-01-03 11:08:26,645 ] 89 root - INFO - Hypothesis ar_000: float64, float64 
[ 2023-01-03 11:08:26,679 ] 89 root - INFO - Hypothesis as_000: float64, float64 
[ 2023-01-03 11:08:26,714 ] 89 root - INFO - Hypothesis at_000: float64, float64 
[ 2023-01-03 11:08:26,750 ] 89 root - INFO - Hypothesis au_000: float64, float64 
[ 2023-01-03 11:08:26,784 ] 89 root - INFO - Hypothesis av_000: float64, float64 
[ 2023-01-03 11:08:26,793 ] 89 root - INFO - Hypothesis ax_000: float64, float64 
[ 2023-01-03 11:08:26,801 ] 89 root - INFO - Hypothesis ay_000: float64, float64 
[ 2023-01-03 11:08:26,836 ] 89 root - INFO - Hypothesis ay_001: float64, float64 
[ 2023-01-03 11:08:26,872 ] 89 root - INFO - Hypothesis ay_002: float64, float64 
[ 2023-01-03 11:08:26,907 ] 89 root - INFO - Hypothesis ay_003: float64, float64 
[ 2023-01-03 11:08:26,942 ] 89 root - INFO - Hypothesis ay_004: float64, float64 
[ 2023-01-03 11:08:26,977 ] 89 root - INFO - Hypothesis ay_005: float64, float64 
[ 2023-01-03 11:08:27,016 ] 89 root - INFO - Hypothesis ay_006: float64, float64 
[ 2023-01-03 11:08:27,025 ] 89 root - INFO - Hypothesis ay_007: float64, float64 
[ 2023-01-03 11:08:27,067 ] 89 root - INFO - Hypothesis ay_008: float64, float64 
[ 2023-01-03 11:08:27,077 ] 89 root - INFO - Hypothesis ay_009: float64, float64 
[ 2023-01-03 11:08:27,111 ] 89 root - INFO - Hypothesis az_000: float64, float64 
[ 2023-01-03 11:08:27,121 ] 89 root - INFO - Hypothesis az_001: float64, float64 
[ 2023-01-03 11:08:27,131 ] 89 root - INFO - Hypothesis az_002: float64, float64 
[ 2023-01-03 11:08:27,174 ] 89 root - INFO - Hypothesis az_003: float64, float64 
[ 2023-01-03 11:08:27,215 ] 89 root - INFO - Hypothesis az_004: float64, float64 
[ 2023-01-03 11:08:27,257 ] 89 root - INFO - Hypothesis az_005: float64, float64 
[ 2023-01-03 11:08:27,271 ] 89 root - INFO - Hypothesis az_006: float64, float64 
[ 2023-01-03 11:08:27,311 ] 89 root - INFO - Hypothesis az_007: float64, float64 
[ 2023-01-03 11:08:27,347 ] 89 root - INFO - Hypothesis az_008: float64, float64 
[ 2023-01-03 11:08:27,384 ] 89 root - INFO - Hypothesis az_009: float64, float64 
[ 2023-01-03 11:08:27,419 ] 89 root - INFO - Hypothesis ba_000: float64, float64 
[ 2023-01-03 11:08:27,430 ] 89 root - INFO - Hypothesis ba_001: float64, float64 
[ 2023-01-03 11:08:27,471 ] 89 root - INFO - Hypothesis ba_002: float64, float64 
[ 2023-01-03 11:08:27,481 ] 89 root - INFO - Hypothesis ba_003: float64, float64 
[ 2023-01-03 11:08:27,523 ] 89 root - INFO - Hypothesis ba_004: float64, float64 
[ 2023-01-03 11:08:27,565 ] 89 root - INFO - Hypothesis ba_005: float64, float64 
[ 2023-01-03 11:08:27,575 ] 89 root - INFO - Hypothesis ba_006: float64, float64 
[ 2023-01-03 11:08:27,615 ] 89 root - INFO - Hypothesis ba_007: float64, float64 
[ 2023-01-03 11:08:27,655 ] 89 root - INFO - Hypothesis ba_008: float64, float64 
[ 2023-01-03 11:08:27,663 ] 89 root - INFO - Hypothesis ba_009: float64, float64 
[ 2023-01-03 11:08:27,670 ] 89 root - INFO - Hypothesis bb_000: float64, float64 
[ 2023-01-03 11:08:27,713 ] 89 root - INFO - Hypothesis bc_000: float64, float64 
[ 2023-01-03 11:08:27,752 ] 89 root - INFO - Hypothesis bd_000: float64, float64 
[ 2023-01-03 11:08:27,791 ] 89 root - INFO - Hypothesis be_000: float64, float64 
[ 2023-01-03 11:08:27,800 ] 89 root - INFO - Hypothesis bf_000: float64, float64 
[ 2023-01-03 11:08:27,838 ] 89 root - INFO - Hypothesis bg_000: float64, float64 
[ 2023-01-03 11:08:27,849 ] 89 root - INFO - Hypothesis bh_000: float64, float64 
[ 2023-01-03 11:08:27,860 ] 89 root - INFO - Hypothesis bi_000: float64, float64 
[ 2023-01-03 11:08:27,902 ] 89 root - INFO - Hypothesis bj_000: float64, float64 
[ 2023-01-03 11:08:27,945 ] 89 root - INFO - Hypothesis bs_000: float64, float64 
[ 2023-01-03 11:08:27,955 ] 89 root - INFO - Hypothesis bt_000: float64, float64 
[ 2023-01-03 11:08:27,997 ] 89 root - INFO - Hypothesis bu_000: float64, float64 
[ 2023-01-03 11:08:28,039 ] 89 root - INFO - Hypothesis bv_000: float64, float64 
[ 2023-01-03 11:08:28,082 ] 89 root - INFO - Hypothesis bx_000: float64, float64 
[ 2023-01-03 11:08:28,124 ] 89 root - INFO - Hypothesis by_000: float64, float64 
[ 2023-01-03 11:08:28,166 ] 89 root - INFO - Hypothesis bz_000: float64, float64 
[ 2023-01-03 11:08:28,175 ] 89 root - INFO - Hypothesis ca_000: float64, float64 
[ 2023-01-03 11:08:28,219 ] 89 root - INFO - Hypothesis cb_000: float64, float64 
[ 2023-01-03 11:08:28,230 ] 89 root - INFO - Hypothesis cc_000: float64, float64 
[ 2023-01-03 11:08:28,272 ] 89 root - INFO - Hypothesis cd_000: float64, float64 
[ 2023-01-03 11:08:28,310 ] 89 root - INFO - Hypothesis ce_000: float64, float64 
[ 2023-01-03 11:08:28,321 ] 89 root - INFO - Hypothesis ci_000: float64, float64 
[ 2023-01-03 11:08:28,363 ] 89 root - INFO - Hypothesis cj_000: float64, float64 
[ 2023-01-03 11:08:28,369 ] 89 root - INFO - Hypothesis ck_000: float64, float64 
[ 2023-01-03 11:08:28,411 ] 89 root - INFO - Hypothesis cl_000: float64, float64 
[ 2023-01-03 11:08:28,447 ] 89 root - INFO - Hypothesis cm_000: float64, float64 
[ 2023-01-03 11:08:28,485 ] 89 root - INFO - Hypothesis cn_000: float64, float64 
[ 2023-01-03 11:08:28,521 ] 89 root - INFO - Hypothesis cn_001: float64, float64 
[ 2023-01-03 11:08:28,558 ] 89 root - INFO - Hypothesis cn_002: float64, float64 
[ 2023-01-03 11:08:28,596 ] 89 root - INFO - Hypothesis cn_003: float64, float64 
[ 2023-01-03 11:08:28,638 ] 89 root - INFO - Hypothesis cn_004: float64, float64 
[ 2023-01-03 11:08:28,680 ] 89 root - INFO - Hypothesis cn_005: float64, float64 
[ 2023-01-03 11:08:28,722 ] 89 root - INFO - Hypothesis cn_006: float64, float64 
[ 2023-01-03 11:08:28,764 ] 89 root - INFO - Hypothesis cn_007: float64, float64 
[ 2023-01-03 11:08:28,805 ] 89 root - INFO - Hypothesis cn_008: float64, float64 
[ 2023-01-03 11:08:28,846 ] 89 root - INFO - Hypothesis cn_009: float64, float64 
[ 2023-01-03 11:08:28,885 ] 89 root - INFO - Hypothesis cp_000: float64, float64 
[ 2023-01-03 11:08:28,893 ] 89 root - INFO - Hypothesis cq_000: float64, float64 
[ 2023-01-03 11:08:28,935 ] 89 root - INFO - Hypothesis cs_000: float64, float64 
[ 2023-01-03 11:08:28,946 ] 89 root - INFO - Hypothesis cs_001: float64, float64 
[ 2023-01-03 11:08:28,954 ] 89 root - INFO - Hypothesis cs_002: float64, float64 
[ 2023-01-03 11:08:28,995 ] 89 root - INFO - Hypothesis cs_003: float64, float64 
[ 2023-01-03 11:08:29,037 ] 89 root - INFO - Hypothesis cs_004: float64, float64 
[ 2023-01-03 11:08:29,048 ] 89 root - INFO - Hypothesis cs_005: float64, float64 
[ 2023-01-03 11:08:29,059 ] 89 root - INFO - Hypothesis cs_006: float64, float64 
[ 2023-01-03 11:08:29,102 ] 89 root - INFO - Hypothesis cs_007: float64, float64 
[ 2023-01-03 11:08:29,113 ] 89 root - INFO - Hypothesis cs_008: float64, float64 
[ 2023-01-03 11:08:29,152 ] 89 root - INFO - Hypothesis cs_009: float64, float64 
[ 2023-01-03 11:08:29,188 ] 89 root - INFO - Hypothesis dd_000: float64, float64 
[ 2023-01-03 11:08:29,229 ] 89 root - INFO - Hypothesis de_000: float64, float64 
[ 2023-01-03 11:08:29,273 ] 89 root - INFO - Hypothesis df_000: float64, float64 
[ 2023-01-03 11:08:29,309 ] 89 root - INFO - Hypothesis dg_000: float64, float64 
[ 2023-01-03 11:08:29,344 ] 89 root - INFO - Hypothesis dh_000: float64, float64 
[ 2023-01-03 11:08:29,381 ] 89 root - INFO - Hypothesis di_000: float64, float64 
[ 2023-01-03 11:08:29,387 ] 89 root - INFO - Hypothesis dj_000: float64, float64 
[ 2023-01-03 11:08:29,423 ] 89 root - INFO - Hypothesis dk_000: float64, float64 
[ 2023-01-03 11:08:29,460 ] 89 root - INFO - Hypothesis dl_000: float64, float64 
[ 2023-01-03 11:08:29,496 ] 89 root - INFO - Hypothesis dm_000: float64, float64 
[ 2023-01-03 11:08:29,531 ] 89 root - INFO - Hypothesis dn_000: float64, float64 
[ 2023-01-03 11:08:29,575 ] 89 root - INFO - Hypothesis do_000: float64, float64 
[ 2023-01-03 11:08:29,616 ] 89 root - INFO - Hypothesis dp_000: float64, float64 
[ 2023-01-03 11:08:29,660 ] 89 root - INFO - Hypothesis dq_000: float64, float64 
[ 2023-01-03 11:08:29,697 ] 89 root - INFO - Hypothesis dr_000: float64, float64 
[ 2023-01-03 11:08:29,734 ] 89 root - INFO - Hypothesis ds_000: float64, float64 
[ 2023-01-03 11:08:29,744 ] 89 root - INFO - Hypothesis dt_000: float64, float64 
[ 2023-01-03 11:08:29,754 ] 89 root - INFO - Hypothesis du_000: float64, float64 
[ 2023-01-03 11:08:29,794 ] 89 root - INFO - Hypothesis dv_000: float64, float64 
[ 2023-01-03 11:08:29,835 ] 89 root - INFO - Hypothesis dx_000: float64, float64 
[ 2023-01-03 11:08:29,842 ] 89 root - INFO - Hypothesis dy_000: float64, float64 
[ 2023-01-03 11:08:29,849 ] 89 root - INFO - Hypothesis dz_000: float64, float64 
[ 2023-01-03 11:08:29,885 ] 89 root - INFO - Hypothesis ea_000: float64, float64 
[ 2023-01-03 11:08:29,920 ] 89 root - INFO - Hypothesis eb_000: float64, float64 
[ 2023-01-03 11:08:29,929 ] 89 root - INFO - Hypothesis ec_00: float64, float64 
[ 2023-01-03 11:08:29,939 ] 89 root - INFO - Hypothesis ed_000: float64, float64 
[ 2023-01-03 11:08:29,948 ] 89 root - INFO - Hypothesis ee_000: float64, float64 
[ 2023-01-03 11:08:29,990 ] 89 root - INFO - Hypothesis ee_001: float64, float64 
[ 2023-01-03 11:08:30,000 ] 89 root - INFO - Hypothesis ee_002: float64, float64 
[ 2023-01-03 11:08:30,043 ] 89 root - INFO - Hypothesis ee_003: float64, float64 
[ 2023-01-03 11:08:30,086 ] 89 root - INFO - Hypothesis ee_004: float64, float64 
[ 2023-01-03 11:08:30,127 ] 89 root - INFO - Hypothesis ee_005: float64, float64 
[ 2023-01-03 11:08:30,169 ] 89 root - INFO - Hypothesis ee_006: float64, float64 
[ 2023-01-03 11:08:30,213 ] 89 root - INFO - Hypothesis ee_007: float64, float64 
[ 2023-01-03 11:08:30,256 ] 89 root - INFO - Hypothesis ee_008: float64, float64 
[ 2023-01-03 11:08:30,298 ] 89 root - INFO - Hypothesis ee_009: float64, float64 
[ 2023-01-03 11:08:30,337 ] 89 root - INFO - Hypothesis ef_000: float64, float64 
[ 2023-01-03 11:08:30,373 ] 89 root - INFO - Hypothesis eg_000: float64, float64 
[ 2023-01-03 11:08:30,408 ] 144 root - INFO - As all column are available in test df hence detecting data drift
[ 2023-01-03 11:08:30,409 ] 89 root - INFO - Hypothesis class: object, object 
[ 2023-01-03 11:08:30,482 ] 89 root - INFO - Hypothesis aa_000: float64, float64 
[ 2023-01-03 11:08:30,489 ] 89 root - INFO - Hypothesis ac_000: float64, float64 
[ 2023-01-03 11:08:30,494 ] 89 root - INFO - Hypothesis ae_000: float64, float64 
[ 2023-01-03 11:08:30,509 ] 89 root - INFO - Hypothesis af_000: float64, float64 
[ 2023-01-03 11:08:30,524 ] 89 root - INFO - Hypothesis ag_000: float64, float64 
[ 2023-01-03 11:08:30,539 ] 89 root - INFO - Hypothesis ag_001: float64, float64 
[ 2023-01-03 11:08:30,557 ] 89 root - INFO - Hypothesis ag_002: float64, float64 
[ 2023-01-03 11:08:30,561 ] 89 root - INFO - Hypothesis ag_003: float64, float64 
[ 2023-01-03 11:08:30,565 ] 89 root - INFO - Hypothesis ag_004: float64, float64 
[ 2023-01-03 11:08:30,572 ] 89 root - INFO - Hypothesis ag_005: float64, float64 
[ 2023-01-03 11:08:30,579 ] 89 root - INFO - Hypothesis ag_006: float64, float64 
[ 2023-01-03 11:08:30,587 ] 89 root - INFO - Hypothesis ag_007: float64, float64 
[ 2023-01-03 11:08:30,593 ] 89 root - INFO - Hypothesis ag_008: float64, float64 
[ 2023-01-03 11:08:30,599 ] 89 root - INFO - Hypothesis ag_009: float64, float64 
[ 2023-01-03 11:08:30,603 ] 89 root - INFO - Hypothesis ah_000: float64, float64 
[ 2023-01-03 11:08:30,610 ] 89 root - INFO - Hypothesis ai_000: float64, float64 
[ 2023-01-03 11:08:30,614 ] 89 root - INFO - Hypothesis aj_000: float64, float64 
[ 2023-01-03 11:08:30,630 ] 89 root - INFO - Hypothesis ak_000: float64, float64 
[ 2023-01-03 11:08:30,646 ] 89 root - INFO - Hypothesis al_000: float64, float64 
[ 2023-01-03 11:08:30,651 ] 89 root - INFO - Hypothesis am_0: float64, float64 
[ 2023-01-03 11:08:30,656 ] 89 root - INFO - Hypothesis an_000: float64, float64 
[ 2023-01-03 11:08:30,663 ] 89 root - INFO - Hypothesis ao_000: float64, float64 
[ 2023-01-03 11:08:30,670 ] 89 root - INFO - Hypothesis ap_000: float64, float64 
[ 2023-01-03 11:08:30,677 ] 89 root - INFO - Hypothesis aq_000: float64, float64 
[ 2023-01-03 11:08:30,684 ] 89 root - INFO - Hypothesis ar_000: float64, float64 
[ 2023-01-03 11:08:30,700 ] 89 root - INFO - Hypothesis as_000: float64, float64 
[ 2023-01-03 11:08:30,715 ] 89 root - INFO - Hypothesis at_000: float64, float64 
[ 2023-01-03 11:08:30,730 ] 89 root - INFO - Hypothesis au_000: float64, float64 
[ 2023-01-03 11:08:30,745 ] 89 root - INFO - Hypothesis av_000: float64, float64 
[ 2023-01-03 11:08:30,751 ] 89 root - INFO - Hypothesis ax_000: float64, float64 
[ 2023-01-03 11:08:30,756 ] 89 root - INFO - Hypothesis ay_000: float64, float64 
[ 2023-01-03 11:08:30,771 ] 89 root - INFO - Hypothesis ay_001: float64, float64 
[ 2023-01-03 11:08:30,786 ] 89 root - INFO - Hypothesis ay_002: float64, float64 
[ 2023-01-03 11:08:30,801 ] 89 root - INFO - Hypothesis ay_003: float64, float64 
[ 2023-01-03 11:08:30,816 ] 89 root - INFO - Hypothesis ay_004: float64, float64 
[ 2023-01-03 11:08:30,831 ] 89 root - INFO - Hypothesis ay_005: float64, float64 
[ 2023-01-03 11:08:30,836 ] 89 root - INFO - Hypothesis ay_006: float64, float64 
[ 2023-01-03 11:08:30,843 ] 89 root - INFO - Hypothesis ay_007: float64, float64 
[ 2023-01-03 11:08:30,849 ] 89 root - INFO - Hypothesis ay_008: float64, float64 
[ 2023-01-03 11:08:30,856 ] 89 root - INFO - Hypothesis ay_009: float64, float64 
[ 2023-01-03 11:08:30,871 ] 89 root - INFO - Hypothesis az_000: float64, float64 
[ 2023-01-03 11:08:30,877 ] 89 root - INFO - Hypothesis az_001: float64, float64 
[ 2023-01-03 11:08:30,884 ] 89 root - INFO - Hypothesis az_002: float64, float64 
[ 2023-01-03 11:08:30,890 ] 89 root - INFO - Hypothesis az_003: float64, float64 
[ 2023-01-03 11:08:30,897 ] 89 root - INFO - Hypothesis az_004: float64, float64 
[ 2023-01-03 11:08:30,904 ] 89 root - INFO - Hypothesis az_005: float64, float64 
[ 2023-01-03 11:08:30,911 ] 89 root - INFO - Hypothesis az_006: float64, float64 
[ 2023-01-03 11:08:30,917 ] 89 root - INFO - Hypothesis az_007: float64, float64 
[ 2023-01-03 11:08:30,933 ] 89 root - INFO - Hypothesis az_008: float64, float64 
[ 2023-01-03 11:08:30,949 ] 89 root - INFO - Hypothesis az_009: float64, float64 
[ 2023-01-03 11:08:30,964 ] 89 root - INFO - Hypothesis ba_000: float64, float64 
[ 2023-01-03 11:08:30,971 ] 89 root - INFO - Hypothesis ba_001: float64, float64 
[ 2023-01-03 11:08:30,978 ] 89 root - INFO - Hypothesis ba_002: float64, float64 
[ 2023-01-03 11:08:30,986 ] 89 root - INFO - Hypothesis ba_003: float64, float64 
[ 2023-01-03 11:08:30,992 ] 89 root - INFO - Hypothesis ba_004: float64, float64 
[ 2023-01-03 11:08:30,999 ] 89 root - INFO - Hypothesis ba_005: float64, float64 
[ 2023-01-03 11:08:31,006 ] 89 root - INFO - Hypothesis ba_006: float64, float64 
[ 2023-01-03 11:08:31,013 ] 89 root - INFO - Hypothesis ba_007: float64, float64 
[ 2023-01-03 11:08:31,020 ] 89 root - INFO - Hypothesis ba_008: float64, float64 
[ 2023-01-03 11:08:31,025 ] 89 root - INFO - Hypothesis ba_009: float64, float64 
[ 2023-01-03 11:08:31,030 ] 89 root - INFO - Hypothesis bb_000: float64, float64 
[ 2023-01-03 11:08:31,037 ] 89 root - INFO - Hypothesis bc_000: float64, float64 
[ 2023-01-03 11:08:31,042 ] 89 root - INFO - Hypothesis bd_000: float64, float64 
[ 2023-01-03 11:08:31,048 ] 89 root - INFO - Hypothesis be_000: float64, float64 
[ 2023-01-03 11:08:31,053 ] 89 root - INFO - Hypothesis bf_000: float64, float64 
[ 2023-01-03 11:08:31,058 ] 89 root - INFO - Hypothesis bg_000: float64, float64 
[ 2023-01-03 11:08:31,065 ] 89 root - INFO - Hypothesis bh_000: float64, float64 
[ 2023-01-03 11:08:31,072 ] 89 root - INFO - Hypothesis bi_000: float64, float64 
[ 2023-01-03 11:08:31,079 ] 89 root - INFO - Hypothesis bj_000: float64, float64 
[ 2023-01-03 11:08:31,086 ] 89 root - INFO - Hypothesis bs_000: float64, float64 
[ 2023-01-03 11:08:31,093 ] 89 root - INFO - Hypothesis bt_000: float64, float64 
[ 2023-01-03 11:08:31,100 ] 89 root - INFO - Hypothesis bu_000: float64, float64 
[ 2023-01-03 11:08:31,108 ] 89 root - INFO - Hypothesis bv_000: float64, float64 
[ 2023-01-03 11:08:31,115 ] 89 root - INFO - Hypothesis bx_000: float64, float64 
[ 2023-01-03 11:08:31,122 ] 89 root - INFO - Hypothesis by_000: float64, float64 
[ 2023-01-03 11:08:31,129 ] 89 root - INFO - Hypothesis bz_000: float64, float64 
[ 2023-01-03 11:08:31,135 ] 89 root - INFO - Hypothesis ca_000: float64, float64 
[ 2023-01-03 11:08:31,142 ] 89 root - INFO - Hypothesis cb_000: float64, float64 
[ 2023-01-03 11:08:31,150 ] 89 root - INFO - Hypothesis cc_000: float64, float64 
[ 2023-01-03 11:08:31,157 ] 89 root - INFO - Hypothesis cd_000: float64, float64 
[ 2023-01-03 11:08:31,174 ] 89 root - INFO - Hypothesis ce_000: float64, float64 
[ 2023-01-03 11:08:31,180 ] 89 root - INFO - Hypothesis ci_000: float64, float64 
[ 2023-01-03 11:08:31,187 ] 89 root - INFO - Hypothesis cj_000: float64, float64 
[ 2023-01-03 11:08:31,192 ] 89 root - INFO - Hypothesis ck_000: float64, float64 
[ 2023-01-03 11:08:31,199 ] 89 root - INFO - Hypothesis cl_000: float64, float64 
[ 2023-01-03 11:08:31,215 ] 89 root - INFO - Hypothesis cm_000: float64, float64 
[ 2023-01-03 11:08:31,220 ] 89 root - INFO - Hypothesis cn_000: float64, float64 
[ 2023-01-03 11:08:31,223 ] 89 root - INFO - Hypothesis cn_001: float64, float64 
[ 2023-01-03 11:08:31,227 ] 89 root - INFO - Hypothesis cn_002: float64, float64 
[ 2023-01-03 11:08:31,232 ] 89 root - INFO - Hypothesis cn_003: float64, float64 
[ 2023-01-03 11:08:31,239 ] 89 root - INFO - Hypothesis cn_004: float64, float64 
[ 2023-01-03 11:08:31,247 ] 89 root - INFO - Hypothesis cn_005: float64, float64 
[ 2023-01-03 11:08:31,254 ] 89 root - INFO - Hypothesis cn_006: float64, float64 
[ 2023-01-03 11:08:31,260 ] 89 root - INFO - Hypothesis cn_007: float64, float64 
[ 2023-01-03 11:08:31,268 ] 89 root - INFO - Hypothesis cn_008: float64, float64 
[ 2023-01-03 11:08:31,274 ] 89 root - INFO - Hypothesis cn_009: float64, float64 
[ 2023-01-03 11:08:31,279 ] 89 root - INFO - Hypothesis cp_000: float64, float64 
[ 2023-01-03 11:08:31,285 ] 89 root - INFO - Hypothesis cq_000: float64, float64 
[ 2023-01-03 11:08:31,298 ] 89 root - INFO - Hypothesis cs_000: float64, float64 
[ 2023-01-03 11:08:31,305 ] 89 root - INFO - Hypothesis cs_001: float64, float64 
[ 2023-01-03 11:08:31,311 ] 89 root - INFO - Hypothesis cs_002: float64, float64 
[ 2023-01-03 11:08:31,317 ] 89 root - INFO - Hypothesis cs_003: float64, float64 
[ 2023-01-03 11:08:31,325 ] 89 root - INFO - Hypothesis cs_004: float64, float64 
[ 2023-01-03 11:08:31,332 ] 89 root - INFO - Hypothesis cs_005: float64, float64 
[ 2023-01-03 11:08:31,339 ] 89 root - INFO - Hypothesis cs_006: float64, float64 
[ 2023-01-03 11:08:31,346 ] 89 root - INFO - Hypothesis cs_007: float64, float64 
[ 2023-01-03 11:08:31,353 ] 89 root - INFO - Hypothesis cs_008: float64, float64 
[ 2023-01-03 11:08:31,359 ] 89 root - INFO - Hypothesis cs_009: float64, float64 
[ 2023-01-03 11:08:31,374 ] 89 root - INFO - Hypothesis dd_000: float64, float64 
[ 2023-01-03 11:08:31,381 ] 89 root - INFO - Hypothesis de_000: float64, float64 
[ 2023-01-03 11:08:31,386 ] 89 root - INFO - Hypothesis df_000: float64, float64 
[ 2023-01-03 11:08:31,402 ] 89 root - INFO - Hypothesis dg_000: float64, float64 
[ 2023-01-03 11:08:31,418 ] 89 root - INFO - Hypothesis dh_000: float64, float64 
[ 2023-01-03 11:08:31,434 ] 89 root - INFO - Hypothesis di_000: float64, float64 
[ 2023-01-03 11:08:31,439 ] 89 root - INFO - Hypothesis dj_000: float64, float64 
[ 2023-01-03 11:08:31,454 ] 89 root - INFO - Hypothesis dk_000: float64, float64 
[ 2023-01-03 11:08:31,469 ] 89 root - INFO - Hypothesis dl_000: float64, float64 
[ 2023-01-03 11:08:31,485 ] 89 root - INFO - Hypothesis dm_000: float64, float64 
[ 2023-01-03 11:08:31,500 ] 89 root - INFO - Hypothesis dn_000: float64, float64 
[ 2023-01-03 11:08:31,507 ] 89 root - INFO - Hypothesis do_000: float64, float64 
[ 2023-01-03 11:08:31,513 ] 89 root - INFO - Hypothesis dp_000: float64, float64 
[ 2023-01-03 11:08:31,519 ] 89 root - INFO - Hypothesis dq_000: float64, float64 
[ 2023-01-03 11:08:31,536 ] 89 root - INFO - Hypothesis dr_000: float64, float64 
[ 2023-01-03 11:08:31,540 ] 89 root - INFO - Hypothesis ds_000: float64, float64 
[ 2023-01-03 11:08:31,547 ] 89 root - INFO - Hypothesis dt_000: float64, float64 
[ 2023-01-03 11:08:31,553 ] 89 root - INFO - Hypothesis du_000: float64, float64 
[ 2023-01-03 11:08:31,572 ] 89 root - INFO - Hypothesis dv_000: float64, float64 
[ 2023-01-03 11:08:31,579 ] 89 root - INFO - Hypothesis dx_000: float64, float64 
[ 2023-01-03 11:08:31,584 ] 89 root - INFO - Hypothesis dy_000: float64, float64 
[ 2023-01-03 11:08:31,589 ] 89 root - INFO - Hypothesis dz_000: float64, float64 
[ 2023-01-03 11:08:31,603 ] 89 root - INFO - Hypothesis ea_000: float64, float64 
[ 2023-01-03 11:08:31,619 ] 89 root - INFO - Hypothesis eb_000: float64, float64 
[ 2023-01-03 11:08:31,624 ] 89 root - INFO - Hypothesis ec_00: float64, float64 
[ 2023-01-03 11:08:31,631 ] 89 root - INFO - Hypothesis ed_000: float64, float64 
[ 2023-01-03 11:08:31,637 ] 89 root - INFO - Hypothesis ee_000: float64, float64 
[ 2023-01-03 11:08:31,644 ] 89 root - INFO - Hypothesis ee_001: float64, float64 
[ 2023-01-03 11:08:31,651 ] 89 root - INFO - Hypothesis ee_002: float64, float64 
[ 2023-01-03 11:08:31,658 ] 89 root - INFO - Hypothesis ee_003: float64, float64 
[ 2023-01-03 11:08:31,665 ] 89 root - INFO - Hypothesis ee_004: float64, float64 
[ 2023-01-03 11:08:31,672 ] 89 root - INFO - Hypothesis ee_005: float64, float64 
[ 2023-01-03 11:08:31,678 ] 89 root - INFO - Hypothesis ee_006: float64, float64 
[ 2023-01-03 11:08:31,685 ] 89 root - INFO - Hypothesis ee_007: float64, float64 
[ 2023-01-03 11:08:31,692 ] 89 root - INFO - Hypothesis ee_008: float64, float64 
[ 2023-01-03 11:08:31,698 ] 89 root - INFO - Hypothesis ee_009: float64, float64 
[ 2023-01-03 11:08:31,704 ] 89 root - INFO - Hypothesis ef_000: float64, float64 
[ 2023-01-03 11:08:31,718 ] 89 root - INFO - Hypothesis eg_000: float64, float64 
[ 2023-01-03 11:08:31,733 ] 148 root - INFO - Write reprt in yaml file
[ 2023-01-03 11:08:31,805 ] 153 root - INFO - Data validation artifact: DataValidationArtifact(report_file_path='/config/workspace/artifact/01032023__110802/data_validation/report.yaml')
[ 2023-01-03 11:08:31,807 ] 24 root - INFO - >>>>>>>>>>>>>>>>>>>>>>>>>>>>>>>>>>>>>>>> Data Transformation <<<<<<<<<<<<<<<<<<<<<<<<<<<<<<<<<<<<<<<<
[ 2023-01-03 11:08:32,709 ] 75 root - INFO - Before resampling in training set Input: (28950, 170) Target:(28950,)
[ 2023-01-03 11:08:37,995 ] 77 root - INFO - After resampling in training set Input: (56124, 170) Target:(56124,)
[ 2023-01-03 11:08:37,996 ] 79 root - INFO - Before resampling in testing set Input: (7238, 170) Target:(7238,)
[ 2023-01-03 11:08:38,611 ] 81 root - INFO - After resampling in testing set Input: (14064, 170) Target:(14064,)
[ 2023-01-03 11:08:38,722 ] 57 root - INFO - Entered the save_object method of utils
[ 2023-01-03 11:08:38,725 ] 61 root - INFO - Exited the save_object method of utils
[ 2023-01-03 11:08:38,726 ] 57 root - INFO - Entered the save_object method of utils
[ 2023-01-03 11:08:38,726 ] 61 root - INFO - Exited the save_object method of utils
[ 2023-01-03 11:08:38,726 ] 112 root - INFO - Data transformation object DataTransformationArtifact(transform_object_path='/config/workspace/artifact/01032023__110802/data_transformation/transformer/transformer.pkl', transformed_train_path='/config/workspace/artifact/01032023__110802/data_transformation/transformed/train.npz', transformed_test_path='/config/workspace/artifact/01032023__110802/data_transformation/transformed/test.npz', target_encoder_path='/config/workspace/artifact/01032023__110802/data_transformation/target_encoder/target_encoder.pkl')
[ 2023-01-03 11:08:38,730 ] 18 root - INFO - >>>>>>>>>>>>>>>>>>>>>>>>>>>>>>>>>>>>>>>> Model Trainer <<<<<<<<<<<<<<<<<<<<<<<<<<<<<<<<<<<<<<<<
[ 2023-01-03 11:08:38,731 ] 45 root - INFO - Loading train and test array.
[ 2023-01-03 11:08:38,766 ] 49 root - INFO - Splitting input and target feature from both train and test arr.
[ 2023-01-03 11:08:38,766 ] 53 root - INFO - Train the model
[ 2023-01-03 11:08:49,245 ] 56 root - INFO - Calculating f1 train score
[ 2023-01-03 11:08:49,296 ] 60 root - INFO - Calculating f1 test score
[ 2023-01-03 11:08:49,313 ] 64 root - INFO - train score:0.9999821819931223 and tests score 0.9752209824663093
[ 2023-01-03 11:08:49,314 ] 66 root - INFO - Checking if our model is underfitting or not
[ 2023-01-03 11:08:49,314 ] 71 root - INFO - Checking if our model is overfiiting or not
[ 2023-01-03 11:08:49,314 ] 78 root - INFO - Saving mode object
[ 2023-01-03 11:08:49,314 ] 57 root - INFO - Entered the save_object method of utils
[ 2023-01-03 11:08:49,320 ] 61 root - INFO - Exited the save_object method of utils
[ 2023-01-03 11:08:49,320 ] 82 root - INFO - Prepare the artifact
[ 2023-01-03 11:08:49,320 ] 85 root - INFO - Model trainer artifact: ModelTrainerArtifact(model_path='/config/workspace/artifact/01032023__110802/model_trainer/model/model.pkl', f1_train_score=0.9999821819931223, f1_test_score=0.9752209824663093)
[ 2023-01-03 11:08:49,322 ] 19 root - INFO - >>>>>>>>>>>>>>>>>>>>>>>>>>>>>>>>>>>>>>>>  Model Evaluation <<<<<<<<<<<<<<<<<<<<<<<<<<<<<<<<<<<<<<<<
[ 2023-01-03 11:08:49,322 ] 35 root - INFO - if saved model folder has model the we will compare which model is best trained or the model from saved model folder
[ 2023-01-03 11:08:49,322 ] 46 root - INFO - Finding location of transformer model and target encoder
[ 2023-01-03 11:08:49,323 ] 51 root - INFO - Previous trained objects of transformer, model and target encoder
[ 2023-01-03 11:08:49,328 ] 58 root - INFO - Currently trained model objects
[ 2023-01-03 11:08:49,570 ] 76 root - INFO - Accuracy using previous trained model: 0.9479166666666666
[ 2023-01-03 11:08:49,614 ] 85 root - INFO - Accuracy using current trained model: 0.7926509186351706
[ 2023-01-03 11:08:49,614 ] 87 root - INFO - Current trained model is not better than previous model
