[ 2023-01-03 11:10:47,631 ] 24 root - INFO - Exporting collection data as pandas dataframe
[ 2023-01-03 11:10:47,632 ] 24 root - INFO - Reading data from database: aps and collection: sensor
[ 2023-01-03 11:10:53,604 ] 26 root - INFO - Found columns: Index(['_id', 'class', 'aa_000', 'ab_000', 'ac_000', 'ad_000', 'ae_000',
       'af_000', 'ag_000', 'ag_001',
       ...
       'ee_002', 'ee_003', 'ee_004', 'ee_005', 'ee_006', 'ee_007', 'ee_008',
       'ee_009', 'ef_000', 'eg_000'],
      dtype='object', length=172)
[ 2023-01-03 11:10:53,604 ] 28 root - INFO - Dropping column: _id 
[ 2023-01-03 11:10:53,816 ] 30 root - INFO - Row and columns in df: (36188, 171)
[ 2023-01-03 11:10:53,816 ] 30 root - INFO - Save data in feature store
[ 2023-01-03 11:10:54,436 ] 36 root - INFO - Create feature store folder if not available
[ 2023-01-03 11:10:54,437 ] 40 root - INFO - Save df to feature store folder
[ 2023-01-03 11:10:57,109 ] 45 root - INFO - split dataset into train and test set
[ 2023-01-03 11:10:58,001 ] 49 root - INFO - create dataset directory folder if not available
[ 2023-01-03 11:10:58,001 ] 54 root - INFO - Save df to feature store folder
[ 2023-01-03 11:11:00,279 ] 67 root - INFO - Data ingestion artifact: DataIngestionArtifact(feature_store_file_path='/config/workspace/artifact/01032023__111047/data_ingestion/feature_store/sensor.csv', train_file_path='/config/workspace/artifact/01032023__111047/data_ingestion/dataset/train.csv', test_file_path='/config/workspace/artifact/01032023__111047/data_ingestion/dataset/test.csv')
[ 2023-01-03 11:11:00,760 ] 22 root - INFO - >>>>>>>>>>>>>>>>>>>>>>>>>>>>>>>>>>>>>>>> Data Validation <<<<<<<<<<<<<<<<<<<<<<<<<<<<<<<<<<<<<<<<
[ 2023-01-03 11:11:00,761 ] 111 root - INFO - Reading base dataframe
[ 2023-01-03 11:11:03,720 ] 114 root - INFO - Replace na value in base df
[ 2023-01-03 11:11:03,720 ] 116 root - INFO - Drop null values colums from base df
[ 2023-01-03 11:11:04,679 ] 45 root - INFO - selecting column name which contains null above to 0.2
[ 2023-01-03 11:11:04,680 ] 48 root - INFO - Columns to drop: ['ab_000', 'ad_000', 'bk_000', 'bl_000', 'bm_000', 'bn_000', 'bo_000', 'bp_000', 'bq_000', 'br_000', 'cf_000', 'cg_000', 'ch_000', 'co_000', 'cr_000', 'ct_000', 'cu_000', 'cv_000', 'cx_000', 'cy_000', 'cz_000', 'da_000', 'db_000', 'dc_000']
[ 2023-01-03 11:11:04,786 ] 119 root - INFO - Reading train dataframe
[ 2023-01-03 11:11:05,185 ] 121 root - INFO - Reading test dataframe
[ 2023-01-03 11:11:05,289 ] 124 root - INFO - Drop null values colums from train df
[ 2023-01-03 11:11:05,302 ] 45 root - INFO - selecting column name which contains null above to 0.2
[ 2023-01-03 11:11:05,302 ] 48 root - INFO - Columns to drop: ['ab_000', 'ad_000', 'bk_000', 'bl_000', 'bm_000', 'bn_000', 'bo_000', 'bp_000', 'bq_000', 'br_000', 'cf_000', 'cg_000', 'ch_000', 'co_000', 'cr_000', 'ct_000', 'cu_000', 'cv_000', 'cx_000', 'cy_000', 'cz_000', 'da_000', 'db_000', 'dc_000']
[ 2023-01-03 11:11:05,311 ] 126 root - INFO - Drop null values colums from test df
[ 2023-01-03 11:11:05,315 ] 45 root - INFO - selecting column name which contains null above to 0.2
[ 2023-01-03 11:11:05,316 ] 48 root - INFO - Columns to drop: ['ab_000', 'ad_000', 'bk_000', 'bl_000', 'bm_000', 'bn_000', 'bo_000', 'bp_000', 'bq_000', 'br_000', 'cf_000', 'cg_000', 'ch_000', 'co_000', 'cr_000', 'ct_000', 'cu_000', 'cv_000', 'cx_000', 'cy_000', 'cz_000', 'da_000', 'db_000', 'dc_000']
[ 2023-01-03 11:11:11,427 ] 135 root - INFO - Is all required columns present in train df
[ 2023-01-03 11:11:11,427 ] 137 root - INFO - Is all required columns present in test df
[ 2023-01-03 11:11:11,427 ] 141 root - INFO - As all column are available in train df hence detecting data drift
[ 2023-01-03 11:11:11,427 ] 89 root - INFO - Hypothesis class: object, object 
[ 2023-01-03 11:11:11,561 ] 89 root - INFO - Hypothesis aa_000: float64, float64 
[ 2023-01-03 11:11:11,575 ] 89 root - INFO - Hypothesis ac_000: float64, float64 
[ 2023-01-03 11:11:11,583 ] 89 root - INFO - Hypothesis ae_000: float64, float64 
[ 2023-01-03 11:11:11,620 ] 89 root - INFO - Hypothesis af_000: float64, float64 
[ 2023-01-03 11:11:11,657 ] 89 root - INFO - Hypothesis ag_000: float64, float64 
[ 2023-01-03 11:11:11,693 ] 89 root - INFO - Hypothesis ag_001: float64, float64 
[ 2023-01-03 11:11:11,729 ] 89 root - INFO - Hypothesis ag_002: float64, float64 
[ 2023-01-03 11:11:11,766 ] 89 root - INFO - Hypothesis ag_003: float64, float64 
[ 2023-01-03 11:11:11,804 ] 89 root - INFO - Hypothesis ag_004: float64, float64 
[ 2023-01-03 11:11:11,847 ] 89 root - INFO - Hypothesis ag_005: float64, float64 
[ 2023-01-03 11:11:11,858 ] 89 root - INFO - Hypothesis ag_006: float64, float64 
[ 2023-01-03 11:11:11,868 ] 89 root - INFO - Hypothesis ag_007: float64, float64 
[ 2023-01-03 11:11:11,878 ] 89 root - INFO - Hypothesis ag_008: float64, float64 
[ 2023-01-03 11:11:11,886 ] 89 root - INFO - Hypothesis ag_009: float64, float64 
[ 2023-01-03 11:11:11,925 ] 89 root - INFO - Hypothesis ah_000: float64, float64 
[ 2023-01-03 11:11:11,936 ] 89 root - INFO - Hypothesis ai_000: float64, float64 
[ 2023-01-03 11:11:11,973 ] 89 root - INFO - Hypothesis aj_000: float64, float64 
[ 2023-01-03 11:11:12,012 ] 89 root - INFO - Hypothesis ak_000: float64, float64 
[ 2023-01-03 11:11:12,049 ] 89 root - INFO - Hypothesis al_000: float64, float64 
[ 2023-01-03 11:11:12,057 ] 89 root - INFO - Hypothesis am_0: float64, float64 
[ 2023-01-03 11:11:12,064 ] 89 root - INFO - Hypothesis an_000: float64, float64 
[ 2023-01-03 11:11:12,075 ] 89 root - INFO - Hypothesis ao_000: float64, float64 
[ 2023-01-03 11:11:12,085 ] 89 root - INFO - Hypothesis ap_000: float64, float64 
[ 2023-01-03 11:11:12,096 ] 89 root - INFO - Hypothesis aq_000: float64, float64 
[ 2023-01-03 11:11:12,106 ] 89 root - INFO - Hypothesis ar_000: float64, float64 
[ 2023-01-03 11:11:12,142 ] 89 root - INFO - Hypothesis as_000: float64, float64 
[ 2023-01-03 11:11:12,178 ] 89 root - INFO - Hypothesis at_000: float64, float64 
[ 2023-01-03 11:11:12,218 ] 89 root - INFO - Hypothesis au_000: float64, float64 
[ 2023-01-03 11:11:12,254 ] 89 root - INFO - Hypothesis av_000: float64, float64 
[ 2023-01-03 11:11:12,263 ] 89 root - INFO - Hypothesis ax_000: float64, float64 
[ 2023-01-03 11:11:12,303 ] 89 root - INFO - Hypothesis ay_000: float64, float64 
[ 2023-01-03 11:11:12,339 ] 89 root - INFO - Hypothesis ay_001: float64, float64 
[ 2023-01-03 11:11:12,375 ] 89 root - INFO - Hypothesis ay_002: float64, float64 
[ 2023-01-03 11:11:12,413 ] 89 root - INFO - Hypothesis ay_003: float64, float64 
[ 2023-01-03 11:11:12,449 ] 89 root - INFO - Hypothesis ay_004: float64, float64 
[ 2023-01-03 11:11:12,485 ] 89 root - INFO - Hypothesis ay_005: float64, float64 
[ 2023-01-03 11:11:12,494 ] 89 root - INFO - Hypothesis ay_006: float64, float64 
[ 2023-01-03 11:11:12,503 ] 89 root - INFO - Hypothesis ay_007: float64, float64 
[ 2023-01-03 11:11:12,547 ] 89 root - INFO - Hypothesis ay_008: float64, float64 
[ 2023-01-03 11:11:12,558 ] 89 root - INFO - Hypothesis ay_009: float64, float64 
[ 2023-01-03 11:11:12,595 ] 89 root - INFO - Hypothesis az_000: float64, float64 
[ 2023-01-03 11:11:12,638 ] 89 root - INFO - Hypothesis az_001: float64, float64 
[ 2023-01-03 11:11:12,647 ] 89 root - INFO - Hypothesis az_002: float64, float64 
[ 2023-01-03 11:11:12,657 ] 89 root - INFO - Hypothesis az_003: float64, float64 
[ 2023-01-03 11:11:12,667 ] 89 root - INFO - Hypothesis az_004: float64, float64 
[ 2023-01-03 11:11:12,677 ] 89 root - INFO - Hypothesis az_005: float64, float64 
[ 2023-01-03 11:11:12,688 ] 89 root - INFO - Hypothesis az_006: float64, float64 
[ 2023-01-03 11:11:12,729 ] 89 root - INFO - Hypothesis az_007: float64, float64 
[ 2023-01-03 11:11:12,771 ] 89 root - INFO - Hypothesis az_008: float64, float64 
[ 2023-01-03 11:11:12,809 ] 89 root - INFO - Hypothesis az_009: float64, float64 
[ 2023-01-03 11:11:12,845 ] 89 root - INFO - Hypothesis ba_000: float64, float64 
[ 2023-01-03 11:11:12,856 ] 89 root - INFO - Hypothesis ba_001: float64, float64 
[ 2023-01-03 11:11:12,867 ] 89 root - INFO - Hypothesis ba_002: float64, float64 
[ 2023-01-03 11:11:12,877 ] 89 root - INFO - Hypothesis ba_003: float64, float64 
[ 2023-01-03 11:11:12,888 ] 89 root - INFO - Hypothesis ba_004: float64, float64 
[ 2023-01-03 11:11:12,898 ] 89 root - INFO - Hypothesis ba_005: float64, float64 
[ 2023-01-03 11:11:12,909 ] 89 root - INFO - Hypothesis ba_006: float64, float64 
[ 2023-01-03 11:11:12,919 ] 89 root - INFO - Hypothesis ba_007: float64, float64 
[ 2023-01-03 11:11:12,961 ] 89 root - INFO - Hypothesis ba_008: float64, float64 
[ 2023-01-03 11:11:12,969 ] 89 root - INFO - Hypothesis ba_009: float64, float64 
[ 2023-01-03 11:11:13,008 ] 89 root - INFO - Hypothesis bb_000: float64, float64 
[ 2023-01-03 11:11:13,018 ] 89 root - INFO - Hypothesis bc_000: float64, float64 
[ 2023-01-03 11:11:13,058 ] 89 root - INFO - Hypothesis bd_000: float64, float64 
[ 2023-01-03 11:11:13,066 ] 89 root - INFO - Hypothesis be_000: float64, float64 
[ 2023-01-03 11:11:13,075 ] 89 root - INFO - Hypothesis bf_000: float64, float64 
[ 2023-01-03 11:11:13,082 ] 89 root - INFO - Hypothesis bg_000: float64, float64 
[ 2023-01-03 11:11:13,093 ] 89 root - INFO - Hypothesis bh_000: float64, float64 
[ 2023-01-03 11:11:13,103 ] 89 root - INFO - Hypothesis bi_000: float64, float64 
[ 2023-01-03 11:11:13,114 ] 89 root - INFO - Hypothesis bj_000: float64, float64 
[ 2023-01-03 11:11:13,125 ] 89 root - INFO - Hypothesis bs_000: float64, float64 
[ 2023-01-03 11:11:13,170 ] 89 root - INFO - Hypothesis bt_000: float64, float64 
[ 2023-01-03 11:11:13,181 ] 89 root - INFO - Hypothesis bu_000: float64, float64 
[ 2023-01-03 11:11:13,192 ] 89 root - INFO - Hypothesis bv_000: float64, float64 
[ 2023-01-03 11:11:13,202 ] 89 root - INFO - Hypothesis bx_000: float64, float64 
[ 2023-01-03 11:11:13,213 ] 89 root - INFO - Hypothesis by_000: float64, float64 
[ 2023-01-03 11:11:13,223 ] 89 root - INFO - Hypothesis bz_000: float64, float64 
[ 2023-01-03 11:11:13,233 ] 89 root - INFO - Hypothesis ca_000: float64, float64 
[ 2023-01-03 11:11:13,247 ] 89 root - INFO - Hypothesis cb_000: float64, float64 
[ 2023-01-03 11:11:13,261 ] 89 root - INFO - Hypothesis cc_000: float64, float64 
[ 2023-01-03 11:11:13,273 ] 89 root - INFO - Hypothesis cd_000: float64, float64 
[ 2023-01-03 11:11:13,310 ] 89 root - INFO - Hypothesis ce_000: float64, float64 
[ 2023-01-03 11:11:13,320 ] 89 root - INFO - Hypothesis ci_000: float64, float64 
[ 2023-01-03 11:11:13,331 ] 89 root - INFO - Hypothesis cj_000: float64, float64 
[ 2023-01-03 11:11:13,338 ] 89 root - INFO - Hypothesis ck_000: float64, float64 
[ 2023-01-03 11:11:13,349 ] 89 root - INFO - Hypothesis cl_000: float64, float64 
[ 2023-01-03 11:11:13,387 ] 89 root - INFO - Hypothesis cm_000: float64, float64 
[ 2023-01-03 11:11:13,394 ] 89 root - INFO - Hypothesis cn_000: float64, float64 
[ 2023-01-03 11:11:13,431 ] 89 root - INFO - Hypothesis cn_001: float64, float64 
[ 2023-01-03 11:11:13,468 ] 89 root - INFO - Hypothesis cn_002: float64, float64 
[ 2023-01-03 11:11:13,476 ] 89 root - INFO - Hypothesis cn_003: float64, float64 
[ 2023-01-03 11:11:13,520 ] 89 root - INFO - Hypothesis cn_004: float64, float64 
[ 2023-01-03 11:11:13,531 ] 89 root - INFO - Hypothesis cn_005: float64, float64 
[ 2023-01-03 11:11:13,541 ] 89 root - INFO - Hypothesis cn_006: float64, float64 
[ 2023-01-03 11:11:13,552 ] 89 root - INFO - Hypothesis cn_007: float64, float64 
[ 2023-01-03 11:11:13,561 ] 89 root - INFO - Hypothesis cn_008: float64, float64 
[ 2023-01-03 11:11:13,570 ] 89 root - INFO - Hypothesis cn_009: float64, float64 
[ 2023-01-03 11:11:13,578 ] 89 root - INFO - Hypothesis cp_000: float64, float64 
[ 2023-01-03 11:11:13,618 ] 89 root - INFO - Hypothesis cq_000: float64, float64 
[ 2023-01-03 11:11:13,628 ] 89 root - INFO - Hypothesis cs_000: float64, float64 
[ 2023-01-03 11:11:13,638 ] 89 root - INFO - Hypothesis cs_001: float64, float64 
[ 2023-01-03 11:11:13,647 ] 89 root - INFO - Hypothesis cs_002: float64, float64 
[ 2023-01-03 11:11:13,657 ] 89 root - INFO - Hypothesis cs_003: float64, float64 
[ 2023-01-03 11:11:13,667 ] 89 root - INFO - Hypothesis cs_004: float64, float64 
[ 2023-01-03 11:11:13,678 ] 89 root - INFO - Hypothesis cs_005: float64, float64 
[ 2023-01-03 11:11:13,688 ] 89 root - INFO - Hypothesis cs_006: float64, float64 
[ 2023-01-03 11:11:13,699 ] 89 root - INFO - Hypothesis cs_007: float64, float64 
[ 2023-01-03 11:11:13,709 ] 89 root - INFO - Hypothesis cs_008: float64, float64 
[ 2023-01-03 11:11:13,748 ] 89 root - INFO - Hypothesis cs_009: float64, float64 
[ 2023-01-03 11:11:13,785 ] 89 root - INFO - Hypothesis dd_000: float64, float64 
[ 2023-01-03 11:11:13,795 ] 89 root - INFO - Hypothesis de_000: float64, float64 
[ 2023-01-03 11:11:13,835 ] 89 root - INFO - Hypothesis df_000: float64, float64 
[ 2023-01-03 11:11:13,872 ] 89 root - INFO - Hypothesis dg_000: float64, float64 
[ 2023-01-03 11:11:13,909 ] 89 root - INFO - Hypothesis dh_000: float64, float64 
[ 2023-01-03 11:11:13,946 ] 89 root - INFO - Hypothesis di_000: float64, float64 
[ 2023-01-03 11:11:13,953 ] 89 root - INFO - Hypothesis dj_000: float64, float64 
[ 2023-01-03 11:11:13,990 ] 89 root - INFO - Hypothesis dk_000: float64, float64 
[ 2023-01-03 11:11:14,027 ] 89 root - INFO - Hypothesis dl_000: float64, float64 
[ 2023-01-03 11:11:14,064 ] 89 root - INFO - Hypothesis dm_000: float64, float64 
[ 2023-01-03 11:11:14,101 ] 89 root - INFO - Hypothesis dn_000: float64, float64 
[ 2023-01-03 11:11:14,111 ] 89 root - INFO - Hypothesis do_000: float64, float64 
[ 2023-01-03 11:11:14,121 ] 89 root - INFO - Hypothesis dp_000: float64, float64 
[ 2023-01-03 11:11:14,130 ] 89 root - INFO - Hypothesis dq_000: float64, float64 
[ 2023-01-03 11:11:14,169 ] 89 root - INFO - Hypothesis dr_000: float64, float64 
[ 2023-01-03 11:11:14,210 ] 89 root - INFO - Hypothesis ds_000: float64, float64 
[ 2023-01-03 11:11:14,221 ] 89 root - INFO - Hypothesis dt_000: float64, float64 
[ 2023-01-03 11:11:14,231 ] 89 root - INFO - Hypothesis du_000: float64, float64 
[ 2023-01-03 11:11:14,241 ] 89 root - INFO - Hypothesis dv_000: float64, float64 
[ 2023-01-03 11:11:14,251 ] 89 root - INFO - Hypothesis dx_000: float64, float64 
[ 2023-01-03 11:11:14,290 ] 89 root - INFO - Hypothesis dy_000: float64, float64 
[ 2023-01-03 11:11:14,329 ] 89 root - INFO - Hypothesis dz_000: float64, float64 
[ 2023-01-03 11:11:14,366 ] 89 root - INFO - Hypothesis ea_000: float64, float64 
[ 2023-01-03 11:11:14,403 ] 89 root - INFO - Hypothesis eb_000: float64, float64 
[ 2023-01-03 11:11:14,411 ] 89 root - INFO - Hypothesis ec_00: float64, float64 
[ 2023-01-03 11:11:14,421 ] 89 root - INFO - Hypothesis ed_000: float64, float64 
[ 2023-01-03 11:11:14,430 ] 89 root - INFO - Hypothesis ee_000: float64, float64 
[ 2023-01-03 11:11:14,441 ] 89 root - INFO - Hypothesis ee_001: float64, float64 
[ 2023-01-03 11:11:14,452 ] 89 root - INFO - Hypothesis ee_002: float64, float64 
[ 2023-01-03 11:11:14,462 ] 89 root - INFO - Hypothesis ee_003: float64, float64 
[ 2023-01-03 11:11:14,472 ] 89 root - INFO - Hypothesis ee_004: float64, float64 
[ 2023-01-03 11:11:14,482 ] 89 root - INFO - Hypothesis ee_005: float64, float64 
[ 2023-01-03 11:11:14,492 ] 89 root - INFO - Hypothesis ee_006: float64, float64 
[ 2023-01-03 11:11:14,503 ] 89 root - INFO - Hypothesis ee_007: float64, float64 
[ 2023-01-03 11:11:14,512 ] 89 root - INFO - Hypothesis ee_008: float64, float64 
[ 2023-01-03 11:11:14,522 ] 89 root - INFO - Hypothesis ee_009: float64, float64 
[ 2023-01-03 11:11:14,529 ] 89 root - INFO - Hypothesis ef_000: float64, float64 
[ 2023-01-03 11:11:14,566 ] 89 root - INFO - Hypothesis eg_000: float64, float64 
[ 2023-01-03 11:11:14,601 ] 144 root - INFO - As all column are available in test df hence detecting data drift
[ 2023-01-03 11:11:14,602 ] 89 root - INFO - Hypothesis class: object, object 
[ 2023-01-03 11:11:14,675 ] 89 root - INFO - Hypothesis aa_000: float64, float64 
[ 2023-01-03 11:11:14,682 ] 89 root - INFO - Hypothesis ac_000: float64, float64 
[ 2023-01-03 11:11:14,687 ] 89 root - INFO - Hypothesis ae_000: float64, float64 
[ 2023-01-03 11:11:14,703 ] 89 root - INFO - Hypothesis af_000: float64, float64 
[ 2023-01-03 11:11:14,718 ] 89 root - INFO - Hypothesis ag_000: float64, float64 
[ 2023-01-03 11:11:14,733 ] 89 root - INFO - Hypothesis ag_001: float64, float64 
[ 2023-01-03 11:11:14,748 ] 89 root - INFO - Hypothesis ag_002: float64, float64 
[ 2023-01-03 11:11:14,763 ] 89 root - INFO - Hypothesis ag_003: float64, float64 
[ 2023-01-03 11:11:14,768 ] 89 root - INFO - Hypothesis ag_004: float64, float64 
[ 2023-01-03 11:11:14,775 ] 89 root - INFO - Hypothesis ag_005: float64, float64 
[ 2023-01-03 11:11:14,782 ] 89 root - INFO - Hypothesis ag_006: float64, float64 
[ 2023-01-03 11:11:14,789 ] 89 root - INFO - Hypothesis ag_007: float64, float64 
[ 2023-01-03 11:11:14,795 ] 89 root - INFO - Hypothesis ag_008: float64, float64 
[ 2023-01-03 11:11:14,801 ] 89 root - INFO - Hypothesis ag_009: float64, float64 
[ 2023-01-03 11:11:14,805 ] 89 root - INFO - Hypothesis ah_000: float64, float64 
[ 2023-01-03 11:11:14,812 ] 89 root - INFO - Hypothesis ai_000: float64, float64 
[ 2023-01-03 11:11:14,816 ] 89 root - INFO - Hypothesis aj_000: float64, float64 
[ 2023-01-03 11:11:14,820 ] 89 root - INFO - Hypothesis ak_000: float64, float64 
[ 2023-01-03 11:11:14,835 ] 89 root - INFO - Hypothesis al_000: float64, float64 
[ 2023-01-03 11:11:14,840 ] 89 root - INFO - Hypothesis am_0: float64, float64 
[ 2023-01-03 11:11:14,845 ] 89 root - INFO - Hypothesis an_000: float64, float64 
[ 2023-01-03 11:11:14,852 ] 89 root - INFO - Hypothesis ao_000: float64, float64 
[ 2023-01-03 11:11:14,859 ] 89 root - INFO - Hypothesis ap_000: float64, float64 
[ 2023-01-03 11:11:14,866 ] 89 root - INFO - Hypothesis aq_000: float64, float64 
[ 2023-01-03 11:11:14,873 ] 89 root - INFO - Hypothesis ar_000: float64, float64 
[ 2023-01-03 11:11:14,889 ] 89 root - INFO - Hypothesis as_000: float64, float64 
[ 2023-01-03 11:11:14,903 ] 89 root - INFO - Hypothesis at_000: float64, float64 
[ 2023-01-03 11:11:14,919 ] 89 root - INFO - Hypothesis au_000: float64, float64 
[ 2023-01-03 11:11:14,934 ] 89 root - INFO - Hypothesis av_000: float64, float64 
[ 2023-01-03 11:11:14,940 ] 89 root - INFO - Hypothesis ax_000: float64, float64 
[ 2023-01-03 11:11:14,945 ] 89 root - INFO - Hypothesis ay_000: float64, float64 
[ 2023-01-03 11:11:14,960 ] 89 root - INFO - Hypothesis ay_001: float64, float64 
[ 2023-01-03 11:11:14,975 ] 89 root - INFO - Hypothesis ay_002: float64, float64 
[ 2023-01-03 11:11:14,990 ] 89 root - INFO - Hypothesis ay_003: float64, float64 
[ 2023-01-03 11:11:15,005 ] 89 root - INFO - Hypothesis ay_004: float64, float64 
[ 2023-01-03 11:11:15,021 ] 89 root - INFO - Hypothesis ay_005: float64, float64 
[ 2023-01-03 11:11:15,026 ] 89 root - INFO - Hypothesis ay_006: float64, float64 
[ 2023-01-03 11:11:15,032 ] 89 root - INFO - Hypothesis ay_007: float64, float64 
[ 2023-01-03 11:11:15,039 ] 89 root - INFO - Hypothesis ay_008: float64, float64 
[ 2023-01-03 11:11:15,046 ] 89 root - INFO - Hypothesis ay_009: float64, float64 
[ 2023-01-03 11:11:15,062 ] 89 root - INFO - Hypothesis az_000: float64, float64 
[ 2023-01-03 11:11:15,069 ] 89 root - INFO - Hypothesis az_001: float64, float64 
[ 2023-01-03 11:11:15,075 ] 89 root - INFO - Hypothesis az_002: float64, float64 
[ 2023-01-03 11:11:15,082 ] 89 root - INFO - Hypothesis az_003: float64, float64 
[ 2023-01-03 11:11:15,089 ] 89 root - INFO - Hypothesis az_004: float64, float64 
[ 2023-01-03 11:11:15,096 ] 89 root - INFO - Hypothesis az_005: float64, float64 
[ 2023-01-03 11:11:15,104 ] 89 root - INFO - Hypothesis az_006: float64, float64 
[ 2023-01-03 11:11:15,110 ] 89 root - INFO - Hypothesis az_007: float64, float64 
[ 2023-01-03 11:11:15,114 ] 89 root - INFO - Hypothesis az_008: float64, float64 
[ 2023-01-03 11:11:15,131 ] 89 root - INFO - Hypothesis az_009: float64, float64 
[ 2023-01-03 11:11:15,147 ] 89 root - INFO - Hypothesis ba_000: float64, float64 
[ 2023-01-03 11:11:15,155 ] 89 root - INFO - Hypothesis ba_001: float64, float64 
[ 2023-01-03 11:11:15,162 ] 89 root - INFO - Hypothesis ba_002: float64, float64 
[ 2023-01-03 11:11:15,169 ] 89 root - INFO - Hypothesis ba_003: float64, float64 
[ 2023-01-03 11:11:15,175 ] 89 root - INFO - Hypothesis ba_004: float64, float64 
[ 2023-01-03 11:11:15,182 ] 89 root - INFO - Hypothesis ba_005: float64, float64 
[ 2023-01-03 11:11:15,189 ] 89 root - INFO - Hypothesis ba_006: float64, float64 
[ 2023-01-03 11:11:15,196 ] 89 root - INFO - Hypothesis ba_007: float64, float64 
[ 2023-01-03 11:11:15,204 ] 89 root - INFO - Hypothesis ba_008: float64, float64 
[ 2023-01-03 11:11:15,210 ] 89 root - INFO - Hypothesis ba_009: float64, float64 
[ 2023-01-03 11:11:15,215 ] 89 root - INFO - Hypothesis bb_000: float64, float64 
[ 2023-01-03 11:11:15,222 ] 89 root - INFO - Hypothesis bc_000: float64, float64 
[ 2023-01-03 11:11:15,227 ] 89 root - INFO - Hypothesis bd_000: float64, float64 
[ 2023-01-03 11:11:15,232 ] 89 root - INFO - Hypothesis be_000: float64, float64 
[ 2023-01-03 11:11:15,238 ] 89 root - INFO - Hypothesis bf_000: float64, float64 
[ 2023-01-03 11:11:15,243 ] 89 root - INFO - Hypothesis bg_000: float64, float64 
[ 2023-01-03 11:11:15,250 ] 89 root - INFO - Hypothesis bh_000: float64, float64 
[ 2023-01-03 11:11:15,257 ] 89 root - INFO - Hypothesis bi_000: float64, float64 
[ 2023-01-03 11:11:15,267 ] 89 root - INFO - Hypothesis bj_000: float64, float64 
[ 2023-01-03 11:11:15,274 ] 89 root - INFO - Hypothesis bs_000: float64, float64 
[ 2023-01-03 11:11:15,281 ] 89 root - INFO - Hypothesis bt_000: float64, float64 
[ 2023-01-03 11:11:15,288 ] 89 root - INFO - Hypothesis bu_000: float64, float64 
[ 2023-01-03 11:11:15,295 ] 89 root - INFO - Hypothesis bv_000: float64, float64 
[ 2023-01-03 11:11:15,302 ] 89 root - INFO - Hypothesis bx_000: float64, float64 
[ 2023-01-03 11:11:15,309 ] 89 root - INFO - Hypothesis by_000: float64, float64 
[ 2023-01-03 11:11:15,316 ] 89 root - INFO - Hypothesis bz_000: float64, float64 
[ 2023-01-03 11:11:15,322 ] 89 root - INFO - Hypothesis ca_000: float64, float64 
[ 2023-01-03 11:11:15,329 ] 89 root - INFO - Hypothesis cb_000: float64, float64 
[ 2023-01-03 11:11:15,336 ] 89 root - INFO - Hypothesis cc_000: float64, float64 
[ 2023-01-03 11:11:15,343 ] 89 root - INFO - Hypothesis cd_000: float64, float64 
[ 2023-01-03 11:11:15,358 ] 89 root - INFO - Hypothesis ce_000: float64, float64 
[ 2023-01-03 11:11:15,364 ] 89 root - INFO - Hypothesis ci_000: float64, float64 
[ 2023-01-03 11:11:15,371 ] 89 root - INFO - Hypothesis cj_000: float64, float64 
[ 2023-01-03 11:11:15,375 ] 89 root - INFO - Hypothesis ck_000: float64, float64 
[ 2023-01-03 11:11:15,385 ] 89 root - INFO - Hypothesis cl_000: float64, float64 
[ 2023-01-03 11:11:15,389 ] 89 root - INFO - Hypothesis cm_000: float64, float64 
[ 2023-01-03 11:11:15,394 ] 89 root - INFO - Hypothesis cn_000: float64, float64 
[ 2023-01-03 11:11:15,409 ] 89 root - INFO - Hypothesis cn_001: float64, float64 
[ 2023-01-03 11:11:15,425 ] 89 root - INFO - Hypothesis cn_002: float64, float64 
[ 2023-01-03 11:11:15,431 ] 89 root - INFO - Hypothesis cn_003: float64, float64 
[ 2023-01-03 11:11:15,438 ] 89 root - INFO - Hypothesis cn_004: float64, float64 
[ 2023-01-03 11:11:15,445 ] 89 root - INFO - Hypothesis cn_005: float64, float64 
[ 2023-01-03 11:11:15,452 ] 89 root - INFO - Hypothesis cn_006: float64, float64 
[ 2023-01-03 11:11:15,459 ] 89 root - INFO - Hypothesis cn_007: float64, float64 
[ 2023-01-03 11:11:15,466 ] 89 root - INFO - Hypothesis cn_008: float64, float64 
[ 2023-01-03 11:11:15,472 ] 89 root - INFO - Hypothesis cn_009: float64, float64 
[ 2023-01-03 11:11:15,478 ] 89 root - INFO - Hypothesis cp_000: float64, float64 
[ 2023-01-03 11:11:15,483 ] 89 root - INFO - Hypothesis cq_000: float64, float64 
[ 2023-01-03 11:11:15,490 ] 89 root - INFO - Hypothesis cs_000: float64, float64 
[ 2023-01-03 11:11:15,497 ] 89 root - INFO - Hypothesis cs_001: float64, float64 
[ 2023-01-03 11:11:15,502 ] 89 root - INFO - Hypothesis cs_002: float64, float64 
[ 2023-01-03 11:11:15,509 ] 89 root - INFO - Hypothesis cs_003: float64, float64 
[ 2023-01-03 11:11:15,516 ] 89 root - INFO - Hypothesis cs_004: float64, float64 
[ 2023-01-03 11:11:15,523 ] 89 root - INFO - Hypothesis cs_005: float64, float64 
[ 2023-01-03 11:11:15,530 ] 89 root - INFO - Hypothesis cs_006: float64, float64 
[ 2023-01-03 11:11:15,538 ] 89 root - INFO - Hypothesis cs_007: float64, float64 
[ 2023-01-03 11:11:15,544 ] 89 root - INFO - Hypothesis cs_008: float64, float64 
[ 2023-01-03 11:11:15,550 ] 89 root - INFO - Hypothesis cs_009: float64, float64 
[ 2023-01-03 11:11:15,553 ] 89 root - INFO - Hypothesis dd_000: float64, float64 
[ 2023-01-03 11:11:15,559 ] 89 root - INFO - Hypothesis de_000: float64, float64 
[ 2023-01-03 11:11:15,565 ] 89 root - INFO - Hypothesis df_000: float64, float64 
[ 2023-01-03 11:11:15,581 ] 89 root - INFO - Hypothesis dg_000: float64, float64 
[ 2023-01-03 11:11:15,597 ] 89 root - INFO - Hypothesis dh_000: float64, float64 
[ 2023-01-03 11:11:15,601 ] 89 root - INFO - Hypothesis di_000: float64, float64 
[ 2023-01-03 11:11:15,605 ] 89 root - INFO - Hypothesis dj_000: float64, float64 
[ 2023-01-03 11:11:15,620 ] 89 root - INFO - Hypothesis dk_000: float64, float64 
[ 2023-01-03 11:11:15,635 ] 89 root - INFO - Hypothesis dl_000: float64, float64 
[ 2023-01-03 11:11:15,651 ] 89 root - INFO - Hypothesis dm_000: float64, float64 
[ 2023-01-03 11:11:15,666 ] 89 root - INFO - Hypothesis dn_000: float64, float64 
[ 2023-01-03 11:11:15,673 ] 89 root - INFO - Hypothesis do_000: float64, float64 
[ 2023-01-03 11:11:15,679 ] 89 root - INFO - Hypothesis dp_000: float64, float64 
[ 2023-01-03 11:11:15,686 ] 89 root - INFO - Hypothesis dq_000: float64, float64 
[ 2023-01-03 11:11:15,690 ] 89 root - INFO - Hypothesis dr_000: float64, float64 
[ 2023-01-03 11:11:15,694 ] 89 root - INFO - Hypothesis ds_000: float64, float64 
[ 2023-01-03 11:11:15,701 ] 89 root - INFO - Hypothesis dt_000: float64, float64 
[ 2023-01-03 11:11:15,708 ] 89 root - INFO - Hypothesis du_000: float64, float64 
[ 2023-01-03 11:11:15,715 ] 89 root - INFO - Hypothesis dv_000: float64, float64 
[ 2023-01-03 11:11:15,732 ] 89 root - INFO - Hypothesis dx_000: float64, float64 
[ 2023-01-03 11:11:15,737 ] 89 root - INFO - Hypothesis dy_000: float64, float64 
[ 2023-01-03 11:11:15,742 ] 89 root - INFO - Hypothesis dz_000: float64, float64 
[ 2023-01-03 11:11:15,758 ] 89 root - INFO - Hypothesis ea_000: float64, float64 
[ 2023-01-03 11:11:15,774 ] 89 root - INFO - Hypothesis eb_000: float64, float64 
[ 2023-01-03 11:11:15,780 ] 89 root - INFO - Hypothesis ec_00: float64, float64 
[ 2023-01-03 11:11:15,788 ] 89 root - INFO - Hypothesis ed_000: float64, float64 
[ 2023-01-03 11:11:15,794 ] 89 root - INFO - Hypothesis ee_000: float64, float64 
[ 2023-01-03 11:11:15,801 ] 89 root - INFO - Hypothesis ee_001: float64, float64 
[ 2023-01-03 11:11:15,809 ] 89 root - INFO - Hypothesis ee_002: float64, float64 
[ 2023-01-03 11:11:15,816 ] 89 root - INFO - Hypothesis ee_003: float64, float64 
[ 2023-01-03 11:11:15,823 ] 89 root - INFO - Hypothesis ee_004: float64, float64 
[ 2023-01-03 11:11:15,830 ] 89 root - INFO - Hypothesis ee_005: float64, float64 
[ 2023-01-03 11:11:15,837 ] 89 root - INFO - Hypothesis ee_006: float64, float64 
[ 2023-01-03 11:11:15,844 ] 89 root - INFO - Hypothesis ee_007: float64, float64 
[ 2023-01-03 11:11:15,850 ] 89 root - INFO - Hypothesis ee_008: float64, float64 
[ 2023-01-03 11:11:15,857 ] 89 root - INFO - Hypothesis ee_009: float64, float64 
[ 2023-01-03 11:11:15,862 ] 89 root - INFO - Hypothesis ef_000: float64, float64 
[ 2023-01-03 11:11:15,878 ] 89 root - INFO - Hypothesis eg_000: float64, float64 
[ 2023-01-03 11:11:15,893 ] 148 root - INFO - Write reprt in yaml file
[ 2023-01-03 11:11:15,962 ] 153 root - INFO - Data validation artifact: DataValidationArtifact(report_file_path='/config/workspace/artifact/01032023__111047/data_validation/report.yaml')
[ 2023-01-03 11:11:15,965 ] 24 root - INFO - >>>>>>>>>>>>>>>>>>>>>>>>>>>>>>>>>>>>>>>> Data Transformation <<<<<<<<<<<<<<<<<<<<<<<<<<<<<<<<<<<<<<<<
[ 2023-01-03 11:11:16,874 ] 75 root - INFO - Before resampling in training set Input: (28950, 170) Target:(28950,)
[ 2023-01-03 11:11:22,234 ] 77 root - INFO - After resampling in training set Input: (56108, 170) Target:(56108,)
[ 2023-01-03 11:11:22,234 ] 79 root - INFO - Before resampling in testing set Input: (7238, 170) Target:(7238,)
[ 2023-01-03 11:11:22,855 ] 81 root - INFO - After resampling in testing set Input: (14090, 170) Target:(14090,)
[ 2023-01-03 11:11:22,971 ] 57 root - INFO - Entered the save_object method of utils
[ 2023-01-03 11:11:22,974 ] 61 root - INFO - Exited the save_object method of utils
[ 2023-01-03 11:11:22,974 ] 57 root - INFO - Entered the save_object method of utils
[ 2023-01-03 11:11:22,974 ] 61 root - INFO - Exited the save_object method of utils
[ 2023-01-03 11:11:22,974 ] 112 root - INFO - Data transformation object DataTransformationArtifact(transform_object_path='/config/workspace/artifact/01032023__111047/data_transformation/transformer/transformer.pkl', transformed_train_path='/config/workspace/artifact/01032023__111047/data_transformation/transformed/train.npz', transformed_test_path='/config/workspace/artifact/01032023__111047/data_transformation/transformed/test.npz', target_encoder_path='/config/workspace/artifact/01032023__111047/data_transformation/target_encoder/target_encoder.pkl')
[ 2023-01-03 11:11:22,976 ] 18 root - INFO - >>>>>>>>>>>>>>>>>>>>>>>>>>>>>>>>>>>>>>>> Model Trainer <<<<<<<<<<<<<<<<<<<<<<<<<<<<<<<<<<<<<<<<
[ 2023-01-03 11:11:22,976 ] 45 root - INFO - Loading train and test array.
[ 2023-01-03 11:11:23,005 ] 49 root - INFO - Splitting input and target feature from both train and test arr.
[ 2023-01-03 11:11:23,005 ] 53 root - INFO - Train the model
[ 2023-01-03 11:11:34,240 ] 56 root - INFO - Calculating f1 train score
[ 2023-01-03 11:11:34,289 ] 60 root - INFO - Calculating f1 test score
[ 2023-01-03 11:11:34,306 ] 64 root - INFO - train score:1.0 and tests score 0.9856938483547925
[ 2023-01-03 11:11:34,306 ] 66 root - INFO - Checking if our model is underfitting or not
[ 2023-01-03 11:11:34,306 ] 71 root - INFO - Checking if our model is overfiiting or not
[ 2023-01-03 11:11:34,306 ] 78 root - INFO - Saving mode object
[ 2023-01-03 11:11:34,306 ] 57 root - INFO - Entered the save_object method of utils
[ 2023-01-03 11:11:34,312 ] 61 root - INFO - Exited the save_object method of utils
[ 2023-01-03 11:11:34,312 ] 82 root - INFO - Prepare the artifact
[ 2023-01-03 11:11:34,312 ] 85 root - INFO - Model trainer artifact: ModelTrainerArtifact(model_path='/config/workspace/artifact/01032023__111047/model_trainer/model/model.pkl', f1_train_score=1.0, f1_test_score=0.9856938483547925)
[ 2023-01-03 11:11:34,314 ] 19 root - INFO - >>>>>>>>>>>>>>>>>>>>>>>>>>>>>>>>>>>>>>>>  Model Evaluation <<<<<<<<<<<<<<<<<<<<<<<<<<<<<<<<<<<<<<<<
[ 2023-01-03 11:11:34,314 ] 35 root - INFO - if saved model folder has model the we will compare which model is best trained or the model from saved model folder
[ 2023-01-03 11:11:34,315 ] 46 root - INFO - Finding location of transformer model and target encoder
[ 2023-01-03 11:11:34,315 ] 51 root - INFO - Previous trained objects of transformer, model and target encoder
[ 2023-01-03 11:11:34,320 ] 58 root - INFO - Currently trained model objects
[ 2023-01-03 11:11:34,501 ] 76 root - INFO - Accuracy using previous trained model: 0.9575070821529744
[ 2023-01-03 11:11:34,542 ] 85 root - INFO - Accuracy using current trained model: 0.8191489361702129
[ 2023-01-03 11:11:34,542 ] 87 root - INFO - Current trained model is not better than previous model
