[ 2022-12-25 11:26:04,593 ] 24 root - INFO - Exporting collection data as pandas dataframe
[ 2022-12-25 11:26:04,593 ] 24 root - INFO - Reading data from database: aps and collection: sensor
[ 2022-12-25 11:26:08,149 ] 26 root - INFO - Found columns: Index(['_id', 'class', 'aa_000', 'ab_000', 'ac_000', 'ad_000', 'ae_000',
       'af_000', 'ag_000', 'ag_001',
       ...
       'ee_002', 'ee_003', 'ee_004', 'ee_005', 'ee_006', 'ee_007', 'ee_008',
       'ee_009', 'ef_000', 'eg_000'],
      dtype='object', length=172)
[ 2022-12-25 11:26:08,150 ] 28 root - INFO - Dropping column: _id 
[ 2022-12-25 11:26:08,350 ] 30 root - INFO - Row and columns in df: (36188, 171)
[ 2022-12-25 11:26:08,350 ] 30 root - INFO - Save data in feature store
[ 2022-12-25 11:26:08,881 ] 36 root - INFO - Create feature store folder if not available
[ 2022-12-25 11:26:08,881 ] 40 root - INFO - Save df to feature store folder
[ 2022-12-25 11:26:11,378 ] 45 root - INFO - split dataset into train and test set
[ 2022-12-25 11:26:11,922 ] 49 root - INFO - create dataset directory folder if not available
[ 2022-12-25 11:26:11,922 ] 54 root - INFO - Save df to feature store folder
[ 2022-12-25 11:26:14,169 ] 67 root - INFO - Data ingestion artifact: DataIngestionArtifact(feature_store_file_path='/config/workspace/artifact/12252022__112604/data_ingestion/feature_store/sensor.csv', train_file_path='/config/workspace/artifact/12252022__112604/data_ingestion/dataset/train.csv', test_file_path='/config/workspace/artifact/12252022__112604/data_ingestion/dataset/test.csv')
[ 2022-12-25 11:26:14,583 ] 22 root - INFO - >>>>>>>>>>>>>>>>>>>>>>>>>>>>>>>>>>>>>>>> Data Validation <<<<<<<<<<<<<<<<<<<<<<<<<<<<<<<<<<<<<<<<
[ 2022-12-25 11:26:14,583 ] 111 root - INFO - Reading base dataframe
[ 2022-12-25 11:26:17,512 ] 114 root - INFO - Replace na value in base df
[ 2022-12-25 11:26:17,512 ] 116 root - INFO - Drop null values colums from base df
[ 2022-12-25 11:26:18,484 ] 45 root - INFO - selecting column name which contains null above to 0.2
[ 2022-12-25 11:26:18,484 ] 48 root - INFO - Columns to drop: ['ab_000', 'ad_000', 'bk_000', 'bl_000', 'bm_000', 'bn_000', 'bo_000', 'bp_000', 'bq_000', 'br_000', 'cf_000', 'cg_000', 'ch_000', 'co_000', 'cr_000', 'ct_000', 'cu_000', 'cv_000', 'cx_000', 'cy_000', 'cz_000', 'da_000', 'db_000', 'dc_000']
[ 2022-12-25 11:26:18,610 ] 119 root - INFO - Reading train dataframe
[ 2022-12-25 11:26:19,018 ] 121 root - INFO - Reading test dataframe
[ 2022-12-25 11:26:19,120 ] 124 root - INFO - Drop null values colums from train df
[ 2022-12-25 11:26:19,132 ] 45 root - INFO - selecting column name which contains null above to 0.2
[ 2022-12-25 11:26:19,132 ] 48 root - INFO - Columns to drop: ['ab_000', 'ad_000', 'bk_000', 'bl_000', 'bm_000', 'bn_000', 'bo_000', 'bp_000', 'bq_000', 'br_000', 'cf_000', 'cg_000', 'ch_000', 'co_000', 'cr_000', 'ct_000', 'cu_000', 'cv_000', 'cx_000', 'cy_000', 'cz_000', 'da_000', 'db_000', 'dc_000']
[ 2022-12-25 11:26:19,144 ] 126 root - INFO - Drop null values colums from test df
[ 2022-12-25 11:26:19,148 ] 45 root - INFO - selecting column name which contains null above to 0.2
[ 2022-12-25 11:26:19,149 ] 48 root - INFO - Columns to drop: ['ab_000', 'ad_000', 'bk_000', 'bl_000', 'bm_000', 'bn_000', 'bo_000', 'bp_000', 'bq_000', 'br_000', 'cf_000', 'cg_000', 'ch_000', 'co_000', 'cr_000', 'ct_000', 'cu_000', 'cv_000', 'cx_000', 'cy_000', 'cz_000', 'da_000', 'db_000', 'dc_000']
[ 2022-12-25 11:26:25,257 ] 135 root - INFO - Is all required columns present in train df
[ 2022-12-25 11:26:25,258 ] 137 root - INFO - Is all required columns present in test df
[ 2022-12-25 11:26:25,258 ] 141 root - INFO - As all column are available in train df hence detecting data drift
[ 2022-12-25 11:26:25,258 ] 89 root - INFO - Hypothesis class: object, object 
[ 2022-12-25 11:26:25,392 ] 89 root - INFO - Hypothesis aa_000: float64, float64 
[ 2022-12-25 11:26:25,403 ] 89 root - INFO - Hypothesis ac_000: float64, float64 
[ 2022-12-25 11:26:25,411 ] 89 root - INFO - Hypothesis ae_000: float64, float64 
[ 2022-12-25 11:26:25,448 ] 89 root - INFO - Hypothesis af_000: float64, float64 
[ 2022-12-25 11:26:25,485 ] 89 root - INFO - Hypothesis ag_000: float64, float64 
[ 2022-12-25 11:26:25,521 ] 89 root - INFO - Hypothesis ag_001: float64, float64 
[ 2022-12-25 11:26:25,557 ] 89 root - INFO - Hypothesis ag_002: float64, float64 
[ 2022-12-25 11:26:25,594 ] 89 root - INFO - Hypothesis ag_003: float64, float64 
[ 2022-12-25 11:26:25,632 ] 89 root - INFO - Hypothesis ag_004: float64, float64 
[ 2022-12-25 11:26:25,675 ] 89 root - INFO - Hypothesis ag_005: float64, float64 
[ 2022-12-25 11:26:25,718 ] 89 root - INFO - Hypothesis ag_006: float64, float64 
[ 2022-12-25 11:26:25,762 ] 89 root - INFO - Hypothesis ag_007: float64, float64 
[ 2022-12-25 11:26:25,771 ] 89 root - INFO - Hypothesis ag_008: float64, float64 
[ 2022-12-25 11:26:25,812 ] 89 root - INFO - Hypothesis ag_009: float64, float64 
[ 2022-12-25 11:26:25,819 ] 89 root - INFO - Hypothesis ah_000: float64, float64 
[ 2022-12-25 11:26:25,863 ] 89 root - INFO - Hypothesis ai_000: float64, float64 
[ 2022-12-25 11:26:25,901 ] 89 root - INFO - Hypothesis aj_000: float64, float64 
[ 2022-12-25 11:26:25,939 ] 89 root - INFO - Hypothesis ak_000: float64, float64 
[ 2022-12-25 11:26:25,976 ] 89 root - INFO - Hypothesis al_000: float64, float64 
[ 2022-12-25 11:26:26,017 ] 89 root - INFO - Hypothesis am_0: float64, float64 
[ 2022-12-25 11:26:26,057 ] 89 root - INFO - Hypothesis an_000: float64, float64 
[ 2022-12-25 11:26:26,102 ] 89 root - INFO - Hypothesis ao_000: float64, float64 
[ 2022-12-25 11:26:26,113 ] 89 root - INFO - Hypothesis ap_000: float64, float64 
[ 2022-12-25 11:26:26,124 ] 89 root - INFO - Hypothesis aq_000: float64, float64 
[ 2022-12-25 11:26:26,135 ] 89 root - INFO - Hypothesis ar_000: float64, float64 
[ 2022-12-25 11:26:26,172 ] 89 root - INFO - Hypothesis as_000: float64, float64 
[ 2022-12-25 11:26:26,209 ] 89 root - INFO - Hypothesis at_000: float64, float64 
[ 2022-12-25 11:26:26,246 ] 89 root - INFO - Hypothesis au_000: float64, float64 
[ 2022-12-25 11:26:26,283 ] 89 root - INFO - Hypothesis av_000: float64, float64 
[ 2022-12-25 11:26:26,324 ] 89 root - INFO - Hypothesis ax_000: float64, float64 
[ 2022-12-25 11:26:26,332 ] 89 root - INFO - Hypothesis ay_000: float64, float64 
[ 2022-12-25 11:26:26,368 ] 89 root - INFO - Hypothesis ay_001: float64, float64 
[ 2022-12-25 11:26:26,404 ] 89 root - INFO - Hypothesis ay_002: float64, float64 
[ 2022-12-25 11:26:26,440 ] 89 root - INFO - Hypothesis ay_003: float64, float64 
[ 2022-12-25 11:26:26,477 ] 89 root - INFO - Hypothesis ay_004: float64, float64 
[ 2022-12-25 11:26:26,515 ] 89 root - INFO - Hypothesis ay_005: float64, float64 
[ 2022-12-25 11:26:26,556 ] 89 root - INFO - Hypothesis ay_006: float64, float64 
[ 2022-12-25 11:26:26,597 ] 89 root - INFO - Hypothesis ay_007: float64, float64 
[ 2022-12-25 11:26:26,607 ] 89 root - INFO - Hypothesis ay_008: float64, float64 
[ 2022-12-25 11:26:26,617 ] 89 root - INFO - Hypothesis ay_009: float64, float64 
[ 2022-12-25 11:26:26,653 ] 89 root - INFO - Hypothesis az_000: float64, float64 
[ 2022-12-25 11:26:26,701 ] 89 root - INFO - Hypothesis az_001: float64, float64 
[ 2022-12-25 11:26:26,744 ] 89 root - INFO - Hypothesis az_002: float64, float64 
[ 2022-12-25 11:26:26,754 ] 89 root - INFO - Hypothesis az_003: float64, float64 
[ 2022-12-25 11:26:26,764 ] 89 root - INFO - Hypothesis az_004: float64, float64 
[ 2022-12-25 11:26:26,775 ] 89 root - INFO - Hypothesis az_005: float64, float64 
[ 2022-12-25 11:26:26,819 ] 89 root - INFO - Hypothesis az_006: float64, float64 
[ 2022-12-25 11:26:26,828 ] 89 root - INFO - Hypothesis az_007: float64, float64 
[ 2022-12-25 11:26:26,866 ] 89 root - INFO - Hypothesis az_008: float64, float64 
[ 2022-12-25 11:26:26,903 ] 89 root - INFO - Hypothesis az_009: float64, float64 
[ 2022-12-25 11:26:26,940 ] 89 root - INFO - Hypothesis ba_000: float64, float64 
[ 2022-12-25 11:26:26,983 ] 89 root - INFO - Hypothesis ba_001: float64, float64 
[ 2022-12-25 11:26:26,994 ] 89 root - INFO - Hypothesis ba_002: float64, float64 
[ 2022-12-25 11:26:27,004 ] 89 root - INFO - Hypothesis ba_003: float64, float64 
[ 2022-12-25 11:26:27,014 ] 89 root - INFO - Hypothesis ba_004: float64, float64 
[ 2022-12-25 11:26:27,025 ] 89 root - INFO - Hypothesis ba_005: float64, float64 
[ 2022-12-25 11:26:27,035 ] 89 root - INFO - Hypothesis ba_006: float64, float64 
[ 2022-12-25 11:26:27,046 ] 89 root - INFO - Hypothesis ba_007: float64, float64 
[ 2022-12-25 11:26:27,090 ] 89 root - INFO - Hypothesis ba_008: float64, float64 
[ 2022-12-25 11:26:27,131 ] 89 root - INFO - Hypothesis ba_009: float64, float64 
[ 2022-12-25 11:26:27,171 ] 89 root - INFO - Hypothesis bb_000: float64, float64 
[ 2022-12-25 11:26:27,214 ] 89 root - INFO - Hypothesis bc_000: float64, float64 
[ 2022-12-25 11:26:27,254 ] 89 root - INFO - Hypothesis bd_000: float64, float64 
[ 2022-12-25 11:26:27,263 ] 89 root - INFO - Hypothesis be_000: float64, float64 
[ 2022-12-25 11:26:27,305 ] 89 root - INFO - Hypothesis bf_000: float64, float64 
[ 2022-12-25 11:26:27,312 ] 89 root - INFO - Hypothesis bg_000: float64, float64 
[ 2022-12-25 11:26:27,354 ] 89 root - INFO - Hypothesis bh_000: float64, float64 
[ 2022-12-25 11:26:27,398 ] 89 root - INFO - Hypothesis bi_000: float64, float64 
[ 2022-12-25 11:26:27,442 ] 89 root - INFO - Hypothesis bj_000: float64, float64 
[ 2022-12-25 11:26:27,486 ] 89 root - INFO - Hypothesis bs_000: float64, float64 
[ 2022-12-25 11:26:27,529 ] 89 root - INFO - Hypothesis bt_000: float64, float64 
[ 2022-12-25 11:26:27,540 ] 89 root - INFO - Hypothesis bu_000: float64, float64 
[ 2022-12-25 11:26:27,583 ] 89 root - INFO - Hypothesis bv_000: float64, float64 
[ 2022-12-25 11:26:27,626 ] 89 root - INFO - Hypothesis bx_000: float64, float64 
[ 2022-12-25 11:26:27,668 ] 89 root - INFO - Hypothesis by_000: float64, float64 
[ 2022-12-25 11:26:27,679 ] 89 root - INFO - Hypothesis bz_000: float64, float64 
[ 2022-12-25 11:26:27,688 ] 89 root - INFO - Hypothesis ca_000: float64, float64 
[ 2022-12-25 11:26:27,731 ] 89 root - INFO - Hypothesis cb_000: float64, float64 
[ 2022-12-25 11:26:27,742 ] 89 root - INFO - Hypothesis cc_000: float64, float64 
[ 2022-12-25 11:26:27,784 ] 89 root - INFO - Hypothesis cd_000: float64, float64 
[ 2022-12-25 11:26:27,821 ] 89 root - INFO - Hypothesis ce_000: float64, float64 
[ 2022-12-25 11:26:27,862 ] 89 root - INFO - Hypothesis ci_000: float64, float64 
[ 2022-12-25 11:26:27,911 ] 89 root - INFO - Hypothesis cj_000: float64, float64 
[ 2022-12-25 11:26:27,951 ] 89 root - INFO - Hypothesis ck_000: float64, float64 
[ 2022-12-25 11:26:27,992 ] 89 root - INFO - Hypothesis cl_000: float64, float64 
[ 2022-12-25 11:26:28,031 ] 89 root - INFO - Hypothesis cm_000: float64, float64 
[ 2022-12-25 11:26:28,073 ] 89 root - INFO - Hypothesis cn_000: float64, float64 
[ 2022-12-25 11:26:28,109 ] 89 root - INFO - Hypothesis cn_001: float64, float64 
[ 2022-12-25 11:26:28,147 ] 89 root - INFO - Hypothesis cn_002: float64, float64 
[ 2022-12-25 11:26:28,155 ] 89 root - INFO - Hypothesis cn_003: float64, float64 
[ 2022-12-25 11:26:28,166 ] 89 root - INFO - Hypothesis cn_004: float64, float64 
[ 2022-12-25 11:26:28,208 ] 89 root - INFO - Hypothesis cn_005: float64, float64 
[ 2022-12-25 11:26:28,219 ] 89 root - INFO - Hypothesis cn_006: float64, float64 
[ 2022-12-25 11:26:28,230 ] 89 root - INFO - Hypothesis cn_007: float64, float64 
[ 2022-12-25 11:26:28,240 ] 89 root - INFO - Hypothesis cn_008: float64, float64 
[ 2022-12-25 11:26:28,249 ] 89 root - INFO - Hypothesis cn_009: float64, float64 
[ 2022-12-25 11:26:28,290 ] 89 root - INFO - Hypothesis cp_000: float64, float64 
[ 2022-12-25 11:26:28,331 ] 89 root - INFO - Hypothesis cq_000: float64, float64 
[ 2022-12-25 11:26:28,374 ] 89 root - INFO - Hypothesis cs_000: float64, float64 
[ 2022-12-25 11:26:28,417 ] 89 root - INFO - Hypothesis cs_001: float64, float64 
[ 2022-12-25 11:26:28,459 ] 89 root - INFO - Hypothesis cs_002: float64, float64 
[ 2022-12-25 11:26:28,469 ] 89 root - INFO - Hypothesis cs_003: float64, float64 
[ 2022-12-25 11:26:28,480 ] 89 root - INFO - Hypothesis cs_004: float64, float64 
[ 2022-12-25 11:26:28,491 ] 89 root - INFO - Hypothesis cs_005: float64, float64 
[ 2022-12-25 11:26:28,502 ] 89 root - INFO - Hypothesis cs_006: float64, float64 
[ 2022-12-25 11:26:28,545 ] 89 root - INFO - Hypothesis cs_007: float64, float64 
[ 2022-12-25 11:26:28,588 ] 89 root - INFO - Hypothesis cs_008: float64, float64 
[ 2022-12-25 11:26:28,628 ] 89 root - INFO - Hypothesis cs_009: float64, float64 
[ 2022-12-25 11:26:28,666 ] 89 root - INFO - Hypothesis dd_000: float64, float64 
[ 2022-12-25 11:26:28,707 ] 89 root - INFO - Hypothesis de_000: float64, float64 
[ 2022-12-25 11:26:28,747 ] 89 root - INFO - Hypothesis df_000: float64, float64 
[ 2022-12-25 11:26:28,785 ] 89 root - INFO - Hypothesis dg_000: float64, float64 
[ 2022-12-25 11:26:28,822 ] 89 root - INFO - Hypothesis dh_000: float64, float64 
[ 2022-12-25 11:26:28,860 ] 89 root - INFO - Hypothesis di_000: float64, float64 
[ 2022-12-25 11:26:28,901 ] 89 root - INFO - Hypothesis dj_000: float64, float64 
[ 2022-12-25 11:26:28,938 ] 89 root - INFO - Hypothesis dk_000: float64, float64 
[ 2022-12-25 11:26:28,975 ] 89 root - INFO - Hypothesis dl_000: float64, float64 
[ 2022-12-25 11:26:29,013 ] 89 root - INFO - Hypothesis dm_000: float64, float64 
[ 2022-12-25 11:26:29,050 ] 89 root - INFO - Hypothesis dn_000: float64, float64 
[ 2022-12-25 11:26:29,096 ] 89 root - INFO - Hypothesis do_000: float64, float64 
[ 2022-12-25 11:26:29,110 ] 89 root - INFO - Hypothesis dp_000: float64, float64 
[ 2022-12-25 11:26:29,153 ] 89 root - INFO - Hypothesis dq_000: float64, float64 
[ 2022-12-25 11:26:29,191 ] 89 root - INFO - Hypothesis dr_000: float64, float64 
[ 2022-12-25 11:26:29,228 ] 89 root - INFO - Hypothesis ds_000: float64, float64 
[ 2022-12-25 11:26:29,271 ] 89 root - INFO - Hypothesis dt_000: float64, float64 
[ 2022-12-25 11:26:29,313 ] 89 root - INFO - Hypothesis du_000: float64, float64 
[ 2022-12-25 11:26:29,324 ] 89 root - INFO - Hypothesis dv_000: float64, float64 
[ 2022-12-25 11:26:29,334 ] 89 root - INFO - Hypothesis dx_000: float64, float64 
[ 2022-12-25 11:26:29,374 ] 89 root - INFO - Hypothesis dy_000: float64, float64 
[ 2022-12-25 11:26:29,414 ] 89 root - INFO - Hypothesis dz_000: float64, float64 
[ 2022-12-25 11:26:29,452 ] 89 root - INFO - Hypothesis ea_000: float64, float64 
[ 2022-12-25 11:26:29,490 ] 89 root - INFO - Hypothesis eb_000: float64, float64 
[ 2022-12-25 11:26:29,531 ] 89 root - INFO - Hypothesis ec_00: float64, float64 
[ 2022-12-25 11:26:29,574 ] 89 root - INFO - Hypothesis ed_000: float64, float64 
[ 2022-12-25 11:26:29,615 ] 89 root - INFO - Hypothesis ee_000: float64, float64 
[ 2022-12-25 11:26:29,626 ] 89 root - INFO - Hypothesis ee_001: float64, float64 
[ 2022-12-25 11:26:29,668 ] 89 root - INFO - Hypothesis ee_002: float64, float64 
[ 2022-12-25 11:26:29,712 ] 89 root - INFO - Hypothesis ee_003: float64, float64 
[ 2022-12-25 11:26:29,755 ] 89 root - INFO - Hypothesis ee_004: float64, float64 
[ 2022-12-25 11:26:29,798 ] 89 root - INFO - Hypothesis ee_005: float64, float64 
[ 2022-12-25 11:26:29,808 ] 89 root - INFO - Hypothesis ee_006: float64, float64 
[ 2022-12-25 11:26:29,818 ] 89 root - INFO - Hypothesis ee_007: float64, float64 
[ 2022-12-25 11:26:29,828 ] 89 root - INFO - Hypothesis ee_008: float64, float64 
[ 2022-12-25 11:26:29,872 ] 89 root - INFO - Hypothesis ee_009: float64, float64 
[ 2022-12-25 11:26:29,911 ] 89 root - INFO - Hypothesis ef_000: float64, float64 
[ 2022-12-25 11:26:29,949 ] 89 root - INFO - Hypothesis eg_000: float64, float64 
[ 2022-12-25 11:26:29,986 ] 144 root - INFO - As all column are available in test df hence detecting data drift
[ 2022-12-25 11:26:29,987 ] 89 root - INFO - Hypothesis class: object, object 
[ 2022-12-25 11:26:30,049 ] 89 root - INFO - Hypothesis aa_000: float64, float64 
[ 2022-12-25 11:26:30,056 ] 89 root - INFO - Hypothesis ac_000: float64, float64 
[ 2022-12-25 11:26:30,062 ] 89 root - INFO - Hypothesis ae_000: float64, float64 
[ 2022-12-25 11:26:30,066 ] 89 root - INFO - Hypothesis af_000: float64, float64 
[ 2022-12-25 11:26:30,070 ] 89 root - INFO - Hypothesis ag_000: float64, float64 
[ 2022-12-25 11:26:30,085 ] 89 root - INFO - Hypothesis ag_001: float64, float64 
[ 2022-12-25 11:26:30,089 ] 89 root - INFO - Hypothesis ag_002: float64, float64 
[ 2022-12-25 11:26:30,092 ] 89 root - INFO - Hypothesis ag_003: float64, float64 
[ 2022-12-25 11:26:30,096 ] 89 root - INFO - Hypothesis ag_004: float64, float64 
[ 2022-12-25 11:26:30,103 ] 89 root - INFO - Hypothesis ag_005: float64, float64 
[ 2022-12-25 11:26:30,110 ] 89 root - INFO - Hypothesis ag_006: float64, float64 
[ 2022-12-25 11:26:30,118 ] 89 root - INFO - Hypothesis ag_007: float64, float64 
[ 2022-12-25 11:26:30,124 ] 89 root - INFO - Hypothesis ag_008: float64, float64 
[ 2022-12-25 11:26:30,130 ] 89 root - INFO - Hypothesis ag_009: float64, float64 
[ 2022-12-25 11:26:30,135 ] 89 root - INFO - Hypothesis ah_000: float64, float64 
[ 2022-12-25 11:26:30,142 ] 89 root - INFO - Hypothesis ai_000: float64, float64 
[ 2022-12-25 11:26:30,146 ] 89 root - INFO - Hypothesis aj_000: float64, float64 
[ 2022-12-25 11:26:30,150 ] 89 root - INFO - Hypothesis ak_000: float64, float64 
[ 2022-12-25 11:26:30,166 ] 89 root - INFO - Hypothesis al_000: float64, float64 
[ 2022-12-25 11:26:30,171 ] 89 root - INFO - Hypothesis am_0: float64, float64 
[ 2022-12-25 11:26:30,176 ] 89 root - INFO - Hypothesis an_000: float64, float64 
[ 2022-12-25 11:26:30,183 ] 89 root - INFO - Hypothesis ao_000: float64, float64 
[ 2022-12-25 11:26:30,190 ] 89 root - INFO - Hypothesis ap_000: float64, float64 
[ 2022-12-25 11:26:30,197 ] 89 root - INFO - Hypothesis aq_000: float64, float64 
[ 2022-12-25 11:26:30,204 ] 89 root - INFO - Hypothesis ar_000: float64, float64 
[ 2022-12-25 11:26:30,208 ] 89 root - INFO - Hypothesis as_000: float64, float64 
[ 2022-12-25 11:26:30,223 ] 89 root - INFO - Hypothesis at_000: float64, float64 
[ 2022-12-25 11:26:30,226 ] 89 root - INFO - Hypothesis au_000: float64, float64 
[ 2022-12-25 11:26:30,242 ] 89 root - INFO - Hypothesis av_000: float64, float64 
[ 2022-12-25 11:26:30,248 ] 89 root - INFO - Hypothesis ax_000: float64, float64 
[ 2022-12-25 11:26:30,253 ] 89 root - INFO - Hypothesis ay_000: float64, float64 
[ 2022-12-25 11:26:30,268 ] 89 root - INFO - Hypothesis ay_001: float64, float64 
[ 2022-12-25 11:26:30,283 ] 89 root - INFO - Hypothesis ay_002: float64, float64 
[ 2022-12-25 11:26:30,299 ] 89 root - INFO - Hypothesis ay_003: float64, float64 
[ 2022-12-25 11:26:30,315 ] 89 root - INFO - Hypothesis ay_004: float64, float64 
[ 2022-12-25 11:26:30,319 ] 89 root - INFO - Hypothesis ay_005: float64, float64 
[ 2022-12-25 11:26:30,326 ] 89 root - INFO - Hypothesis ay_006: float64, float64 
[ 2022-12-25 11:26:30,333 ] 89 root - INFO - Hypothesis ay_007: float64, float64 
[ 2022-12-25 11:26:30,339 ] 89 root - INFO - Hypothesis ay_008: float64, float64 
[ 2022-12-25 11:26:30,346 ] 89 root - INFO - Hypothesis ay_009: float64, float64 
[ 2022-12-25 11:26:30,362 ] 89 root - INFO - Hypothesis az_000: float64, float64 
[ 2022-12-25 11:26:30,369 ] 89 root - INFO - Hypothesis az_001: float64, float64 
[ 2022-12-25 11:26:30,375 ] 89 root - INFO - Hypothesis az_002: float64, float64 
[ 2022-12-25 11:26:30,381 ] 89 root - INFO - Hypothesis az_003: float64, float64 
[ 2022-12-25 11:26:30,388 ] 89 root - INFO - Hypothesis az_004: float64, float64 
[ 2022-12-25 11:26:30,395 ] 89 root - INFO - Hypothesis az_005: float64, float64 
[ 2022-12-25 11:26:30,402 ] 89 root - INFO - Hypothesis az_006: float64, float64 
[ 2022-12-25 11:26:30,408 ] 89 root - INFO - Hypothesis az_007: float64, float64 
[ 2022-12-25 11:26:30,414 ] 89 root - INFO - Hypothesis az_008: float64, float64 
[ 2022-12-25 11:26:30,431 ] 89 root - INFO - Hypothesis az_009: float64, float64 
[ 2022-12-25 11:26:30,446 ] 89 root - INFO - Hypothesis ba_000: float64, float64 
[ 2022-12-25 11:26:30,454 ] 89 root - INFO - Hypothesis ba_001: float64, float64 
[ 2022-12-25 11:26:30,461 ] 89 root - INFO - Hypothesis ba_002: float64, float64 
[ 2022-12-25 11:26:30,468 ] 89 root - INFO - Hypothesis ba_003: float64, float64 
[ 2022-12-25 11:26:30,475 ] 89 root - INFO - Hypothesis ba_004: float64, float64 
[ 2022-12-25 11:26:30,482 ] 89 root - INFO - Hypothesis ba_005: float64, float64 
[ 2022-12-25 11:26:30,489 ] 89 root - INFO - Hypothesis ba_006: float64, float64 
[ 2022-12-25 11:26:30,496 ] 89 root - INFO - Hypothesis ba_007: float64, float64 
[ 2022-12-25 11:26:30,503 ] 89 root - INFO - Hypothesis ba_008: float64, float64 
[ 2022-12-25 11:26:30,509 ] 89 root - INFO - Hypothesis ba_009: float64, float64 
[ 2022-12-25 11:26:30,514 ] 89 root - INFO - Hypothesis bb_000: float64, float64 
[ 2022-12-25 11:26:30,521 ] 89 root - INFO - Hypothesis bc_000: float64, float64 
[ 2022-12-25 11:26:30,526 ] 89 root - INFO - Hypothesis bd_000: float64, float64 
[ 2022-12-25 11:26:30,532 ] 89 root - INFO - Hypothesis be_000: float64, float64 
[ 2022-12-25 11:26:30,538 ] 89 root - INFO - Hypothesis bf_000: float64, float64 
[ 2022-12-25 11:26:30,543 ] 89 root - INFO - Hypothesis bg_000: float64, float64 
[ 2022-12-25 11:26:30,550 ] 89 root - INFO - Hypothesis bh_000: float64, float64 
[ 2022-12-25 11:26:30,557 ] 89 root - INFO - Hypothesis bi_000: float64, float64 
[ 2022-12-25 11:26:30,564 ] 89 root - INFO - Hypothesis bj_000: float64, float64 
[ 2022-12-25 11:26:30,572 ] 89 root - INFO - Hypothesis bs_000: float64, float64 
[ 2022-12-25 11:26:30,579 ] 89 root - INFO - Hypothesis bt_000: float64, float64 
[ 2022-12-25 11:26:30,586 ] 89 root - INFO - Hypothesis bu_000: float64, float64 
[ 2022-12-25 11:26:30,593 ] 89 root - INFO - Hypothesis bv_000: float64, float64 
[ 2022-12-25 11:26:30,600 ] 89 root - INFO - Hypothesis bx_000: float64, float64 
[ 2022-12-25 11:26:30,607 ] 89 root - INFO - Hypothesis by_000: float64, float64 
[ 2022-12-25 11:26:30,613 ] 89 root - INFO - Hypothesis bz_000: float64, float64 
[ 2022-12-25 11:26:30,619 ] 89 root - INFO - Hypothesis ca_000: float64, float64 
[ 2022-12-25 11:26:30,626 ] 89 root - INFO - Hypothesis cb_000: float64, float64 
[ 2022-12-25 11:26:30,633 ] 89 root - INFO - Hypothesis cc_000: float64, float64 
[ 2022-12-25 11:26:30,640 ] 89 root - INFO - Hypothesis cd_000: float64, float64 
[ 2022-12-25 11:26:30,656 ] 89 root - INFO - Hypothesis ce_000: float64, float64 
[ 2022-12-25 11:26:30,662 ] 89 root - INFO - Hypothesis ci_000: float64, float64 
[ 2022-12-25 11:26:30,669 ] 89 root - INFO - Hypothesis cj_000: float64, float64 
[ 2022-12-25 11:26:30,686 ] 89 root - INFO - Hypothesis ck_000: float64, float64 
[ 2022-12-25 11:26:30,693 ] 89 root - INFO - Hypothesis cl_000: float64, float64 
[ 2022-12-25 11:26:30,709 ] 89 root - INFO - Hypothesis cm_000: float64, float64 
[ 2022-12-25 11:26:30,714 ] 89 root - INFO - Hypothesis cn_000: float64, float64 
[ 2022-12-25 11:26:30,717 ] 89 root - INFO - Hypothesis cn_001: float64, float64 
[ 2022-12-25 11:26:30,721 ] 89 root - INFO - Hypothesis cn_002: float64, float64 
[ 2022-12-25 11:26:30,727 ] 89 root - INFO - Hypothesis cn_003: float64, float64 
[ 2022-12-25 11:26:30,734 ] 89 root - INFO - Hypothesis cn_004: float64, float64 
[ 2022-12-25 11:26:30,741 ] 89 root - INFO - Hypothesis cn_005: float64, float64 
[ 2022-12-25 11:26:30,748 ] 89 root - INFO - Hypothesis cn_006: float64, float64 
[ 2022-12-25 11:26:30,755 ] 89 root - INFO - Hypothesis cn_007: float64, float64 
[ 2022-12-25 11:26:30,761 ] 89 root - INFO - Hypothesis cn_008: float64, float64 
[ 2022-12-25 11:26:30,767 ] 89 root - INFO - Hypothesis cn_009: float64, float64 
[ 2022-12-25 11:26:30,773 ] 89 root - INFO - Hypothesis cp_000: float64, float64 
[ 2022-12-25 11:26:30,778 ] 89 root - INFO - Hypothesis cq_000: float64, float64 
[ 2022-12-25 11:26:30,785 ] 89 root - INFO - Hypothesis cs_000: float64, float64 
[ 2022-12-25 11:26:30,791 ] 89 root - INFO - Hypothesis cs_001: float64, float64 
[ 2022-12-25 11:26:30,797 ] 89 root - INFO - Hypothesis cs_002: float64, float64 
[ 2022-12-25 11:26:30,804 ] 89 root - INFO - Hypothesis cs_003: float64, float64 
[ 2022-12-25 11:26:30,811 ] 89 root - INFO - Hypothesis cs_004: float64, float64 
[ 2022-12-25 11:26:30,818 ] 89 root - INFO - Hypothesis cs_005: float64, float64 
[ 2022-12-25 11:26:30,825 ] 89 root - INFO - Hypothesis cs_006: float64, float64 
[ 2022-12-25 11:26:30,833 ] 89 root - INFO - Hypothesis cs_007: float64, float64 
[ 2022-12-25 11:26:30,839 ] 89 root - INFO - Hypothesis cs_008: float64, float64 
[ 2022-12-25 11:26:30,845 ] 89 root - INFO - Hypothesis cs_009: float64, float64 
[ 2022-12-25 11:26:30,860 ] 89 root - INFO - Hypothesis dd_000: float64, float64 
[ 2022-12-25 11:26:30,867 ] 89 root - INFO - Hypothesis de_000: float64, float64 
[ 2022-12-25 11:26:30,875 ] 89 root - INFO - Hypothesis df_000: float64, float64 
[ 2022-12-25 11:26:30,879 ] 89 root - INFO - Hypothesis dg_000: float64, float64 
[ 2022-12-25 11:26:30,882 ] 89 root - INFO - Hypothesis dh_000: float64, float64 
[ 2022-12-25 11:26:30,886 ] 89 root - INFO - Hypothesis di_000: float64, float64 
[ 2022-12-25 11:26:30,890 ] 89 root - INFO - Hypothesis dj_000: float64, float64 
[ 2022-12-25 11:26:30,893 ] 89 root - INFO - Hypothesis dk_000: float64, float64 
[ 2022-12-25 11:26:30,897 ] 89 root - INFO - Hypothesis dl_000: float64, float64 
[ 2022-12-25 11:26:30,900 ] 89 root - INFO - Hypothesis dm_000: float64, float64 
[ 2022-12-25 11:26:30,916 ] 89 root - INFO - Hypothesis dn_000: float64, float64 
[ 2022-12-25 11:26:30,922 ] 89 root - INFO - Hypothesis do_000: float64, float64 
[ 2022-12-25 11:26:30,929 ] 89 root - INFO - Hypothesis dp_000: float64, float64 
[ 2022-12-25 11:26:30,935 ] 89 root - INFO - Hypothesis dq_000: float64, float64 
[ 2022-12-25 11:26:30,939 ] 89 root - INFO - Hypothesis dr_000: float64, float64 
[ 2022-12-25 11:26:30,944 ] 89 root - INFO - Hypothesis ds_000: float64, float64 
[ 2022-12-25 11:26:30,950 ] 89 root - INFO - Hypothesis dt_000: float64, float64 
[ 2022-12-25 11:26:30,957 ] 89 root - INFO - Hypothesis du_000: float64, float64 
[ 2022-12-25 11:26:30,964 ] 89 root - INFO - Hypothesis dv_000: float64, float64 
[ 2022-12-25 11:26:30,971 ] 89 root - INFO - Hypothesis dx_000: float64, float64 
[ 2022-12-25 11:26:30,975 ] 89 root - INFO - Hypothesis dy_000: float64, float64 
[ 2022-12-25 11:26:30,980 ] 89 root - INFO - Hypothesis dz_000: float64, float64 
[ 2022-12-25 11:26:30,983 ] 89 root - INFO - Hypothesis ea_000: float64, float64 
[ 2022-12-25 11:26:30,986 ] 89 root - INFO - Hypothesis eb_000: float64, float64 
[ 2022-12-25 11:26:30,992 ] 89 root - INFO - Hypothesis ec_00: float64, float64 
[ 2022-12-25 11:26:30,998 ] 89 root - INFO - Hypothesis ed_000: float64, float64 
[ 2022-12-25 11:26:31,004 ] 89 root - INFO - Hypothesis ee_000: float64, float64 
[ 2022-12-25 11:26:31,011 ] 89 root - INFO - Hypothesis ee_001: float64, float64 
[ 2022-12-25 11:26:31,019 ] 89 root - INFO - Hypothesis ee_002: float64, float64 
[ 2022-12-25 11:26:31,025 ] 89 root - INFO - Hypothesis ee_003: float64, float64 
[ 2022-12-25 11:26:31,032 ] 89 root - INFO - Hypothesis ee_004: float64, float64 
[ 2022-12-25 11:26:31,039 ] 89 root - INFO - Hypothesis ee_005: float64, float64 
[ 2022-12-25 11:26:31,046 ] 89 root - INFO - Hypothesis ee_006: float64, float64 
[ 2022-12-25 11:26:31,053 ] 89 root - INFO - Hypothesis ee_007: float64, float64 
[ 2022-12-25 11:26:31,059 ] 89 root - INFO - Hypothesis ee_008: float64, float64 
[ 2022-12-25 11:26:31,066 ] 89 root - INFO - Hypothesis ee_009: float64, float64 
[ 2022-12-25 11:26:31,072 ] 89 root - INFO - Hypothesis ef_000: float64, float64 
[ 2022-12-25 11:26:31,076 ] 89 root - INFO - Hypothesis eg_000: float64, float64 
[ 2022-12-25 11:26:31,079 ] 148 root - INFO - Write reprt in yaml file
[ 2022-12-25 11:26:31,149 ] 153 root - INFO - Data validation artifact: DataValidationArtifact(report_file_path='/config/workspace/artifact/12252022__112604/data_validation/report.yaml')
[ 2022-12-25 11:26:31,151 ] 24 root - INFO - >>>>>>>>>>>>>>>>>>>>>>>>>>>>>>>>>>>>>>>> Data Transformation <<<<<<<<<<<<<<<<<<<<<<<<<<<<<<<<<<<<<<<<
[ 2022-12-25 11:26:32,064 ] 75 root - INFO - Before resampling in training set Input: (28950, 170) Target:(28950,)
[ 2022-12-25 11:26:37,564 ] 77 root - INFO - After resampling in training set Input: (56238, 170) Target:(56238,)
[ 2022-12-25 11:26:37,565 ] 79 root - INFO - Before resampling in testing set Input: (7238, 170) Target:(7238,)
[ 2022-12-25 11:26:38,221 ] 81 root - INFO - After resampling in testing set Input: (13946, 170) Target:(13946,)
[ 2022-12-25 11:26:38,329 ] 57 root - INFO - Entered the save_object method of utils
[ 2022-12-25 11:26:38,332 ] 61 root - INFO - Exited the save_object method of utils
[ 2022-12-25 11:26:38,332 ] 57 root - INFO - Entered the save_object method of utils
[ 2022-12-25 11:26:38,333 ] 61 root - INFO - Exited the save_object method of utils
[ 2022-12-25 11:26:38,333 ] 112 root - INFO - Data transformation object DataTransformationArtifact(transform_object_path='/config/workspace/artifact/12252022__112604/data_transformation/transformer/transformer.pkl', transformed_train_path='/config/workspace/artifact/12252022__112604/data_transformation/transformed/train.npz', transformed_test_path='/config/workspace/artifact/12252022__112604/data_transformation/transformed/test.npz', target_encoder_path='/config/workspace/artifact/12252022__112604/data_transformation/target_encoder/target_encoder.pkl')
[ 2022-12-25 11:26:38,334 ] 18 root - INFO - >>>>>>>>>>>>>>>>>>>>>>>>>>>>>>>>>>>>>>>> Model Trainer <<<<<<<<<<<<<<<<<<<<<<<<<<<<<<<<<<<<<<<<
[ 2022-12-25 11:26:38,334 ] 45 root - INFO - Loading train and test array.
[ 2022-12-25 11:26:38,364 ] 49 root - INFO - Splitting input and target feature from both train and test arr.
[ 2022-12-25 11:26:38,364 ] 53 root - INFO - Train the model
[ 2022-12-25 11:26:49,211 ] 56 root - INFO - Calculating f1 train score
[ 2022-12-25 11:26:49,262 ] 60 root - INFO - Calculating f1 test score
[ 2022-12-25 11:26:49,277 ] 64 root - INFO - train score:0.9999822181126305 and tests score 0.9871257051931145
[ 2022-12-25 11:26:49,278 ] 66 root - INFO - Checking if our model is underfitting or not
[ 2022-12-25 11:26:49,278 ] 71 root - INFO - Checking if our model is overfiiting or not
[ 2022-12-25 11:26:49,278 ] 78 root - INFO - Saving mode object
[ 2022-12-25 11:26:49,278 ] 57 root - INFO - Entered the save_object method of utils
[ 2022-12-25 11:26:49,284 ] 61 root - INFO - Exited the save_object method of utils
[ 2022-12-25 11:26:49,284 ] 82 root - INFO - Prepare the artifact
[ 2022-12-25 11:26:49,284 ] 85 root - INFO - Model trainer artifact: ModelTrainerArtifact(model_path='/config/workspace/artifact/12252022__112604/model_trainer/model/model.pkl', f1_train_score=0.9999822181126305, f1_test_score=0.9871257051931145)
[ 2022-12-25 11:26:49,286 ] 19 root - INFO - >>>>>>>>>>>>>>>>>>>>>>>>>>>>>>>>>>>>>>>>  Model Evaluation <<<<<<<<<<<<<<<<<<<<<<<<<<<<<<<<<<<<<<<<
[ 2022-12-25 11:26:49,286 ] 35 root - INFO - if saved model folder has model the we will compare which model is best trained or the model from saved model folder
[ 2022-12-25 11:26:49,286 ] 41 root - INFO - Model evaluation artifact: ModelEvaluationArtifact(is_model_accepted=True, improved_accuracy=None)
