[ 2022-12-26 11:37:25,477 ] 24 root - INFO - Exporting collection data as pandas dataframe
[ 2022-12-26 11:37:25,477 ] 24 root - INFO - Reading data from database: aps and collection: sensor
[ 2022-12-26 11:37:29,161 ] 26 root - INFO - Found columns: Index(['_id', 'class', 'aa_000', 'ab_000', 'ac_000', 'ad_000', 'ae_000',
       'af_000', 'ag_000', 'ag_001',
       ...
       'ee_002', 'ee_003', 'ee_004', 'ee_005', 'ee_006', 'ee_007', 'ee_008',
       'ee_009', 'ef_000', 'eg_000'],
      dtype='object', length=172)
[ 2022-12-26 11:37:29,162 ] 28 root - INFO - Dropping column: _id 
[ 2022-12-26 11:37:29,361 ] 30 root - INFO - Row and columns in df: (36188, 171)
[ 2022-12-26 11:37:29,362 ] 30 root - INFO - Save data in feature store
[ 2022-12-26 11:37:29,911 ] 36 root - INFO - Create feature store folder if not available
[ 2022-12-26 11:37:29,911 ] 40 root - INFO - Save df to feature store folder
[ 2022-12-26 11:37:32,375 ] 45 root - INFO - split dataset into train and test set
[ 2022-12-26 11:37:32,921 ] 49 root - INFO - create dataset directory folder if not available
[ 2022-12-26 11:37:32,921 ] 54 root - INFO - Save df to feature store folder
[ 2022-12-26 11:37:35,200 ] 67 root - INFO - Data ingestion artifact: DataIngestionArtifact(feature_store_file_path='/config/workspace/artifact/12262022__113725/data_ingestion/feature_store/sensor.csv', train_file_path='/config/workspace/artifact/12262022__113725/data_ingestion/dataset/train.csv', test_file_path='/config/workspace/artifact/12262022__113725/data_ingestion/dataset/test.csv')
[ 2022-12-26 11:37:35,617 ] 22 root - INFO - >>>>>>>>>>>>>>>>>>>>>>>>>>>>>>>>>>>>>>>> Data Validation <<<<<<<<<<<<<<<<<<<<<<<<<<<<<<<<<<<<<<<<
[ 2022-12-26 11:37:35,617 ] 111 root - INFO - Reading base dataframe
[ 2022-12-26 11:37:38,513 ] 114 root - INFO - Replace na value in base df
[ 2022-12-26 11:37:38,514 ] 116 root - INFO - Drop null values colums from base df
[ 2022-12-26 11:37:39,549 ] 45 root - INFO - selecting column name which contains null above to 0.2
[ 2022-12-26 11:37:39,550 ] 48 root - INFO - Columns to drop: ['ab_000', 'ad_000', 'bk_000', 'bl_000', 'bm_000', 'bn_000', 'bo_000', 'bp_000', 'bq_000', 'br_000', 'cf_000', 'cg_000', 'ch_000', 'co_000', 'cr_000', 'ct_000', 'cu_000', 'cv_000', 'cx_000', 'cy_000', 'cz_000', 'da_000', 'db_000', 'dc_000']
[ 2022-12-26 11:37:39,661 ] 119 root - INFO - Reading train dataframe
[ 2022-12-26 11:37:40,072 ] 121 root - INFO - Reading test dataframe
[ 2022-12-26 11:37:40,176 ] 124 root - INFO - Drop null values colums from train df
[ 2022-12-26 11:37:40,189 ] 45 root - INFO - selecting column name which contains null above to 0.2
[ 2022-12-26 11:37:40,189 ] 48 root - INFO - Columns to drop: ['ab_000', 'ad_000', 'bk_000', 'bl_000', 'bm_000', 'bn_000', 'bo_000', 'bp_000', 'bq_000', 'br_000', 'cf_000', 'cg_000', 'ch_000', 'co_000', 'cr_000', 'ct_000', 'cu_000', 'cv_000', 'cx_000', 'cy_000', 'cz_000', 'da_000', 'db_000', 'dc_000']
[ 2022-12-26 11:37:40,198 ] 126 root - INFO - Drop null values colums from test df
[ 2022-12-26 11:37:40,203 ] 45 root - INFO - selecting column name which contains null above to 0.2
[ 2022-12-26 11:37:40,203 ] 48 root - INFO - Columns to drop: ['ab_000', 'ad_000', 'bk_000', 'bl_000', 'bm_000', 'bn_000', 'bo_000', 'bp_000', 'bq_000', 'br_000', 'cf_000', 'cg_000', 'ch_000', 'co_000', 'cr_000', 'ct_000', 'cu_000', 'cv_000', 'cx_000', 'cy_000', 'cz_000', 'da_000', 'db_000', 'dc_000']
[ 2022-12-26 11:37:46,287 ] 135 root - INFO - Is all required columns present in train df
[ 2022-12-26 11:37:46,287 ] 137 root - INFO - Is all required columns present in test df
[ 2022-12-26 11:37:46,287 ] 141 root - INFO - As all column are available in train df hence detecting data drift
[ 2022-12-26 11:37:46,288 ] 89 root - INFO - Hypothesis class: object, object 
[ 2022-12-26 11:37:46,427 ] 89 root - INFO - Hypothesis aa_000: float64, float64 
[ 2022-12-26 11:37:46,471 ] 89 root - INFO - Hypothesis ac_000: float64, float64 
[ 2022-12-26 11:37:46,480 ] 89 root - INFO - Hypothesis ae_000: float64, float64 
[ 2022-12-26 11:37:46,518 ] 89 root - INFO - Hypothesis af_000: float64, float64 
[ 2022-12-26 11:37:46,555 ] 89 root - INFO - Hypothesis ag_000: float64, float64 
[ 2022-12-26 11:37:46,592 ] 89 root - INFO - Hypothesis ag_001: float64, float64 
[ 2022-12-26 11:37:46,628 ] 89 root - INFO - Hypothesis ag_002: float64, float64 
[ 2022-12-26 11:37:46,666 ] 89 root - INFO - Hypothesis ag_003: float64, float64 
[ 2022-12-26 11:37:46,706 ] 89 root - INFO - Hypothesis ag_004: float64, float64 
[ 2022-12-26 11:37:46,716 ] 89 root - INFO - Hypothesis ag_005: float64, float64 
[ 2022-12-26 11:37:46,760 ] 89 root - INFO - Hypothesis ag_006: float64, float64 
[ 2022-12-26 11:37:46,802 ] 89 root - INFO - Hypothesis ag_007: float64, float64 
[ 2022-12-26 11:37:46,812 ] 89 root - INFO - Hypothesis ag_008: float64, float64 
[ 2022-12-26 11:37:46,852 ] 89 root - INFO - Hypothesis ag_009: float64, float64 
[ 2022-12-26 11:37:46,894 ] 89 root - INFO - Hypothesis ah_000: float64, float64 
[ 2022-12-26 11:37:46,937 ] 89 root - INFO - Hypothesis ai_000: float64, float64 
[ 2022-12-26 11:37:46,975 ] 89 root - INFO - Hypothesis aj_000: float64, float64 
[ 2022-12-26 11:37:47,012 ] 89 root - INFO - Hypothesis ak_000: float64, float64 
[ 2022-12-26 11:37:47,017 ] 89 root - INFO - Hypothesis al_000: float64, float64 
[ 2022-12-26 11:37:47,055 ] 89 root - INFO - Hypothesis am_0: float64, float64 
[ 2022-12-26 11:37:47,095 ] 89 root - INFO - Hypothesis an_000: float64, float64 
[ 2022-12-26 11:37:47,106 ] 89 root - INFO - Hypothesis ao_000: float64, float64 
[ 2022-12-26 11:37:47,149 ] 89 root - INFO - Hypothesis ap_000: float64, float64 
[ 2022-12-26 11:37:47,191 ] 89 root - INFO - Hypothesis aq_000: float64, float64 
[ 2022-12-26 11:37:47,234 ] 89 root - INFO - Hypothesis ar_000: float64, float64 
[ 2022-12-26 11:37:47,270 ] 89 root - INFO - Hypothesis as_000: float64, float64 
[ 2022-12-26 11:37:47,306 ] 89 root - INFO - Hypothesis at_000: float64, float64 
[ 2022-12-26 11:37:47,343 ] 89 root - INFO - Hypothesis au_000: float64, float64 
[ 2022-12-26 11:37:47,379 ] 89 root - INFO - Hypothesis av_000: float64, float64 
[ 2022-12-26 11:37:47,420 ] 89 root - INFO - Hypothesis ax_000: float64, float64 
[ 2022-12-26 11:37:47,428 ] 89 root - INFO - Hypothesis ay_000: float64, float64 
[ 2022-12-26 11:37:47,464 ] 89 root - INFO - Hypothesis ay_001: float64, float64 
[ 2022-12-26 11:37:47,501 ] 89 root - INFO - Hypothesis ay_002: float64, float64 
[ 2022-12-26 11:37:47,538 ] 89 root - INFO - Hypothesis ay_003: float64, float64 
[ 2022-12-26 11:37:47,575 ] 89 root - INFO - Hypothesis ay_004: float64, float64 
[ 2022-12-26 11:37:47,611 ] 89 root - INFO - Hypothesis ay_005: float64, float64 
[ 2022-12-26 11:37:47,620 ] 89 root - INFO - Hypothesis ay_006: float64, float64 
[ 2022-12-26 11:37:47,629 ] 89 root - INFO - Hypothesis ay_007: float64, float64 
[ 2022-12-26 11:37:47,672 ] 89 root - INFO - Hypothesis ay_008: float64, float64 
[ 2022-12-26 11:37:47,683 ] 89 root - INFO - Hypothesis ay_009: float64, float64 
[ 2022-12-26 11:37:47,719 ] 89 root - INFO - Hypothesis az_000: float64, float64 
[ 2022-12-26 11:37:47,763 ] 89 root - INFO - Hypothesis az_001: float64, float64 
[ 2022-12-26 11:37:47,806 ] 89 root - INFO - Hypothesis az_002: float64, float64 
[ 2022-12-26 11:37:47,816 ] 89 root - INFO - Hypothesis az_003: float64, float64 
[ 2022-12-26 11:37:47,827 ] 89 root - INFO - Hypothesis az_004: float64, float64 
[ 2022-12-26 11:37:47,870 ] 89 root - INFO - Hypothesis az_005: float64, float64 
[ 2022-12-26 11:37:47,914 ] 89 root - INFO - Hypothesis az_006: float64, float64 
[ 2022-12-26 11:37:47,923 ] 89 root - INFO - Hypothesis az_007: float64, float64 
[ 2022-12-26 11:37:47,934 ] 89 root - INFO - Hypothesis az_008: float64, float64 
[ 2022-12-26 11:37:47,972 ] 89 root - INFO - Hypothesis az_009: float64, float64 
[ 2022-12-26 11:37:48,008 ] 89 root - INFO - Hypothesis ba_000: float64, float64 
[ 2022-12-26 11:37:48,052 ] 89 root - INFO - Hypothesis ba_001: float64, float64 
[ 2022-12-26 11:37:48,096 ] 89 root - INFO - Hypothesis ba_002: float64, float64 
[ 2022-12-26 11:37:48,139 ] 89 root - INFO - Hypothesis ba_003: float64, float64 
[ 2022-12-26 11:37:48,182 ] 89 root - INFO - Hypothesis ba_004: float64, float64 
[ 2022-12-26 11:37:48,224 ] 89 root - INFO - Hypothesis ba_005: float64, float64 
[ 2022-12-26 11:37:48,268 ] 89 root - INFO - Hypothesis ba_006: float64, float64 
[ 2022-12-26 11:37:48,309 ] 89 root - INFO - Hypothesis ba_007: float64, float64 
[ 2022-12-26 11:37:48,351 ] 89 root - INFO - Hypothesis ba_008: float64, float64 
[ 2022-12-26 11:37:48,392 ] 89 root - INFO - Hypothesis ba_009: float64, float64 
[ 2022-12-26 11:37:48,399 ] 89 root - INFO - Hypothesis bb_000: float64, float64 
[ 2022-12-26 11:37:48,442 ] 89 root - INFO - Hypothesis bc_000: float64, float64 
[ 2022-12-26 11:37:48,483 ] 89 root - INFO - Hypothesis bd_000: float64, float64 
[ 2022-12-26 11:37:48,492 ] 89 root - INFO - Hypothesis be_000: float64, float64 
[ 2022-12-26 11:37:48,533 ] 89 root - INFO - Hypothesis bf_000: float64, float64 
[ 2022-12-26 11:37:48,573 ] 89 root - INFO - Hypothesis bg_000: float64, float64 
[ 2022-12-26 11:37:48,617 ] 89 root - INFO - Hypothesis bh_000: float64, float64 
[ 2022-12-26 11:37:48,660 ] 89 root - INFO - Hypothesis bi_000: float64, float64 
[ 2022-12-26 11:37:48,708 ] 89 root - INFO - Hypothesis bj_000: float64, float64 
[ 2022-12-26 11:37:48,753 ] 89 root - INFO - Hypothesis bs_000: float64, float64 
[ 2022-12-26 11:37:48,804 ] 89 root - INFO - Hypothesis bt_000: float64, float64 
[ 2022-12-26 11:37:48,848 ] 89 root - INFO - Hypothesis bu_000: float64, float64 
[ 2022-12-26 11:37:48,894 ] 89 root - INFO - Hypothesis bv_000: float64, float64 
[ 2022-12-26 11:37:48,937 ] 89 root - INFO - Hypothesis bx_000: float64, float64 
[ 2022-12-26 11:37:48,948 ] 89 root - INFO - Hypothesis by_000: float64, float64 
[ 2022-12-26 11:37:48,990 ] 89 root - INFO - Hypothesis bz_000: float64, float64 
[ 2022-12-26 11:37:49,033 ] 89 root - INFO - Hypothesis ca_000: float64, float64 
[ 2022-12-26 11:37:49,044 ] 89 root - INFO - Hypothesis cb_000: float64, float64 
[ 2022-12-26 11:37:49,055 ] 89 root - INFO - Hypothesis cc_000: float64, float64 
[ 2022-12-26 11:37:49,066 ] 89 root - INFO - Hypothesis cd_000: float64, float64 
[ 2022-12-26 11:37:49,071 ] 89 root - INFO - Hypothesis ce_000: float64, float64 
[ 2022-12-26 11:37:49,114 ] 89 root - INFO - Hypothesis ci_000: float64, float64 
[ 2022-12-26 11:37:49,157 ] 89 root - INFO - Hypothesis cj_000: float64, float64 
[ 2022-12-26 11:37:49,195 ] 89 root - INFO - Hypothesis ck_000: float64, float64 
[ 2022-12-26 11:37:49,237 ] 89 root - INFO - Hypothesis cl_000: float64, float64 
[ 2022-12-26 11:37:49,244 ] 89 root - INFO - Hypothesis cm_000: float64, float64 
[ 2022-12-26 11:37:49,284 ] 89 root - INFO - Hypothesis cn_000: float64, float64 
[ 2022-12-26 11:37:49,320 ] 89 root - INFO - Hypothesis cn_001: float64, float64 
[ 2022-12-26 11:37:49,359 ] 89 root - INFO - Hypothesis cn_002: float64, float64 
[ 2022-12-26 11:37:49,400 ] 89 root - INFO - Hypothesis cn_003: float64, float64 
[ 2022-12-26 11:37:49,444 ] 89 root - INFO - Hypothesis cn_004: float64, float64 
[ 2022-12-26 11:37:49,487 ] 89 root - INFO - Hypothesis cn_005: float64, float64 
[ 2022-12-26 11:37:49,498 ] 89 root - INFO - Hypothesis cn_006: float64, float64 
[ 2022-12-26 11:37:49,542 ] 89 root - INFO - Hypothesis cn_007: float64, float64 
[ 2022-12-26 11:37:49,552 ] 89 root - INFO - Hypothesis cn_008: float64, float64 
[ 2022-12-26 11:37:49,561 ] 89 root - INFO - Hypothesis cn_009: float64, float64 
[ 2022-12-26 11:37:49,602 ] 89 root - INFO - Hypothesis cp_000: float64, float64 
[ 2022-12-26 11:37:49,642 ] 89 root - INFO - Hypothesis cq_000: float64, float64 
[ 2022-12-26 11:37:49,684 ] 89 root - INFO - Hypothesis cs_000: float64, float64 
[ 2022-12-26 11:37:49,728 ] 89 root - INFO - Hypothesis cs_001: float64, float64 
[ 2022-12-26 11:37:49,769 ] 89 root - INFO - Hypothesis cs_002: float64, float64 
[ 2022-12-26 11:37:49,811 ] 89 root - INFO - Hypothesis cs_003: float64, float64 
[ 2022-12-26 11:37:49,856 ] 89 root - INFO - Hypothesis cs_004: float64, float64 
[ 2022-12-26 11:37:49,899 ] 89 root - INFO - Hypothesis cs_005: float64, float64 
[ 2022-12-26 11:37:49,948 ] 89 root - INFO - Hypothesis cs_006: float64, float64 
[ 2022-12-26 11:37:49,959 ] 89 root - INFO - Hypothesis cs_007: float64, float64 
[ 2022-12-26 11:37:50,001 ] 89 root - INFO - Hypothesis cs_008: float64, float64 
[ 2022-12-26 11:37:50,041 ] 89 root - INFO - Hypothesis cs_009: float64, float64 
[ 2022-12-26 11:37:50,081 ] 89 root - INFO - Hypothesis dd_000: float64, float64 
[ 2022-12-26 11:37:50,124 ] 89 root - INFO - Hypothesis de_000: float64, float64 
[ 2022-12-26 11:37:50,165 ] 89 root - INFO - Hypothesis df_000: float64, float64 
[ 2022-12-26 11:37:50,203 ] 89 root - INFO - Hypothesis dg_000: float64, float64 
[ 2022-12-26 11:37:50,240 ] 89 root - INFO - Hypothesis dh_000: float64, float64 
[ 2022-12-26 11:37:50,246 ] 89 root - INFO - Hypothesis di_000: float64, float64 
[ 2022-12-26 11:37:50,252 ] 89 root - INFO - Hypothesis dj_000: float64, float64 
[ 2022-12-26 11:37:50,257 ] 89 root - INFO - Hypothesis dk_000: float64, float64 
[ 2022-12-26 11:37:50,262 ] 89 root - INFO - Hypothesis dl_000: float64, float64 
[ 2022-12-26 11:37:50,267 ] 89 root - INFO - Hypothesis dm_000: float64, float64 
[ 2022-12-26 11:37:50,304 ] 89 root - INFO - Hypothesis dn_000: float64, float64 
[ 2022-12-26 11:37:50,346 ] 89 root - INFO - Hypothesis do_000: float64, float64 
[ 2022-12-26 11:37:50,387 ] 89 root - INFO - Hypothesis dp_000: float64, float64 
[ 2022-12-26 11:37:50,430 ] 89 root - INFO - Hypothesis dq_000: float64, float64 
[ 2022-12-26 11:37:50,437 ] 89 root - INFO - Hypothesis dr_000: float64, float64 
[ 2022-12-26 11:37:50,444 ] 89 root - INFO - Hypothesis ds_000: float64, float64 
[ 2022-12-26 11:37:50,454 ] 89 root - INFO - Hypothesis dt_000: float64, float64 
[ 2022-12-26 11:37:50,497 ] 89 root - INFO - Hypothesis du_000: float64, float64 
[ 2022-12-26 11:37:50,543 ] 89 root - INFO - Hypothesis dv_000: float64, float64 
[ 2022-12-26 11:37:50,586 ] 89 root - INFO - Hypothesis dx_000: float64, float64 
[ 2022-12-26 11:37:50,593 ] 89 root - INFO - Hypothesis dy_000: float64, float64 
[ 2022-12-26 11:37:50,601 ] 89 root - INFO - Hypothesis dz_000: float64, float64 
[ 2022-12-26 11:37:50,637 ] 89 root - INFO - Hypothesis ea_000: float64, float64 
[ 2022-12-26 11:37:50,677 ] 89 root - INFO - Hypothesis eb_000: float64, float64 
[ 2022-12-26 11:37:50,685 ] 89 root - INFO - Hypothesis ec_00: float64, float64 
[ 2022-12-26 11:37:50,727 ] 89 root - INFO - Hypothesis ed_000: float64, float64 
[ 2022-12-26 11:37:50,769 ] 89 root - INFO - Hypothesis ee_000: float64, float64 
[ 2022-12-26 11:37:50,812 ] 89 root - INFO - Hypothesis ee_001: float64, float64 
[ 2022-12-26 11:37:50,857 ] 89 root - INFO - Hypothesis ee_002: float64, float64 
[ 2022-12-26 11:37:50,868 ] 89 root - INFO - Hypothesis ee_003: float64, float64 
[ 2022-12-26 11:37:50,916 ] 89 root - INFO - Hypothesis ee_004: float64, float64 
[ 2022-12-26 11:37:50,964 ] 89 root - INFO - Hypothesis ee_005: float64, float64 
[ 2022-12-26 11:37:51,008 ] 89 root - INFO - Hypothesis ee_006: float64, float64 
[ 2022-12-26 11:37:51,051 ] 89 root - INFO - Hypothesis ee_007: float64, float64 
[ 2022-12-26 11:37:51,093 ] 89 root - INFO - Hypothesis ee_008: float64, float64 
[ 2022-12-26 11:37:51,135 ] 89 root - INFO - Hypothesis ee_009: float64, float64 
[ 2022-12-26 11:37:51,175 ] 89 root - INFO - Hypothesis ef_000: float64, float64 
[ 2022-12-26 11:37:51,211 ] 89 root - INFO - Hypothesis eg_000: float64, float64 
[ 2022-12-26 11:37:51,249 ] 144 root - INFO - As all column are available in test df hence detecting data drift
[ 2022-12-26 11:37:51,249 ] 89 root - INFO - Hypothesis class: object, object 
[ 2022-12-26 11:37:51,327 ] 89 root - INFO - Hypothesis aa_000: float64, float64 
[ 2022-12-26 11:37:51,334 ] 89 root - INFO - Hypothesis ac_000: float64, float64 
[ 2022-12-26 11:37:51,339 ] 89 root - INFO - Hypothesis ae_000: float64, float64 
[ 2022-12-26 11:37:51,355 ] 89 root - INFO - Hypothesis af_000: float64, float64 
[ 2022-12-26 11:37:51,370 ] 89 root - INFO - Hypothesis ag_000: float64, float64 
[ 2022-12-26 11:37:51,386 ] 89 root - INFO - Hypothesis ag_001: float64, float64 
[ 2022-12-26 11:37:51,401 ] 89 root - INFO - Hypothesis ag_002: float64, float64 
[ 2022-12-26 11:37:51,418 ] 89 root - INFO - Hypothesis ag_003: float64, float64 
[ 2022-12-26 11:37:51,435 ] 89 root - INFO - Hypothesis ag_004: float64, float64 
[ 2022-12-26 11:37:51,443 ] 89 root - INFO - Hypothesis ag_005: float64, float64 
[ 2022-12-26 11:37:51,450 ] 89 root - INFO - Hypothesis ag_006: float64, float64 
[ 2022-12-26 11:37:51,458 ] 89 root - INFO - Hypothesis ag_007: float64, float64 
[ 2022-12-26 11:37:51,465 ] 89 root - INFO - Hypothesis ag_008: float64, float64 
[ 2022-12-26 11:37:51,471 ] 89 root - INFO - Hypothesis ag_009: float64, float64 
[ 2022-12-26 11:37:51,476 ] 89 root - INFO - Hypothesis ah_000: float64, float64 
[ 2022-12-26 11:37:51,484 ] 89 root - INFO - Hypothesis ai_000: float64, float64 
[ 2022-12-26 11:37:51,501 ] 89 root - INFO - Hypothesis aj_000: float64, float64 
[ 2022-12-26 11:37:51,505 ] 89 root - INFO - Hypothesis ak_000: float64, float64 
[ 2022-12-26 11:37:51,509 ] 89 root - INFO - Hypothesis al_000: float64, float64 
[ 2022-12-26 11:37:51,514 ] 89 root - INFO - Hypothesis am_0: float64, float64 
[ 2022-12-26 11:37:51,531 ] 89 root - INFO - Hypothesis an_000: float64, float64 
[ 2022-12-26 11:37:51,539 ] 89 root - INFO - Hypothesis ao_000: float64, float64 
[ 2022-12-26 11:37:51,546 ] 89 root - INFO - Hypothesis ap_000: float64, float64 
[ 2022-12-26 11:37:51,553 ] 89 root - INFO - Hypothesis aq_000: float64, float64 
[ 2022-12-26 11:37:51,561 ] 89 root - INFO - Hypothesis ar_000: float64, float64 
[ 2022-12-26 11:37:51,564 ] 89 root - INFO - Hypothesis as_000: float64, float64 
[ 2022-12-26 11:37:51,579 ] 89 root - INFO - Hypothesis at_000: float64, float64 
[ 2022-12-26 11:37:51,595 ] 89 root - INFO - Hypothesis au_000: float64, float64 
[ 2022-12-26 11:37:51,610 ] 89 root - INFO - Hypothesis av_000: float64, float64 
[ 2022-12-26 11:37:51,616 ] 89 root - INFO - Hypothesis ax_000: float64, float64 
[ 2022-12-26 11:37:51,622 ] 89 root - INFO - Hypothesis ay_000: float64, float64 
[ 2022-12-26 11:37:51,637 ] 89 root - INFO - Hypothesis ay_001: float64, float64 
[ 2022-12-26 11:37:51,653 ] 89 root - INFO - Hypothesis ay_002: float64, float64 
[ 2022-12-26 11:37:51,668 ] 89 root - INFO - Hypothesis ay_003: float64, float64 
[ 2022-12-26 11:37:51,683 ] 89 root - INFO - Hypothesis ay_004: float64, float64 
[ 2022-12-26 11:37:51,699 ] 89 root - INFO - Hypothesis ay_005: float64, float64 
[ 2022-12-26 11:37:51,705 ] 89 root - INFO - Hypothesis ay_006: float64, float64 
[ 2022-12-26 11:37:51,711 ] 89 root - INFO - Hypothesis ay_007: float64, float64 
[ 2022-12-26 11:37:51,718 ] 89 root - INFO - Hypothesis ay_008: float64, float64 
[ 2022-12-26 11:37:51,725 ] 89 root - INFO - Hypothesis ay_009: float64, float64 
[ 2022-12-26 11:37:51,740 ] 89 root - INFO - Hypothesis az_000: float64, float64 
[ 2022-12-26 11:37:51,747 ] 89 root - INFO - Hypothesis az_001: float64, float64 
[ 2022-12-26 11:37:51,754 ] 89 root - INFO - Hypothesis az_002: float64, float64 
[ 2022-12-26 11:37:51,761 ] 89 root - INFO - Hypothesis az_003: float64, float64 
[ 2022-12-26 11:37:51,768 ] 89 root - INFO - Hypothesis az_004: float64, float64 
[ 2022-12-26 11:37:51,776 ] 89 root - INFO - Hypothesis az_005: float64, float64 
[ 2022-12-26 11:37:51,783 ] 89 root - INFO - Hypothesis az_006: float64, float64 
[ 2022-12-26 11:37:51,789 ] 89 root - INFO - Hypothesis az_007: float64, float64 
[ 2022-12-26 11:37:51,793 ] 89 root - INFO - Hypothesis az_008: float64, float64 
[ 2022-12-26 11:37:51,809 ] 89 root - INFO - Hypothesis az_009: float64, float64 
[ 2022-12-26 11:37:51,813 ] 89 root - INFO - Hypothesis ba_000: float64, float64 
[ 2022-12-26 11:37:51,820 ] 89 root - INFO - Hypothesis ba_001: float64, float64 
[ 2022-12-26 11:37:51,828 ] 89 root - INFO - Hypothesis ba_002: float64, float64 
[ 2022-12-26 11:37:51,835 ] 89 root - INFO - Hypothesis ba_003: float64, float64 
[ 2022-12-26 11:37:51,842 ] 89 root - INFO - Hypothesis ba_004: float64, float64 
[ 2022-12-26 11:37:51,849 ] 89 root - INFO - Hypothesis ba_005: float64, float64 
[ 2022-12-26 11:37:51,856 ] 89 root - INFO - Hypothesis ba_006: float64, float64 
[ 2022-12-26 11:37:51,863 ] 89 root - INFO - Hypothesis ba_007: float64, float64 
[ 2022-12-26 11:37:51,870 ] 89 root - INFO - Hypothesis ba_008: float64, float64 
[ 2022-12-26 11:37:51,876 ] 89 root - INFO - Hypothesis ba_009: float64, float64 
[ 2022-12-26 11:37:51,881 ] 89 root - INFO - Hypothesis bb_000: float64, float64 
[ 2022-12-26 11:37:51,888 ] 89 root - INFO - Hypothesis bc_000: float64, float64 
[ 2022-12-26 11:37:51,893 ] 89 root - INFO - Hypothesis bd_000: float64, float64 
[ 2022-12-26 11:37:51,899 ] 89 root - INFO - Hypothesis be_000: float64, float64 
[ 2022-12-26 11:37:51,906 ] 89 root - INFO - Hypothesis bf_000: float64, float64 
[ 2022-12-26 11:37:51,910 ] 89 root - INFO - Hypothesis bg_000: float64, float64 
[ 2022-12-26 11:37:51,918 ] 89 root - INFO - Hypothesis bh_000: float64, float64 
[ 2022-12-26 11:37:51,925 ] 89 root - INFO - Hypothesis bi_000: float64, float64 
[ 2022-12-26 11:37:51,932 ] 89 root - INFO - Hypothesis bj_000: float64, float64 
[ 2022-12-26 11:37:51,940 ] 89 root - INFO - Hypothesis bs_000: float64, float64 
[ 2022-12-26 11:37:51,947 ] 89 root - INFO - Hypothesis bt_000: float64, float64 
[ 2022-12-26 11:37:51,955 ] 89 root - INFO - Hypothesis bu_000: float64, float64 
[ 2022-12-26 11:37:51,962 ] 89 root - INFO - Hypothesis bv_000: float64, float64 
[ 2022-12-26 11:37:51,970 ] 89 root - INFO - Hypothesis bx_000: float64, float64 
[ 2022-12-26 11:37:51,977 ] 89 root - INFO - Hypothesis by_000: float64, float64 
[ 2022-12-26 11:37:51,985 ] 89 root - INFO - Hypothesis bz_000: float64, float64 
[ 2022-12-26 11:37:51,991 ] 89 root - INFO - Hypothesis ca_000: float64, float64 
[ 2022-12-26 11:37:51,999 ] 89 root - INFO - Hypothesis cb_000: float64, float64 
[ 2022-12-26 11:37:52,006 ] 89 root - INFO - Hypothesis cc_000: float64, float64 
[ 2022-12-26 11:37:52,014 ] 89 root - INFO - Hypothesis cd_000: float64, float64 
[ 2022-12-26 11:37:52,030 ] 89 root - INFO - Hypothesis ce_000: float64, float64 
[ 2022-12-26 11:37:52,037 ] 89 root - INFO - Hypothesis ci_000: float64, float64 
[ 2022-12-26 11:37:52,045 ] 89 root - INFO - Hypothesis cj_000: float64, float64 
[ 2022-12-26 11:37:52,063 ] 89 root - INFO - Hypothesis ck_000: float64, float64 
[ 2022-12-26 11:37:52,071 ] 89 root - INFO - Hypothesis cl_000: float64, float64 
[ 2022-12-26 11:37:52,076 ] 89 root - INFO - Hypothesis cm_000: float64, float64 
[ 2022-12-26 11:37:52,082 ] 89 root - INFO - Hypothesis cn_000: float64, float64 
[ 2022-12-26 11:37:52,098 ] 89 root - INFO - Hypothesis cn_001: float64, float64 
[ 2022-12-26 11:37:52,117 ] 89 root - INFO - Hypothesis cn_002: float64, float64 
[ 2022-12-26 11:37:52,125 ] 89 root - INFO - Hypothesis cn_003: float64, float64 
[ 2022-12-26 11:37:52,134 ] 89 root - INFO - Hypothesis cn_004: float64, float64 
[ 2022-12-26 11:37:52,144 ] 89 root - INFO - Hypothesis cn_005: float64, float64 
[ 2022-12-26 11:37:52,153 ] 89 root - INFO - Hypothesis cn_006: float64, float64 
[ 2022-12-26 11:37:52,161 ] 89 root - INFO - Hypothesis cn_007: float64, float64 
[ 2022-12-26 11:37:52,168 ] 89 root - INFO - Hypothesis cn_008: float64, float64 
[ 2022-12-26 11:37:52,175 ] 89 root - INFO - Hypothesis cn_009: float64, float64 
[ 2022-12-26 11:37:52,180 ] 89 root - INFO - Hypothesis cp_000: float64, float64 
[ 2022-12-26 11:37:52,186 ] 89 root - INFO - Hypothesis cq_000: float64, float64 
[ 2022-12-26 11:37:52,193 ] 89 root - INFO - Hypothesis cs_000: float64, float64 
[ 2022-12-26 11:37:52,201 ] 89 root - INFO - Hypothesis cs_001: float64, float64 
[ 2022-12-26 11:37:52,207 ] 89 root - INFO - Hypothesis cs_002: float64, float64 
[ 2022-12-26 11:37:52,214 ] 89 root - INFO - Hypothesis cs_003: float64, float64 
[ 2022-12-26 11:37:52,221 ] 89 root - INFO - Hypothesis cs_004: float64, float64 
[ 2022-12-26 11:37:52,228 ] 89 root - INFO - Hypothesis cs_005: float64, float64 
[ 2022-12-26 11:37:52,236 ] 89 root - INFO - Hypothesis cs_006: float64, float64 
[ 2022-12-26 11:37:52,243 ] 89 root - INFO - Hypothesis cs_007: float64, float64 
[ 2022-12-26 11:37:52,250 ] 89 root - INFO - Hypothesis cs_008: float64, float64 
[ 2022-12-26 11:37:52,255 ] 89 root - INFO - Hypothesis cs_009: float64, float64 
[ 2022-12-26 11:37:52,270 ] 89 root - INFO - Hypothesis dd_000: float64, float64 
[ 2022-12-26 11:37:52,277 ] 89 root - INFO - Hypothesis de_000: float64, float64 
[ 2022-12-26 11:37:52,282 ] 89 root - INFO - Hypothesis df_000: float64, float64 
[ 2022-12-26 11:37:52,286 ] 89 root - INFO - Hypothesis dg_000: float64, float64 
[ 2022-12-26 11:37:52,289 ] 89 root - INFO - Hypothesis dh_000: float64, float64 
[ 2022-12-26 11:37:52,293 ] 89 root - INFO - Hypothesis di_000: float64, float64 
[ 2022-12-26 11:37:52,297 ] 89 root - INFO - Hypothesis dj_000: float64, float64 
[ 2022-12-26 11:37:52,300 ] 89 root - INFO - Hypothesis dk_000: float64, float64 
[ 2022-12-26 11:37:52,304 ] 89 root - INFO - Hypothesis dl_000: float64, float64 
[ 2022-12-26 11:37:52,307 ] 89 root - INFO - Hypothesis dm_000: float64, float64 
[ 2022-12-26 11:37:52,310 ] 89 root - INFO - Hypothesis dn_000: float64, float64 
[ 2022-12-26 11:37:52,317 ] 89 root - INFO - Hypothesis do_000: float64, float64 
[ 2022-12-26 11:37:52,324 ] 89 root - INFO - Hypothesis dp_000: float64, float64 
[ 2022-12-26 11:37:52,330 ] 89 root - INFO - Hypothesis dq_000: float64, float64 
[ 2022-12-26 11:37:52,334 ] 89 root - INFO - Hypothesis dr_000: float64, float64 
[ 2022-12-26 11:37:52,339 ] 89 root - INFO - Hypothesis ds_000: float64, float64 
[ 2022-12-26 11:37:52,346 ] 89 root - INFO - Hypothesis dt_000: float64, float64 
[ 2022-12-26 11:37:52,353 ] 89 root - INFO - Hypothesis du_000: float64, float64 
[ 2022-12-26 11:37:52,359 ] 89 root - INFO - Hypothesis dv_000: float64, float64 
[ 2022-12-26 11:37:52,366 ] 89 root - INFO - Hypothesis dx_000: float64, float64 
[ 2022-12-26 11:37:52,371 ] 89 root - INFO - Hypothesis dy_000: float64, float64 
[ 2022-12-26 11:37:52,376 ] 89 root - INFO - Hypothesis dz_000: float64, float64 
[ 2022-12-26 11:37:52,392 ] 89 root - INFO - Hypothesis ea_000: float64, float64 
[ 2022-12-26 11:37:52,408 ] 89 root - INFO - Hypothesis eb_000: float64, float64 
[ 2022-12-26 11:37:52,413 ] 89 root - INFO - Hypothesis ec_00: float64, float64 
[ 2022-12-26 11:37:52,420 ] 89 root - INFO - Hypothesis ed_000: float64, float64 
[ 2022-12-26 11:37:52,427 ] 89 root - INFO - Hypothesis ee_000: float64, float64 
[ 2022-12-26 11:37:52,434 ] 89 root - INFO - Hypothesis ee_001: float64, float64 
[ 2022-12-26 11:37:52,441 ] 89 root - INFO - Hypothesis ee_002: float64, float64 
[ 2022-12-26 11:37:52,448 ] 89 root - INFO - Hypothesis ee_003: float64, float64 
[ 2022-12-26 11:37:52,456 ] 89 root - INFO - Hypothesis ee_004: float64, float64 
[ 2022-12-26 11:37:52,464 ] 89 root - INFO - Hypothesis ee_005: float64, float64 
[ 2022-12-26 11:37:52,473 ] 89 root - INFO - Hypothesis ee_006: float64, float64 
[ 2022-12-26 11:37:52,481 ] 89 root - INFO - Hypothesis ee_007: float64, float64 
[ 2022-12-26 11:37:52,489 ] 89 root - INFO - Hypothesis ee_008: float64, float64 
[ 2022-12-26 11:37:52,495 ] 89 root - INFO - Hypothesis ee_009: float64, float64 
[ 2022-12-26 11:37:52,500 ] 89 root - INFO - Hypothesis ef_000: float64, float64 
[ 2022-12-26 11:37:52,516 ] 89 root - INFO - Hypothesis eg_000: float64, float64 
[ 2022-12-26 11:37:52,532 ] 148 root - INFO - Write reprt in yaml file
[ 2022-12-26 11:37:52,600 ] 153 root - INFO - Data validation artifact: DataValidationArtifact(report_file_path='/config/workspace/artifact/12262022__113725/data_validation/report.yaml')
[ 2022-12-26 11:37:52,602 ] 24 root - INFO - >>>>>>>>>>>>>>>>>>>>>>>>>>>>>>>>>>>>>>>> Data Transformation <<<<<<<<<<<<<<<<<<<<<<<<<<<<<<<<<<<<<<<<
[ 2022-12-26 11:37:53,552 ] 75 root - INFO - Before resampling in training set Input: (28950, 170) Target:(28950,)
[ 2022-12-26 11:37:59,998 ] 77 root - INFO - After resampling in training set Input: (56158, 170) Target:(56158,)
[ 2022-12-26 11:37:59,998 ] 79 root - INFO - Before resampling in testing set Input: (7238, 170) Target:(7238,)
[ 2022-12-26 11:38:00,698 ] 81 root - INFO - After resampling in testing set Input: (14020, 170) Target:(14020,)
[ 2022-12-26 11:38:00,818 ] 57 root - INFO - Entered the save_object method of utils
[ 2022-12-26 11:38:00,821 ] 61 root - INFO - Exited the save_object method of utils
[ 2022-12-26 11:38:00,821 ] 57 root - INFO - Entered the save_object method of utils
[ 2022-12-26 11:38:00,821 ] 61 root - INFO - Exited the save_object method of utils
[ 2022-12-26 11:38:00,822 ] 112 root - INFO - Data transformation object DataTransformationArtifact(transform_object_path='/config/workspace/artifact/12262022__113725/data_transformation/transformer/transformer.pkl', transformed_train_path='/config/workspace/artifact/12262022__113725/data_transformation/transformed/train.npz', transformed_test_path='/config/workspace/artifact/12262022__113725/data_transformation/transformed/test.npz', target_encoder_path='/config/workspace/artifact/12262022__113725/data_transformation/target_encoder/target_encoder.pkl')
[ 2022-12-26 11:38:00,823 ] 18 root - INFO - >>>>>>>>>>>>>>>>>>>>>>>>>>>>>>>>>>>>>>>> Model Trainer <<<<<<<<<<<<<<<<<<<<<<<<<<<<<<<<<<<<<<<<
[ 2022-12-26 11:38:00,823 ] 45 root - INFO - Loading train and test array.
[ 2022-12-26 11:38:00,855 ] 49 root - INFO - Splitting input and target feature from both train and test arr.
[ 2022-12-26 11:38:00,855 ] 53 root - INFO - Train the model
[ 2022-12-26 11:38:15,524 ] 56 root - INFO - Calculating f1 train score
[ 2022-12-26 11:38:15,587 ] 60 root - INFO - Calculating f1 test score
[ 2022-12-26 11:38:15,605 ] 64 root - INFO - train score:1.0 and tests score 0.9883737620209561
[ 2022-12-26 11:38:15,605 ] 66 root - INFO - Checking if our model is underfitting or not
[ 2022-12-26 11:38:15,605 ] 71 root - INFO - Checking if our model is overfiiting or not
[ 2022-12-26 11:38:15,605 ] 78 root - INFO - Saving mode object
[ 2022-12-26 11:38:15,605 ] 57 root - INFO - Entered the save_object method of utils
[ 2022-12-26 11:38:15,612 ] 61 root - INFO - Exited the save_object method of utils
[ 2022-12-26 11:38:15,612 ] 82 root - INFO - Prepare the artifact
[ 2022-12-26 11:38:15,612 ] 85 root - INFO - Model trainer artifact: ModelTrainerArtifact(model_path='/config/workspace/artifact/12262022__113725/model_trainer/model/model.pkl', f1_train_score=1.0, f1_test_score=0.9883737620209561)
[ 2022-12-26 11:38:15,614 ] 19 root - INFO - >>>>>>>>>>>>>>>>>>>>>>>>>>>>>>>>>>>>>>>>  Model Evaluation <<<<<<<<<<<<<<<<<<<<<<<<<<<<<<<<<<<<<<<<
[ 2022-12-26 11:38:15,614 ] 35 root - INFO - if saved model folder has model the we will compare which model is best trained or the model from saved model folder
[ 2022-12-26 11:38:15,614 ] 41 root - INFO - Model evaluation artifact: ModelEvaluationArtifact(is_model_accepted=True, improved_accuracy=None)
