[ 2022-12-26 11:49:47,211 ] 24 root - INFO - Exporting collection data as pandas dataframe
[ 2022-12-26 11:49:47,211 ] 24 root - INFO - Reading data from database: aps and collection: sensor
[ 2022-12-26 11:49:50,887 ] 26 root - INFO - Found columns: Index(['_id', 'class', 'aa_000', 'ab_000', 'ac_000', 'ad_000', 'ae_000',
       'af_000', 'ag_000', 'ag_001',
       ...
       'ee_002', 'ee_003', 'ee_004', 'ee_005', 'ee_006', 'ee_007', 'ee_008',
       'ee_009', 'ef_000', 'eg_000'],
      dtype='object', length=172)
[ 2022-12-26 11:49:50,887 ] 28 root - INFO - Dropping column: _id 
[ 2022-12-26 11:49:51,099 ] 30 root - INFO - Row and columns in df: (36188, 171)
[ 2022-12-26 11:49:51,099 ] 30 root - INFO - Save data in feature store
[ 2022-12-26 11:49:51,667 ] 36 root - INFO - Create feature store folder if not available
[ 2022-12-26 11:49:51,667 ] 40 root - INFO - Save df to feature store folder
[ 2022-12-26 11:49:54,388 ] 45 root - INFO - split dataset into train and test set
[ 2022-12-26 11:49:55,120 ] 49 root - INFO - create dataset directory folder if not available
[ 2022-12-26 11:49:55,121 ] 54 root - INFO - Save df to feature store folder
[ 2022-12-26 11:49:57,517 ] 67 root - INFO - Data ingestion artifact: DataIngestionArtifact(feature_store_file_path='/config/workspace/artifact/12262022__114947/data_ingestion/feature_store/sensor.csv', train_file_path='/config/workspace/artifact/12262022__114947/data_ingestion/dataset/train.csv', test_file_path='/config/workspace/artifact/12262022__114947/data_ingestion/dataset/test.csv')
[ 2022-12-26 11:49:57,987 ] 22 root - INFO - >>>>>>>>>>>>>>>>>>>>>>>>>>>>>>>>>>>>>>>> Data Validation <<<<<<<<<<<<<<<<<<<<<<<<<<<<<<<<<<<<<<<<
[ 2022-12-26 11:49:57,987 ] 111 root - INFO - Reading base dataframe
[ 2022-12-26 11:50:01,048 ] 114 root - INFO - Replace na value in base df
[ 2022-12-26 11:50:01,048 ] 116 root - INFO - Drop null values colums from base df
[ 2022-12-26 11:50:02,068 ] 45 root - INFO - selecting column name which contains null above to 0.2
[ 2022-12-26 11:50:02,069 ] 48 root - INFO - Columns to drop: ['ab_000', 'ad_000', 'bk_000', 'bl_000', 'bm_000', 'bn_000', 'bo_000', 'bp_000', 'bq_000', 'br_000', 'cf_000', 'cg_000', 'ch_000', 'co_000', 'cr_000', 'ct_000', 'cu_000', 'cv_000', 'cx_000', 'cy_000', 'cz_000', 'da_000', 'db_000', 'dc_000']
[ 2022-12-26 11:50:02,197 ] 119 root - INFO - Reading train dataframe
[ 2022-12-26 11:50:02,592 ] 121 root - INFO - Reading test dataframe
[ 2022-12-26 11:50:02,697 ] 124 root - INFO - Drop null values colums from train df
[ 2022-12-26 11:50:02,709 ] 45 root - INFO - selecting column name which contains null above to 0.2
[ 2022-12-26 11:50:02,710 ] 48 root - INFO - Columns to drop: ['ab_000', 'ad_000', 'bk_000', 'bl_000', 'bm_000', 'bn_000', 'bo_000', 'bp_000', 'bq_000', 'br_000', 'cf_000', 'cg_000', 'ch_000', 'co_000', 'cr_000', 'ct_000', 'cu_000', 'cv_000', 'cx_000', 'cy_000', 'cz_000', 'da_000', 'db_000', 'dc_000']
[ 2022-12-26 11:50:02,719 ] 126 root - INFO - Drop null values colums from test df
[ 2022-12-26 11:50:02,723 ] 45 root - INFO - selecting column name which contains null above to 0.2
[ 2022-12-26 11:50:02,724 ] 48 root - INFO - Columns to drop: ['ab_000', 'ad_000', 'bk_000', 'bl_000', 'bm_000', 'bn_000', 'bo_000', 'bp_000', 'bq_000', 'br_000', 'cf_000', 'cg_000', 'ch_000', 'co_000', 'cr_000', 'ct_000', 'cu_000', 'cv_000', 'cx_000', 'cy_000', 'cz_000', 'da_000', 'db_000', 'dc_000']
[ 2022-12-26 11:50:09,096 ] 135 root - INFO - Is all required columns present in train df
[ 2022-12-26 11:50:09,096 ] 137 root - INFO - Is all required columns present in test df
[ 2022-12-26 11:50:09,096 ] 141 root - INFO - As all column are available in train df hence detecting data drift
[ 2022-12-26 11:50:09,097 ] 89 root - INFO - Hypothesis class: object, object 
[ 2022-12-26 11:50:09,230 ] 89 root - INFO - Hypothesis aa_000: float64, float64 
[ 2022-12-26 11:50:09,241 ] 89 root - INFO - Hypothesis ac_000: float64, float64 
[ 2022-12-26 11:50:09,250 ] 89 root - INFO - Hypothesis ae_000: float64, float64 
[ 2022-12-26 11:50:09,290 ] 89 root - INFO - Hypothesis af_000: float64, float64 
[ 2022-12-26 11:50:09,335 ] 89 root - INFO - Hypothesis ag_000: float64, float64 
[ 2022-12-26 11:50:09,374 ] 89 root - INFO - Hypothesis ag_001: float64, float64 
[ 2022-12-26 11:50:09,411 ] 89 root - INFO - Hypothesis ag_002: float64, float64 
[ 2022-12-26 11:50:09,448 ] 89 root - INFO - Hypothesis ag_003: float64, float64 
[ 2022-12-26 11:50:09,488 ] 89 root - INFO - Hypothesis ag_004: float64, float64 
[ 2022-12-26 11:50:09,532 ] 89 root - INFO - Hypothesis ag_005: float64, float64 
[ 2022-12-26 11:50:09,543 ] 89 root - INFO - Hypothesis ag_006: float64, float64 
[ 2022-12-26 11:50:09,554 ] 89 root - INFO - Hypothesis ag_007: float64, float64 
[ 2022-12-26 11:50:09,563 ] 89 root - INFO - Hypothesis ag_008: float64, float64 
[ 2022-12-26 11:50:09,572 ] 89 root - INFO - Hypothesis ag_009: float64, float64 
[ 2022-12-26 11:50:09,580 ] 89 root - INFO - Hypothesis ah_000: float64, float64 
[ 2022-12-26 11:50:09,592 ] 89 root - INFO - Hypothesis ai_000: float64, float64 
[ 2022-12-26 11:50:09,630 ] 89 root - INFO - Hypothesis aj_000: float64, float64 
[ 2022-12-26 11:50:09,674 ] 89 root - INFO - Hypothesis ak_000: float64, float64 
[ 2022-12-26 11:50:09,712 ] 89 root - INFO - Hypothesis al_000: float64, float64 
[ 2022-12-26 11:50:09,753 ] 89 root - INFO - Hypothesis am_0: float64, float64 
[ 2022-12-26 11:50:09,761 ] 89 root - INFO - Hypothesis an_000: float64, float64 
[ 2022-12-26 11:50:09,805 ] 89 root - INFO - Hypothesis ao_000: float64, float64 
[ 2022-12-26 11:50:09,817 ] 89 root - INFO - Hypothesis ap_000: float64, float64 
[ 2022-12-26 11:50:09,827 ] 89 root - INFO - Hypothesis aq_000: float64, float64 
[ 2022-12-26 11:50:09,871 ] 89 root - INFO - Hypothesis ar_000: float64, float64 
[ 2022-12-26 11:50:09,909 ] 89 root - INFO - Hypothesis as_000: float64, float64 
[ 2022-12-26 11:50:09,945 ] 89 root - INFO - Hypothesis at_000: float64, float64 
[ 2022-12-26 11:50:09,988 ] 89 root - INFO - Hypothesis au_000: float64, float64 
[ 2022-12-26 11:50:10,024 ] 89 root - INFO - Hypothesis av_000: float64, float64 
[ 2022-12-26 11:50:10,033 ] 89 root - INFO - Hypothesis ax_000: float64, float64 
[ 2022-12-26 11:50:10,076 ] 89 root - INFO - Hypothesis ay_000: float64, float64 
[ 2022-12-26 11:50:10,113 ] 89 root - INFO - Hypothesis ay_001: float64, float64 
[ 2022-12-26 11:50:10,152 ] 89 root - INFO - Hypothesis ay_002: float64, float64 
[ 2022-12-26 11:50:10,188 ] 89 root - INFO - Hypothesis ay_003: float64, float64 
[ 2022-12-26 11:50:10,225 ] 89 root - INFO - Hypothesis ay_004: float64, float64 
[ 2022-12-26 11:50:10,262 ] 89 root - INFO - Hypothesis ay_005: float64, float64 
[ 2022-12-26 11:50:10,270 ] 89 root - INFO - Hypothesis ay_006: float64, float64 
[ 2022-12-26 11:50:10,280 ] 89 root - INFO - Hypothesis ay_007: float64, float64 
[ 2022-12-26 11:50:10,290 ] 89 root - INFO - Hypothesis ay_008: float64, float64 
[ 2022-12-26 11:50:10,301 ] 89 root - INFO - Hypothesis ay_009: float64, float64 
[ 2022-12-26 11:50:10,336 ] 89 root - INFO - Hypothesis az_000: float64, float64 
[ 2022-12-26 11:50:10,346 ] 89 root - INFO - Hypothesis az_001: float64, float64 
[ 2022-12-26 11:50:10,389 ] 89 root - INFO - Hypothesis az_002: float64, float64 
[ 2022-12-26 11:50:10,399 ] 89 root - INFO - Hypothesis az_003: float64, float64 
[ 2022-12-26 11:50:10,442 ] 89 root - INFO - Hypothesis az_004: float64, float64 
[ 2022-12-26 11:50:10,453 ] 89 root - INFO - Hypothesis az_005: float64, float64 
[ 2022-12-26 11:50:10,464 ] 89 root - INFO - Hypothesis az_006: float64, float64 
[ 2022-12-26 11:50:10,473 ] 89 root - INFO - Hypothesis az_007: float64, float64 
[ 2022-12-26 11:50:10,512 ] 89 root - INFO - Hypothesis az_008: float64, float64 
[ 2022-12-26 11:50:10,549 ] 89 root - INFO - Hypothesis az_009: float64, float64 
[ 2022-12-26 11:50:10,586 ] 89 root - INFO - Hypothesis ba_000: float64, float64 
[ 2022-12-26 11:50:10,597 ] 89 root - INFO - Hypothesis ba_001: float64, float64 
[ 2022-12-26 11:50:10,608 ] 89 root - INFO - Hypothesis ba_002: float64, float64 
[ 2022-12-26 11:50:10,619 ] 89 root - INFO - Hypothesis ba_003: float64, float64 
[ 2022-12-26 11:50:10,629 ] 89 root - INFO - Hypothesis ba_004: float64, float64 
[ 2022-12-26 11:50:10,639 ] 89 root - INFO - Hypothesis ba_005: float64, float64 
[ 2022-12-26 11:50:10,649 ] 89 root - INFO - Hypothesis ba_006: float64, float64 
[ 2022-12-26 11:50:10,692 ] 89 root - INFO - Hypothesis ba_007: float64, float64 
[ 2022-12-26 11:50:10,703 ] 89 root - INFO - Hypothesis ba_008: float64, float64 
[ 2022-12-26 11:50:10,745 ] 89 root - INFO - Hypothesis ba_009: float64, float64 
[ 2022-12-26 11:50:10,785 ] 89 root - INFO - Hypothesis bb_000: float64, float64 
[ 2022-12-26 11:50:10,829 ] 89 root - INFO - Hypothesis bc_000: float64, float64 
[ 2022-12-26 11:50:10,837 ] 89 root - INFO - Hypothesis bd_000: float64, float64 
[ 2022-12-26 11:50:10,846 ] 89 root - INFO - Hypothesis be_000: float64, float64 
[ 2022-12-26 11:50:10,855 ] 89 root - INFO - Hypothesis bf_000: float64, float64 
[ 2022-12-26 11:50:10,862 ] 89 root - INFO - Hypothesis bg_000: float64, float64 
[ 2022-12-26 11:50:10,873 ] 89 root - INFO - Hypothesis bh_000: float64, float64 
[ 2022-12-26 11:50:10,916 ] 89 root - INFO - Hypothesis bi_000: float64, float64 
[ 2022-12-26 11:50:10,931 ] 89 root - INFO - Hypothesis bj_000: float64, float64 
[ 2022-12-26 11:50:10,975 ] 89 root - INFO - Hypothesis bs_000: float64, float64 
[ 2022-12-26 11:50:10,986 ] 89 root - INFO - Hypothesis bt_000: float64, float64 
[ 2022-12-26 11:50:10,997 ] 89 root - INFO - Hypothesis bu_000: float64, float64 
[ 2022-12-26 11:50:11,040 ] 89 root - INFO - Hypothesis bv_000: float64, float64 
[ 2022-12-26 11:50:11,085 ] 89 root - INFO - Hypothesis bx_000: float64, float64 
[ 2022-12-26 11:50:11,095 ] 89 root - INFO - Hypothesis by_000: float64, float64 
[ 2022-12-26 11:50:11,110 ] 89 root - INFO - Hypothesis bz_000: float64, float64 
[ 2022-12-26 11:50:11,120 ] 89 root - INFO - Hypothesis ca_000: float64, float64 
[ 2022-12-26 11:50:11,131 ] 89 root - INFO - Hypothesis cb_000: float64, float64 
[ 2022-12-26 11:50:11,175 ] 89 root - INFO - Hypothesis cc_000: float64, float64 
[ 2022-12-26 11:50:11,186 ] 89 root - INFO - Hypothesis cd_000: float64, float64 
[ 2022-12-26 11:50:11,222 ] 89 root - INFO - Hypothesis ce_000: float64, float64 
[ 2022-12-26 11:50:11,265 ] 89 root - INFO - Hypothesis ci_000: float64, float64 
[ 2022-12-26 11:50:11,276 ] 89 root - INFO - Hypothesis cj_000: float64, float64 
[ 2022-12-26 11:50:11,314 ] 89 root - INFO - Hypothesis ck_000: float64, float64 
[ 2022-12-26 11:50:11,358 ] 89 root - INFO - Hypothesis cl_000: float64, float64 
[ 2022-12-26 11:50:11,396 ] 89 root - INFO - Hypothesis cm_000: float64, float64 
[ 2022-12-26 11:50:11,436 ] 89 root - INFO - Hypothesis cn_000: float64, float64 
[ 2022-12-26 11:50:11,473 ] 89 root - INFO - Hypothesis cn_001: float64, float64 
[ 2022-12-26 11:50:11,512 ] 89 root - INFO - Hypothesis cn_002: float64, float64 
[ 2022-12-26 11:50:11,553 ] 89 root - INFO - Hypothesis cn_003: float64, float64 
[ 2022-12-26 11:50:11,564 ] 89 root - INFO - Hypothesis cn_004: float64, float64 
[ 2022-12-26 11:50:11,575 ] 89 root - INFO - Hypothesis cn_005: float64, float64 
[ 2022-12-26 11:50:11,586 ] 89 root - INFO - Hypothesis cn_006: float64, float64 
[ 2022-12-26 11:50:11,630 ] 89 root - INFO - Hypothesis cn_007: float64, float64 
[ 2022-12-26 11:50:11,640 ] 89 root - INFO - Hypothesis cn_008: float64, float64 
[ 2022-12-26 11:50:11,650 ] 89 root - INFO - Hypothesis cn_009: float64, float64 
[ 2022-12-26 11:50:11,658 ] 89 root - INFO - Hypothesis cp_000: float64, float64 
[ 2022-12-26 11:50:11,666 ] 89 root - INFO - Hypothesis cq_000: float64, float64 
[ 2022-12-26 11:50:11,709 ] 89 root - INFO - Hypothesis cs_000: float64, float64 
[ 2022-12-26 11:50:11,720 ] 89 root - INFO - Hypothesis cs_001: float64, float64 
[ 2022-12-26 11:50:11,729 ] 89 root - INFO - Hypothesis cs_002: float64, float64 
[ 2022-12-26 11:50:11,739 ] 89 root - INFO - Hypothesis cs_003: float64, float64 
[ 2022-12-26 11:50:11,783 ] 89 root - INFO - Hypothesis cs_004: float64, float64 
[ 2022-12-26 11:50:11,794 ] 89 root - INFO - Hypothesis cs_005: float64, float64 
[ 2022-12-26 11:50:11,805 ] 89 root - INFO - Hypothesis cs_006: float64, float64 
[ 2022-12-26 11:50:11,816 ] 89 root - INFO - Hypothesis cs_007: float64, float64 
[ 2022-12-26 11:50:11,827 ] 89 root - INFO - Hypothesis cs_008: float64, float64 
[ 2022-12-26 11:50:11,835 ] 89 root - INFO - Hypothesis cs_009: float64, float64 
[ 2022-12-26 11:50:11,873 ] 89 root - INFO - Hypothesis dd_000: float64, float64 
[ 2022-12-26 11:50:11,887 ] 89 root - INFO - Hypothesis de_000: float64, float64 
[ 2022-12-26 11:50:11,896 ] 89 root - INFO - Hypothesis df_000: float64, float64 
[ 2022-12-26 11:50:11,933 ] 89 root - INFO - Hypothesis dg_000: float64, float64 
[ 2022-12-26 11:50:11,970 ] 89 root - INFO - Hypothesis dh_000: float64, float64 
[ 2022-12-26 11:50:12,010 ] 89 root - INFO - Hypothesis di_000: float64, float64 
[ 2022-12-26 11:50:12,017 ] 89 root - INFO - Hypothesis dj_000: float64, float64 
[ 2022-12-26 11:50:12,055 ] 89 root - INFO - Hypothesis dk_000: float64, float64 
[ 2022-12-26 11:50:12,093 ] 89 root - INFO - Hypothesis dl_000: float64, float64 
[ 2022-12-26 11:50:12,131 ] 89 root - INFO - Hypothesis dm_000: float64, float64 
[ 2022-12-26 11:50:12,167 ] 89 root - INFO - Hypothesis dn_000: float64, float64 
[ 2022-12-26 11:50:12,210 ] 89 root - INFO - Hypothesis do_000: float64, float64 
[ 2022-12-26 11:50:12,220 ] 89 root - INFO - Hypothesis dp_000: float64, float64 
[ 2022-12-26 11:50:12,229 ] 89 root - INFO - Hypothesis dq_000: float64, float64 
[ 2022-12-26 11:50:12,236 ] 89 root - INFO - Hypothesis dr_000: float64, float64 
[ 2022-12-26 11:50:12,243 ] 89 root - INFO - Hypothesis ds_000: float64, float64 
[ 2022-12-26 11:50:12,253 ] 89 root - INFO - Hypothesis dt_000: float64, float64 
[ 2022-12-26 11:50:12,263 ] 89 root - INFO - Hypothesis du_000: float64, float64 
[ 2022-12-26 11:50:12,273 ] 89 root - INFO - Hypothesis dv_000: float64, float64 
[ 2022-12-26 11:50:12,284 ] 89 root - INFO - Hypothesis dx_000: float64, float64 
[ 2022-12-26 11:50:12,323 ] 89 root - INFO - Hypothesis dy_000: float64, float64 
[ 2022-12-26 11:50:12,330 ] 89 root - INFO - Hypothesis dz_000: float64, float64 
[ 2022-12-26 11:50:12,367 ] 89 root - INFO - Hypothesis ea_000: float64, float64 
[ 2022-12-26 11:50:12,404 ] 89 root - INFO - Hypothesis eb_000: float64, float64 
[ 2022-12-26 11:50:12,413 ] 89 root - INFO - Hypothesis ec_00: float64, float64 
[ 2022-12-26 11:50:12,456 ] 89 root - INFO - Hypothesis ed_000: float64, float64 
[ 2022-12-26 11:50:12,498 ] 89 root - INFO - Hypothesis ee_000: float64, float64 
[ 2022-12-26 11:50:12,509 ] 89 root - INFO - Hypothesis ee_001: float64, float64 
[ 2022-12-26 11:50:12,519 ] 89 root - INFO - Hypothesis ee_002: float64, float64 
[ 2022-12-26 11:50:12,530 ] 89 root - INFO - Hypothesis ee_003: float64, float64 
[ 2022-12-26 11:50:12,540 ] 89 root - INFO - Hypothesis ee_004: float64, float64 
[ 2022-12-26 11:50:12,551 ] 89 root - INFO - Hypothesis ee_005: float64, float64 
[ 2022-12-26 11:50:12,561 ] 89 root - INFO - Hypothesis ee_006: float64, float64 
[ 2022-12-26 11:50:12,572 ] 89 root - INFO - Hypothesis ee_007: float64, float64 
[ 2022-12-26 11:50:12,616 ] 89 root - INFO - Hypothesis ee_008: float64, float64 
[ 2022-12-26 11:50:12,658 ] 89 root - INFO - Hypothesis ee_009: float64, float64 
[ 2022-12-26 11:50:12,666 ] 89 root - INFO - Hypothesis ef_000: float64, float64 
[ 2022-12-26 11:50:12,703 ] 89 root - INFO - Hypothesis eg_000: float64, float64 
[ 2022-12-26 11:50:12,740 ] 144 root - INFO - As all column are available in test df hence detecting data drift
[ 2022-12-26 11:50:12,741 ] 89 root - INFO - Hypothesis class: object, object 
[ 2022-12-26 11:50:12,816 ] 89 root - INFO - Hypothesis aa_000: float64, float64 
[ 2022-12-26 11:50:12,824 ] 89 root - INFO - Hypothesis ac_000: float64, float64 
[ 2022-12-26 11:50:12,830 ] 89 root - INFO - Hypothesis ae_000: float64, float64 
[ 2022-12-26 11:50:12,834 ] 89 root - INFO - Hypothesis af_000: float64, float64 
[ 2022-12-26 11:50:12,837 ] 89 root - INFO - Hypothesis ag_000: float64, float64 
[ 2022-12-26 11:50:12,853 ] 89 root - INFO - Hypothesis ag_001: float64, float64 
[ 2022-12-26 11:50:12,868 ] 89 root - INFO - Hypothesis ag_002: float64, float64 
[ 2022-12-26 11:50:12,884 ] 89 root - INFO - Hypothesis ag_003: float64, float64 
[ 2022-12-26 11:50:12,888 ] 89 root - INFO - Hypothesis ag_004: float64, float64 
[ 2022-12-26 11:50:12,895 ] 89 root - INFO - Hypothesis ag_005: float64, float64 
[ 2022-12-26 11:50:12,902 ] 89 root - INFO - Hypothesis ag_006: float64, float64 
[ 2022-12-26 11:50:12,909 ] 89 root - INFO - Hypothesis ag_007: float64, float64 
[ 2022-12-26 11:50:12,916 ] 89 root - INFO - Hypothesis ag_008: float64, float64 
[ 2022-12-26 11:50:12,922 ] 89 root - INFO - Hypothesis ag_009: float64, float64 
[ 2022-12-26 11:50:12,927 ] 89 root - INFO - Hypothesis ah_000: float64, float64 
[ 2022-12-26 11:50:12,937 ] 89 root - INFO - Hypothesis ai_000: float64, float64 
[ 2022-12-26 11:50:12,957 ] 89 root - INFO - Hypothesis aj_000: float64, float64 
[ 2022-12-26 11:50:12,961 ] 89 root - INFO - Hypothesis ak_000: float64, float64 
[ 2022-12-26 11:50:12,965 ] 89 root - INFO - Hypothesis al_000: float64, float64 
[ 2022-12-26 11:50:12,970 ] 89 root - INFO - Hypothesis am_0: float64, float64 
[ 2022-12-26 11:50:12,976 ] 89 root - INFO - Hypothesis an_000: float64, float64 
[ 2022-12-26 11:50:12,983 ] 89 root - INFO - Hypothesis ao_000: float64, float64 
[ 2022-12-26 11:50:12,990 ] 89 root - INFO - Hypothesis ap_000: float64, float64 
[ 2022-12-26 11:50:12,998 ] 89 root - INFO - Hypothesis aq_000: float64, float64 
[ 2022-12-26 11:50:13,006 ] 89 root - INFO - Hypothesis ar_000: float64, float64 
[ 2022-12-26 11:50:13,009 ] 89 root - INFO - Hypothesis as_000: float64, float64 
[ 2022-12-26 11:50:13,025 ] 89 root - INFO - Hypothesis at_000: float64, float64 
[ 2022-12-26 11:50:13,029 ] 89 root - INFO - Hypothesis au_000: float64, float64 
[ 2022-12-26 11:50:13,045 ] 89 root - INFO - Hypothesis av_000: float64, float64 
[ 2022-12-26 11:50:13,051 ] 89 root - INFO - Hypothesis ax_000: float64, float64 
[ 2022-12-26 11:50:13,057 ] 89 root - INFO - Hypothesis ay_000: float64, float64 
[ 2022-12-26 11:50:13,074 ] 89 root - INFO - Hypothesis ay_001: float64, float64 
[ 2022-12-26 11:50:13,090 ] 89 root - INFO - Hypothesis ay_002: float64, float64 
[ 2022-12-26 11:50:13,105 ] 89 root - INFO - Hypothesis ay_003: float64, float64 
[ 2022-12-26 11:50:13,122 ] 89 root - INFO - Hypothesis ay_004: float64, float64 
[ 2022-12-26 11:50:13,138 ] 89 root - INFO - Hypothesis ay_005: float64, float64 
[ 2022-12-26 11:50:13,144 ] 89 root - INFO - Hypothesis ay_006: float64, float64 
[ 2022-12-26 11:50:13,150 ] 89 root - INFO - Hypothesis ay_007: float64, float64 
[ 2022-12-26 11:50:13,157 ] 89 root - INFO - Hypothesis ay_008: float64, float64 
[ 2022-12-26 11:50:13,163 ] 89 root - INFO - Hypothesis ay_009: float64, float64 
[ 2022-12-26 11:50:13,179 ] 89 root - INFO - Hypothesis az_000: float64, float64 
[ 2022-12-26 11:50:13,186 ] 89 root - INFO - Hypothesis az_001: float64, float64 
[ 2022-12-26 11:50:13,192 ] 89 root - INFO - Hypothesis az_002: float64, float64 
[ 2022-12-26 11:50:13,199 ] 89 root - INFO - Hypothesis az_003: float64, float64 
[ 2022-12-26 11:50:13,205 ] 89 root - INFO - Hypothesis az_004: float64, float64 
[ 2022-12-26 11:50:13,212 ] 89 root - INFO - Hypothesis az_005: float64, float64 
[ 2022-12-26 11:50:13,219 ] 89 root - INFO - Hypothesis az_006: float64, float64 
[ 2022-12-26 11:50:13,226 ] 89 root - INFO - Hypothesis az_007: float64, float64 
[ 2022-12-26 11:50:13,230 ] 89 root - INFO - Hypothesis az_008: float64, float64 
[ 2022-12-26 11:50:13,246 ] 89 root - INFO - Hypothesis az_009: float64, float64 
[ 2022-12-26 11:50:13,261 ] 89 root - INFO - Hypothesis ba_000: float64, float64 
[ 2022-12-26 11:50:13,269 ] 89 root - INFO - Hypothesis ba_001: float64, float64 
[ 2022-12-26 11:50:13,276 ] 89 root - INFO - Hypothesis ba_002: float64, float64 
[ 2022-12-26 11:50:13,283 ] 89 root - INFO - Hypothesis ba_003: float64, float64 
[ 2022-12-26 11:50:13,290 ] 89 root - INFO - Hypothesis ba_004: float64, float64 
[ 2022-12-26 11:50:13,297 ] 89 root - INFO - Hypothesis ba_005: float64, float64 
[ 2022-12-26 11:50:13,304 ] 89 root - INFO - Hypothesis ba_006: float64, float64 
[ 2022-12-26 11:50:13,311 ] 89 root - INFO - Hypothesis ba_007: float64, float64 
[ 2022-12-26 11:50:13,318 ] 89 root - INFO - Hypothesis ba_008: float64, float64 
[ 2022-12-26 11:50:13,323 ] 89 root - INFO - Hypothesis ba_009: float64, float64 
[ 2022-12-26 11:50:13,328 ] 89 root - INFO - Hypothesis bb_000: float64, float64 
[ 2022-12-26 11:50:13,335 ] 89 root - INFO - Hypothesis bc_000: float64, float64 
[ 2022-12-26 11:50:13,341 ] 89 root - INFO - Hypothesis bd_000: float64, float64 
[ 2022-12-26 11:50:13,347 ] 89 root - INFO - Hypothesis be_000: float64, float64 
[ 2022-12-26 11:50:13,353 ] 89 root - INFO - Hypothesis bf_000: float64, float64 
[ 2022-12-26 11:50:13,358 ] 89 root - INFO - Hypothesis bg_000: float64, float64 
[ 2022-12-26 11:50:13,365 ] 89 root - INFO - Hypothesis bh_000: float64, float64 
[ 2022-12-26 11:50:13,372 ] 89 root - INFO - Hypothesis bi_000: float64, float64 
[ 2022-12-26 11:50:13,379 ] 89 root - INFO - Hypothesis bj_000: float64, float64 
[ 2022-12-26 11:50:13,386 ] 89 root - INFO - Hypothesis bs_000: float64, float64 
[ 2022-12-26 11:50:13,393 ] 89 root - INFO - Hypothesis bt_000: float64, float64 
[ 2022-12-26 11:50:13,401 ] 89 root - INFO - Hypothesis bu_000: float64, float64 
[ 2022-12-26 11:50:13,408 ] 89 root - INFO - Hypothesis bv_000: float64, float64 
[ 2022-12-26 11:50:13,415 ] 89 root - INFO - Hypothesis bx_000: float64, float64 
[ 2022-12-26 11:50:13,422 ] 89 root - INFO - Hypothesis by_000: float64, float64 
[ 2022-12-26 11:50:13,429 ] 89 root - INFO - Hypothesis bz_000: float64, float64 
[ 2022-12-26 11:50:13,435 ] 89 root - INFO - Hypothesis ca_000: float64, float64 
[ 2022-12-26 11:50:13,442 ] 89 root - INFO - Hypothesis cb_000: float64, float64 
[ 2022-12-26 11:50:13,449 ] 89 root - INFO - Hypothesis cc_000: float64, float64 
[ 2022-12-26 11:50:13,456 ] 89 root - INFO - Hypothesis cd_000: float64, float64 
[ 2022-12-26 11:50:13,471 ] 89 root - INFO - Hypothesis ce_000: float64, float64 
[ 2022-12-26 11:50:13,478 ] 89 root - INFO - Hypothesis ci_000: float64, float64 
[ 2022-12-26 11:50:13,485 ] 89 root - INFO - Hypothesis cj_000: float64, float64 
[ 2022-12-26 11:50:13,489 ] 89 root - INFO - Hypothesis ck_000: float64, float64 
[ 2022-12-26 11:50:13,496 ] 89 root - INFO - Hypothesis cl_000: float64, float64 
[ 2022-12-26 11:50:13,501 ] 89 root - INFO - Hypothesis cm_000: float64, float64 
[ 2022-12-26 11:50:13,506 ] 89 root - INFO - Hypothesis cn_000: float64, float64 
[ 2022-12-26 11:50:13,521 ] 89 root - INFO - Hypothesis cn_001: float64, float64 
[ 2022-12-26 11:50:13,525 ] 89 root - INFO - Hypothesis cn_002: float64, float64 
[ 2022-12-26 11:50:13,530 ] 89 root - INFO - Hypothesis cn_003: float64, float64 
[ 2022-12-26 11:50:13,537 ] 89 root - INFO - Hypothesis cn_004: float64, float64 
[ 2022-12-26 11:50:13,544 ] 89 root - INFO - Hypothesis cn_005: float64, float64 
[ 2022-12-26 11:50:13,551 ] 89 root - INFO - Hypothesis cn_006: float64, float64 
[ 2022-12-26 11:50:13,558 ] 89 root - INFO - Hypothesis cn_007: float64, float64 
[ 2022-12-26 11:50:13,565 ] 89 root - INFO - Hypothesis cn_008: float64, float64 
[ 2022-12-26 11:50:13,571 ] 89 root - INFO - Hypothesis cn_009: float64, float64 
[ 2022-12-26 11:50:13,576 ] 89 root - INFO - Hypothesis cp_000: float64, float64 
[ 2022-12-26 11:50:13,582 ] 89 root - INFO - Hypothesis cq_000: float64, float64 
[ 2022-12-26 11:50:13,589 ] 89 root - INFO - Hypothesis cs_000: float64, float64 
[ 2022-12-26 11:50:13,596 ] 89 root - INFO - Hypothesis cs_001: float64, float64 
[ 2022-12-26 11:50:13,602 ] 89 root - INFO - Hypothesis cs_002: float64, float64 
[ 2022-12-26 11:50:13,609 ] 89 root - INFO - Hypothesis cs_003: float64, float64 
[ 2022-12-26 11:50:13,616 ] 89 root - INFO - Hypothesis cs_004: float64, float64 
[ 2022-12-26 11:50:13,623 ] 89 root - INFO - Hypothesis cs_005: float64, float64 
[ 2022-12-26 11:50:13,630 ] 89 root - INFO - Hypothesis cs_006: float64, float64 
[ 2022-12-26 11:50:13,637 ] 89 root - INFO - Hypothesis cs_007: float64, float64 
[ 2022-12-26 11:50:13,644 ] 89 root - INFO - Hypothesis cs_008: float64, float64 
[ 2022-12-26 11:50:13,649 ] 89 root - INFO - Hypothesis cs_009: float64, float64 
[ 2022-12-26 11:50:13,665 ] 89 root - INFO - Hypothesis dd_000: float64, float64 
[ 2022-12-26 11:50:13,671 ] 89 root - INFO - Hypothesis de_000: float64, float64 
[ 2022-12-26 11:50:13,677 ] 89 root - INFO - Hypothesis df_000: float64, float64 
[ 2022-12-26 11:50:13,693 ] 89 root - INFO - Hypothesis dg_000: float64, float64 
[ 2022-12-26 11:50:13,696 ] 89 root - INFO - Hypothesis dh_000: float64, float64 
[ 2022-12-26 11:50:13,700 ] 89 root - INFO - Hypothesis di_000: float64, float64 
[ 2022-12-26 11:50:13,704 ] 89 root - INFO - Hypothesis dj_000: float64, float64 
[ 2022-12-26 11:50:13,720 ] 89 root - INFO - Hypothesis dk_000: float64, float64 
[ 2022-12-26 11:50:13,723 ] 89 root - INFO - Hypothesis dl_000: float64, float64 
[ 2022-12-26 11:50:13,727 ] 89 root - INFO - Hypothesis dm_000: float64, float64 
[ 2022-12-26 11:50:13,731 ] 89 root - INFO - Hypothesis dn_000: float64, float64 
[ 2022-12-26 11:50:13,738 ] 89 root - INFO - Hypothesis do_000: float64, float64 
[ 2022-12-26 11:50:13,744 ] 89 root - INFO - Hypothesis dp_000: float64, float64 
[ 2022-12-26 11:50:13,750 ] 89 root - INFO - Hypothesis dq_000: float64, float64 
[ 2022-12-26 11:50:13,755 ] 89 root - INFO - Hypothesis dr_000: float64, float64 
[ 2022-12-26 11:50:13,759 ] 89 root - INFO - Hypothesis ds_000: float64, float64 
[ 2022-12-26 11:50:13,766 ] 89 root - INFO - Hypothesis dt_000: float64, float64 
[ 2022-12-26 11:50:13,773 ] 89 root - INFO - Hypothesis du_000: float64, float64 
[ 2022-12-26 11:50:13,780 ] 89 root - INFO - Hypothesis dv_000: float64, float64 
[ 2022-12-26 11:50:13,787 ] 89 root - INFO - Hypothesis dx_000: float64, float64 
[ 2022-12-26 11:50:13,793 ] 89 root - INFO - Hypothesis dy_000: float64, float64 
[ 2022-12-26 11:50:13,798 ] 89 root - INFO - Hypothesis dz_000: float64, float64 
[ 2022-12-26 11:50:13,801 ] 89 root - INFO - Hypothesis ea_000: float64, float64 
[ 2022-12-26 11:50:13,805 ] 89 root - INFO - Hypothesis eb_000: float64, float64 
[ 2022-12-26 11:50:13,811 ] 89 root - INFO - Hypothesis ec_00: float64, float64 
[ 2022-12-26 11:50:13,818 ] 89 root - INFO - Hypothesis ed_000: float64, float64 
[ 2022-12-26 11:50:13,824 ] 89 root - INFO - Hypothesis ee_000: float64, float64 
[ 2022-12-26 11:50:13,831 ] 89 root - INFO - Hypothesis ee_001: float64, float64 
[ 2022-12-26 11:50:13,839 ] 89 root - INFO - Hypothesis ee_002: float64, float64 
[ 2022-12-26 11:50:13,846 ] 89 root - INFO - Hypothesis ee_003: float64, float64 
[ 2022-12-26 11:50:13,853 ] 89 root - INFO - Hypothesis ee_004: float64, float64 
[ 2022-12-26 11:50:13,860 ] 89 root - INFO - Hypothesis ee_005: float64, float64 
[ 2022-12-26 11:50:13,867 ] 89 root - INFO - Hypothesis ee_006: float64, float64 
[ 2022-12-26 11:50:13,873 ] 89 root - INFO - Hypothesis ee_007: float64, float64 
[ 2022-12-26 11:50:13,880 ] 89 root - INFO - Hypothesis ee_008: float64, float64 
[ 2022-12-26 11:50:13,886 ] 89 root - INFO - Hypothesis ee_009: float64, float64 
[ 2022-12-26 11:50:13,891 ] 89 root - INFO - Hypothesis ef_000: float64, float64 
[ 2022-12-26 11:50:13,895 ] 89 root - INFO - Hypothesis eg_000: float64, float64 
[ 2022-12-26 11:50:13,898 ] 148 root - INFO - Write reprt in yaml file
[ 2022-12-26 11:50:13,969 ] 153 root - INFO - Data validation artifact: DataValidationArtifact(report_file_path='/config/workspace/artifact/12262022__114947/data_validation/report.yaml')
[ 2022-12-26 11:50:13,971 ] 24 root - INFO - >>>>>>>>>>>>>>>>>>>>>>>>>>>>>>>>>>>>>>>> Data Transformation <<<<<<<<<<<<<<<<<<<<<<<<<<<<<<<<<<<<<<<<
[ 2022-12-26 11:50:14,916 ] 75 root - INFO - Before resampling in training set Input: (28950, 170) Target:(28950,)
[ 2022-12-26 11:50:21,232 ] 77 root - INFO - After resampling in training set Input: (56262, 170) Target:(56262,)
[ 2022-12-26 11:50:21,233 ] 79 root - INFO - Before resampling in testing set Input: (7238, 170) Target:(7238,)
[ 2022-12-26 11:50:22,059 ] 81 root - INFO - After resampling in testing set Input: (13990, 170) Target:(13990,)
[ 2022-12-26 11:50:22,180 ] 57 root - INFO - Entered the save_object method of utils
[ 2022-12-26 11:50:22,184 ] 61 root - INFO - Exited the save_object method of utils
[ 2022-12-26 11:50:22,184 ] 57 root - INFO - Entered the save_object method of utils
[ 2022-12-26 11:50:22,184 ] 61 root - INFO - Exited the save_object method of utils
[ 2022-12-26 11:50:22,184 ] 112 root - INFO - Data transformation object DataTransformationArtifact(transform_object_path='/config/workspace/artifact/12262022__114947/data_transformation/transformer/transformer.pkl', transformed_train_path='/config/workspace/artifact/12262022__114947/data_transformation/transformed/train.npz', transformed_test_path='/config/workspace/artifact/12262022__114947/data_transformation/transformed/test.npz', target_encoder_path='/config/workspace/artifact/12262022__114947/data_transformation/target_encoder/target_encoder.pkl')
[ 2022-12-26 11:50:22,186 ] 18 root - INFO - >>>>>>>>>>>>>>>>>>>>>>>>>>>>>>>>>>>>>>>> Model Trainer <<<<<<<<<<<<<<<<<<<<<<<<<<<<<<<<<<<<<<<<
[ 2022-12-26 11:50:22,186 ] 45 root - INFO - Loading train and test array.
[ 2022-12-26 11:50:22,218 ] 49 root - INFO - Splitting input and target feature from both train and test arr.
[ 2022-12-26 11:50:22,218 ] 53 root - INFO - Train the model
[ 2022-12-26 11:50:34,333 ] 56 root - INFO - Calculating f1 train score
[ 2022-12-26 11:50:34,381 ] 60 root - INFO - Calculating f1 test score
[ 2022-12-26 11:50:34,397 ] 64 root - INFO - train score:0.9999822256980857 and tests score 0.977442518314354
[ 2022-12-26 11:50:34,397 ] 66 root - INFO - Checking if our model is underfitting or not
[ 2022-12-26 11:50:34,397 ] 71 root - INFO - Checking if our model is overfiiting or not
[ 2022-12-26 11:50:34,397 ] 78 root - INFO - Saving mode object
[ 2022-12-26 11:50:34,397 ] 57 root - INFO - Entered the save_object method of utils
[ 2022-12-26 11:50:34,403 ] 61 root - INFO - Exited the save_object method of utils
[ 2022-12-26 11:50:34,403 ] 82 root - INFO - Prepare the artifact
[ 2022-12-26 11:50:34,403 ] 85 root - INFO - Model trainer artifact: ModelTrainerArtifact(model_path='/config/workspace/artifact/12262022__114947/model_trainer/model/model.pkl', f1_train_score=0.9999822256980857, f1_test_score=0.977442518314354)
[ 2022-12-26 11:50:34,405 ] 19 root - INFO - >>>>>>>>>>>>>>>>>>>>>>>>>>>>>>>>>>>>>>>>  Model Evaluation <<<<<<<<<<<<<<<<<<<<<<<<<<<<<<<<<<<<<<<<
[ 2022-12-26 11:50:34,406 ] 35 root - INFO - if saved model folder has model the we will compare which model is best trained or the model from saved model folder
[ 2022-12-26 11:50:34,406 ] 41 root - INFO - Model evaluation artifact: ModelEvaluationArtifact(is_model_accepted=True, improved_accuracy=None)
